{"/home/ajk/SnagrAI/v0-findr-landing-page/app/layout.tsx": {"path":"/home/ajk/SnagrAI/v0-findr-landing-page/app/layout.tsx","statementMap":{"0":{"start":{"line":17,"column":24},"end":{"line":17,"column":35}},"1":{"start":{"line":11,"column":13},"end":{"line":11,"column":21}},"2":{"start":{"line":2,"column":7},"end":{"line":2,"column":null}},"3":{"start":{"line":4,"column":22},"end":{"line":4,"column":null}},"4":{"start":{"line":5,"column":19},"end":{"line":5,"column":null}},"5":{"start":{"line":6,"column":29},"end":{"line":6,"column":null}},"6":{"start":{"line":7,"column":24},"end":{"line":7,"column":null}},"7":{"start":{"line":9,"column":14},"end":{"line":9,"column":null}},"8":{"start":{"line":11,"column":34},"end":{"line":15,"column":null}}},"fnMap":{"0":{"name":"RootLayout","decl":{"start":{"line":17,"column":24},"end":{"line":17,"column":35}},"loc":{"start":{"line":21,"column":2},"end":{"line":33,"column":1}}}},"branchMap":{},"s":{"0":0,"1":0,"2":0,"3":0,"4":0,"5":0,"6":0,"7":0,"8":0},"f":{"0":0},"b":{}}
,"/home/ajk/SnagrAI/v0-findr-landing-page/app/loading.tsx": {"path":"/home/ajk/SnagrAI/v0-findr-landing-page/app/loading.tsx","statementMap":{"0":{"start":{"line":1,"column":24},"end":{"line":1,"column":null}},"1":{"start":{"line":2,"column":2},"end":{"line":2,"column":null}}},"fnMap":{"0":{"name":"Loading","decl":{"start":{"line":1,"column":24},"end":{"line":1,"column":null}},"loc":{"start":{"line":1,"column":24},"end":{"line":3,"column":null}}}},"branchMap":{},"s":{"0":0,"1":0},"f":{"0":0},"b":{}}
,"/home/ajk/SnagrAI/v0-findr-landing-page/app/page.tsx": {"path":"/home/ajk/SnagrAI/v0-findr-landing-page/app/page.tsx","statementMap":{"0":{"start":{"line":7,"column":24},"end":{"line":7,"column":null}},"1":{"start":{"line":3,"column":26},"end":{"line":3,"column":null}},"2":{"start":{"line":5,"column":17},"end":{"line":5,"column":null}},"3":{"start":{"line":8,"column":17},"end":{"line":8,"column":null}},"4":{"start":{"line":39,"column":37},"end":{"line":39,"column":null}},"5":{"start":{"line":47,"column":37},"end":{"line":47,"column":null}}},"fnMap":{"0":{"name":"Home","decl":{"start":{"line":7,"column":24},"end":{"line":7,"column":null}},"loc":{"start":{"line":7,"column":24},"end":{"line":182,"column":null}}},"1":{"name":"(anonymous_3)","decl":{"start":{"line":39,"column":31},"end":{"line":39,"column":37}},"loc":{"start":{"line":39,"column":37},"end":{"line":39,"column":null}}},"2":{"name":"(anonymous_4)","decl":{"start":{"line":47,"column":31},"end":{"line":47,"column":37}},"loc":{"start":{"line":47,"column":37},"end":{"line":47,"column":null}}}},"branchMap":{},"s":{"0":0,"1":0,"2":0,"3":0,"4":0,"5":0},"f":{"0":0,"1":0,"2":0},"b":{}}
,"/home/ajk/SnagrAI/v0-findr-landing-page/app/admin/layout.tsx": {"path":"/home/ajk/SnagrAI/v0-findr-landing-page/app/admin/layout.tsx","statementMap":{"0":{"start":{"line":10,"column":30},"end":{"line":10,"column":42}},"1":{"start":{"line":5,"column":13},"end":{"line":5,"column":21}},"2":{"start":{"line":2,"column":25},"end":{"line":2,"column":null}},"3":{"start":{"line":3,"column":35},"end":{"line":3,"column":null}},"4":{"start":{"line":5,"column":34},"end":{"line":8,"column":null}},"5":{"start":{"line":16,"column":19},"end":{"line":16,"column":null}},"6":{"start":{"line":19,"column":32},"end":{"line":19,"column":null}},"7":{"start":{"line":22,"column":2},"end":{"line":24,"column":null}},"8":{"start":{"line":23,"column":4},"end":{"line":23,"column":null}},"9":{"start":{"line":27,"column":29},"end":{"line":31,"column":null}},"10":{"start":{"line":34,"column":2},"end":{"line":36,"column":null}},"11":{"start":{"line":35,"column":4},"end":{"line":35,"column":null}}},"fnMap":{"0":{"name":"AdminLayout","decl":{"start":{"line":10,"column":30},"end":{"line":10,"column":42}},"loc":{"start":{"line":14,"column":1},"end":{"line":71,"column":1}}}},"branchMap":{"0":{"loc":{"start":{"line":22,"column":2},"end":{"line":24,"column":null}},"type":"if","locations":[{"start":{"line":22,"column":2},"end":{"line":24,"column":null}}]},"1":{"loc":{"start":{"line":34,"column":2},"end":{"line":36,"column":null}},"type":"if","locations":[{"start":{"line":34,"column":2},"end":{"line":36,"column":null}}]},"2":{"loc":{"start":{"line":34,"column":6},"end":{"line":34,"column":46}},"type":"binary-expr","locations":[{"start":{"line":34,"column":6},"end":{"line":34,"column":19}},{"start":{"line":34,"column":19},"end":{"line":34,"column":46}}]}},"s":{"0":0,"1":0,"2":0,"3":0,"4":0,"5":0,"6":0,"7":0,"8":0,"9":0,"10":0,"11":0},"f":{"0":0},"b":{"0":[0],"1":[0],"2":[0,0]}}
,"/home/ajk/SnagrAI/v0-findr-landing-page/app/admin/page.tsx": {"path":"/home/ajk/SnagrAI/v0-findr-landing-page/app/admin/page.tsx","statementMap":{"0":{"start":{"line":5,"column":30},"end":{"line":5,"column":null}},"1":{"start":{"line":1,"column":74},"end":{"line":1,"column":null}},"2":{"start":{"line":3,"column":35},"end":{"line":3,"column":null}},"3":{"start":{"line":7,"column":19},"end":{"line":7,"column":null}},"4":{"start":{"line":14,"column":6},"end":{"line":18,"column":null}}},"fnMap":{"0":{"name":"AdminDashboard","decl":{"start":{"line":5,"column":30},"end":{"line":5,"column":null}},"loc":{"start":{"line":5,"column":30},"end":{"line":111,"column":null}}}},"branchMap":{"0":{"loc":{"start":{"line":30,"column":49},"end":{"line":30,"column":null}},"type":"binary-expr","locations":[{"start":{"line":30,"column":49},"end":{"line":30,"column":63}},{"start":{"line":30,"column":63},"end":{"line":30,"column":null}}]},"1":{"loc":{"start":{"line":38,"column":49},"end":{"line":38,"column":null}},"type":"binary-expr","locations":[{"start":{"line":38,"column":49},"end":{"line":38,"column":66}},{"start":{"line":38,"column":66},"end":{"line":38,"column":null}}]},"2":{"loc":{"start":{"line":46,"column":49},"end":{"line":46,"column":null}},"type":"binary-expr","locations":[{"start":{"line":46,"column":49},"end":{"line":46,"column":65}},{"start":{"line":46,"column":65},"end":{"line":46,"column":null}}]},"3":{"loc":{"start":{"line":96,"column":19},"end":{"line":96,"column":null}},"type":"cond-expr","locations":[{"start":{"line":96,"column":52},"end":{"line":96,"column":67}},{"start":{"line":96,"column":67},"end":{"line":96,"column":null}}]},"4":{"loc":{"start":{"line":102,"column":19},"end":{"line":102,"column":null}},"type":"cond-expr","locations":[{"start":{"line":102,"column":51},"end":{"line":102,"column":66}},{"start":{"line":102,"column":66},"end":{"line":102,"column":null}}]}},"s":{"0":0,"1":0,"2":0,"3":0,"4":0},"f":{"0":0},"b":{"0":[0,0],"1":[0,0],"2":[0,0],"3":[0,0],"4":[0,0]}}
,"/home/ajk/SnagrAI/v0-findr-landing-page/app/admin/brightdata/page.tsx": {"path":"/home/ajk/SnagrAI/v0-findr-landing-page/app/admin/brightdata/page.tsx","statementMap":{"0":{"start":{"line":22,"column":24},"end":{"line":22,"column":null}},"1":{"start":{"line":3,"column":36},"end":{"line":3,"column":null}},"2":{"start":{"line":4,"column":23},"end":{"line":4,"column":null}},"3":{"start":{"line":5,"column":86},"end":{"line":5,"column":null}},"4":{"start":{"line":6,"column":22},"end":{"line":6,"column":null}},"5":{"start":{"line":7,"column":22},"end":{"line":7,"column":null}},"6":{"start":{"line":8,"column":26},"end":{"line":8,"column":null}},"7":{"start":{"line":9,"column":57},"end":{"line":9,"column":null}},"8":{"start":{"line":10,"column":52},"end":{"line":10,"column":null}},"9":{"start":{"line":11,"column":22},"end":{"line":11,"column":null}},"10":{"start":{"line":12,"column":61},"end":{"line":12,"column":null}},"11":{"start":{"line":13,"column":22},"end":{"line":13,"column":null}},"12":{"start":{"line":23,"column":32},"end":{"line":23,"column":null}},"13":{"start":{"line":24,"column":44},"end":{"line":24,"column":null}},"14":{"start":{"line":25,"column":32},"end":{"line":25,"column":null}},"15":{"start":{"line":26,"column":40},"end":{"line":26,"column":null}},"16":{"start":{"line":27,"column":40},"end":{"line":27,"column":null}},"17":{"start":{"line":28,"column":36},"end":{"line":28,"column":null}},"18":{"start":{"line":29,"column":42},"end":{"line":29,"column":null}},"19":{"start":{"line":30,"column":28},"end":{"line":30,"column":null}},"20":{"start":{"line":33,"column":2},"end":{"line":35,"column":null}},"21":{"start":{"line":34,"column":4},"end":{"line":34,"column":null}},"22":{"start":{"line":38,"column":22},"end":{"line":61,"column":null}},"23":{"start":{"line":39,"column":4},"end":{"line":60,"column":null}},"24":{"start":{"line":40,"column":6},"end":{"line":40,"column":null}},"25":{"start":{"line":41,"column":6},"end":{"line":41,"column":null}},"26":{"start":{"line":43,"column":23},"end":{"line":43,"column":null}},"27":{"start":{"line":45,"column":6},"end":{"line":48,"column":null}},"28":{"start":{"line":46,"column":26},"end":{"line":46,"column":null}},"29":{"start":{"line":47,"column":8},"end":{"line":47,"column":null}},"30":{"start":{"line":50,"column":19},"end":{"line":50,"column":null}},"31":{"start":{"line":52,"column":6},"end":{"line":54,"column":null}},"32":{"start":{"line":53,"column":8},"end":{"line":53,"column":null}},"33":{"start":{"line":56,"column":6},"end":{"line":56,"column":null}},"34":{"start":{"line":58,"column":6},"end":{"line":58,"column":null}},"35":{"start":{"line":59,"column":6},"end":{"line":59,"column":null}},"36":{"start":{"line":64,"column":33},"end":{"line":90,"column":null}},"37":{"start":{"line":65,"column":4},"end":{"line":89,"column":null}},"38":{"start":{"line":66,"column":6},"end":{"line":66,"column":null}},"39":{"start":{"line":67,"column":6},"end":{"line":67,"column":null}},"40":{"start":{"line":69,"column":23},"end":{"line":74,"column":null}},"41":{"start":{"line":76,"column":6},"end":{"line":79,"column":null}},"42":{"start":{"line":77,"column":26},"end":{"line":77,"column":null}},"43":{"start":{"line":78,"column":8},"end":{"line":78,"column":null}},"44":{"start":{"line":81,"column":19},"end":{"line":81,"column":null}},"45":{"start":{"line":83,"column":6},"end":{"line":83,"column":null}},"46":{"start":{"line":84,"column":6},"end":{"line":84,"column":null}},"47":{"start":{"line":86,"column":6},"end":{"line":86,"column":null}},"48":{"start":{"line":87,"column":6},"end":{"line":87,"column":null}},"49":{"start":{"line":88,"column":6},"end":{"line":88,"column":null}},"50":{"start":{"line":93,"column":24},"end":{"line":122,"column":null}},"51":{"start":{"line":94,"column":4},"end":{"line":121,"column":null}},"52":{"start":{"line":95,"column":6},"end":{"line":95,"column":null}},"53":{"start":{"line":96,"column":6},"end":{"line":96,"column":null}},"54":{"start":{"line":97,"column":6},"end":{"line":97,"column":null}},"55":{"start":{"line":99,"column":23},"end":{"line":105,"column":null}},"56":{"start":{"line":107,"column":6},"end":{"line":110,"column":null}},"57":{"start":{"line":108,"column":26},"end":{"line":108,"column":null}},"58":{"start":{"line":109,"column":8},"end":{"line":109,"column":null}},"59":{"start":{"line":112,"column":19},"end":{"line":112,"column":null}},"60":{"start":{"line":114,"column":6},"end":{"line":114,"column":null}},"61":{"start":{"line":115,"column":6},"end":{"line":115,"column":null}},"62":{"start":{"line":116,"column":6},"end":{"line":116,"column":null}},"63":{"start":{"line":118,"column":6},"end":{"line":118,"column":null}},"64":{"start":{"line":119,"column":6},"end":{"line":119,"column":null}},"65":{"start":{"line":120,"column":6},"end":{"line":120,"column":null}},"66":{"start":{"line":125,"column":25},"end":{"line":149,"column":null}},"67":{"start":{"line":126,"column":4},"end":{"line":148,"column":null}},"68":{"start":{"line":127,"column":6},"end":{"line":127,"column":null}},"69":{"start":{"line":128,"column":6},"end":{"line":128,"column":null}},"70":{"start":{"line":130,"column":23},"end":{"line":130,"column":null}},"71":{"start":{"line":132,"column":6},"end":{"line":135,"column":null}},"72":{"start":{"line":133,"column":26},"end":{"line":133,"column":null}},"73":{"start":{"line":134,"column":8},"end":{"line":134,"column":null}},"74":{"start":{"line":137,"column":19},"end":{"line":137,"column":null}},"75":{"start":{"line":139,"column":6},"end":{"line":141,"column":null}},"76":{"start":{"line":140,"column":8},"end":{"line":140,"column":null}},"77":{"start":{"line":142,"column":6},"end":{"line":142,"column":null}},"78":{"start":{"line":143,"column":6},"end":{"line":143,"column":null}},"79":{"start":{"line":145,"column":6},"end":{"line":145,"column":null}},"80":{"start":{"line":146,"column":6},"end":{"line":146,"column":null}},"81":{"start":{"line":147,"column":6},"end":{"line":147,"column":null}},"82":{"start":{"line":289,"column":24},"end":{"line":289,"column":null}},"83":{"start":{"line":290,"column":24},"end":{"line":290,"column":null}},"84":{"start":{"line":308,"column":22},"end":{"line":308,"column":null}},"85":{"start":{"line":309,"column":22},"end":{"line":309,"column":null}},"86":{"start":{"line":335,"column":37},"end":{"line":335,"column":null}}},"fnMap":{"0":{"name":"BrightDataAdminPage","decl":{"start":{"line":22,"column":24},"end":{"line":22,"column":null}},"loc":{"start":{"line":22,"column":24},"end":{"line":427,"column":null}}},"1":{"name":"(anonymous_2)","decl":{"start":{"line":33,"column":12},"end":{"line":33,"column":null}},"loc":{"start":{"line":33,"column":12},"end":{"line":35,"column":5}}},"2":{"name":"(anonymous_3)","decl":{"start":{"line":38,"column":22},"end":{"line":38,"column":null}},"loc":{"start":{"line":38,"column":22},"end":{"line":61,"column":null}}},"3":{"name":"(anonymous_4)","decl":{"start":{"line":64,"column":33},"end":{"line":64,"column":null}},"loc":{"start":{"line":64,"column":33},"end":{"line":90,"column":null}}},"4":{"name":"(anonymous_5)","decl":{"start":{"line":93,"column":24},"end":{"line":93,"column":null}},"loc":{"start":{"line":93,"column":24},"end":{"line":122,"column":null}}},"5":{"name":"(anonymous_6)","decl":{"start":{"line":125,"column":25},"end":{"line":125,"column":null}},"loc":{"start":{"line":125,"column":25},"end":{"line":149,"column":null}}},"6":{"name":"(anonymous_7)","decl":{"start":{"line":288,"column":31},"end":{"line":288,"column":null}},"loc":{"start":{"line":288,"column":31},"end":{"line":291,"column":null}}},"7":{"name":"(anonymous_8)","decl":{"start":{"line":307,"column":29},"end":{"line":307,"column":null}},"loc":{"start":{"line":307,"column":29},"end":{"line":310,"column":null}}},"8":{"name":"(anonymous_9)","decl":{"start":{"line":335,"column":30},"end":{"line":335,"column":31}},"loc":{"start":{"line":335,"column":37},"end":{"line":335,"column":null}}}},"branchMap":{"0":{"loc":{"start":{"line":45,"column":6},"end":{"line":48,"column":null}},"type":"if","locations":[{"start":{"line":45,"column":6},"end":{"line":48,"column":null}}]},"1":{"loc":{"start":{"line":47,"column":24},"end":{"line":47,"column":null}},"type":"binary-expr","locations":[{"start":{"line":47,"column":24},"end":{"line":47,"column":41}},{"start":{"line":47,"column":45},"end":{"line":47,"column":null}}]},"2":{"loc":{"start":{"line":52,"column":6},"end":{"line":54,"column":null}},"type":"if","locations":[{"start":{"line":52,"column":6},"end":{"line":54,"column":null}}]},"3":{"loc":{"start":{"line":58,"column":15},"end":{"line":58,"column":null}},"type":"cond-expr","locations":[{"start":{"line":58,"column":40},"end":{"line":58,"column":53}},{"start":{"line":58,"column":56},"end":{"line":58,"column":null}}]},"4":{"loc":{"start":{"line":76,"column":6},"end":{"line":79,"column":null}},"type":"if","locations":[{"start":{"line":76,"column":6},"end":{"line":79,"column":null}}]},"5":{"loc":{"start":{"line":78,"column":24},"end":{"line":78,"column":null}},"type":"binary-expr","locations":[{"start":{"line":78,"column":24},"end":{"line":78,"column":41}},{"start":{"line":78,"column":45},"end":{"line":78,"column":null}}]},"6":{"loc":{"start":{"line":86,"column":15},"end":{"line":86,"column":null}},"type":"cond-expr","locations":[{"start":{"line":86,"column":40},"end":{"line":86,"column":53}},{"start":{"line":86,"column":56},"end":{"line":86,"column":null}}]},"7":{"loc":{"start":{"line":107,"column":6},"end":{"line":110,"column":null}},"type":"if","locations":[{"start":{"line":107,"column":6},"end":{"line":110,"column":null}}]},"8":{"loc":{"start":{"line":109,"column":24},"end":{"line":109,"column":null}},"type":"binary-expr","locations":[{"start":{"line":109,"column":24},"end":{"line":109,"column":41}},{"start":{"line":109,"column":45},"end":{"line":109,"column":null}}]},"9":{"loc":{"start":{"line":118,"column":15},"end":{"line":118,"column":null}},"type":"cond-expr","locations":[{"start":{"line":118,"column":40},"end":{"line":118,"column":53}},{"start":{"line":118,"column":56},"end":{"line":118,"column":null}}]},"10":{"loc":{"start":{"line":132,"column":6},"end":{"line":135,"column":null}},"type":"if","locations":[{"start":{"line":132,"column":6},"end":{"line":135,"column":null}}]},"11":{"loc":{"start":{"line":134,"column":24},"end":{"line":134,"column":null}},"type":"binary-expr","locations":[{"start":{"line":134,"column":24},"end":{"line":134,"column":41}},{"start":{"line":134,"column":45},"end":{"line":134,"column":null}}]},"12":{"loc":{"start":{"line":139,"column":6},"end":{"line":141,"column":null}},"type":"if","locations":[{"start":{"line":139,"column":6},"end":{"line":141,"column":null}}]},"13":{"loc":{"start":{"line":139,"column":10},"end":{"line":139,"column":62}},"type":"binary-expr","locations":[{"start":{"line":139,"column":10},"end":{"line":139,"column":31}},{"start":{"line":139,"column":35},"end":{"line":139,"column":62}}]},"14":{"loc":{"start":{"line":145,"column":15},"end":{"line":145,"column":null}},"type":"cond-expr","locations":[{"start":{"line":145,"column":40},"end":{"line":145,"column":53}},{"start":{"line":145,"column":56},"end":{"line":145,"column":null}}]},"15":{"loc":{"start":{"line":155,"column":7},"end":{"line":155,"column":null}},"type":"binary-expr","locations":[{"start":{"line":155,"column":7},"end":{"line":155,"column":null}}]},"16":{"loc":{"start":{"line":225,"column":17},"end":{"line":231,"column":null}},"type":"cond-expr","locations":[{"start":{"line":226,"column":18},"end":{"line":231,"column":null}},{"start":{"line":231,"column":18},"end":{"line":231,"column":null}}]},"17":{"loc":{"start":{"line":340,"column":17},"end":{"line":340,"column":null}},"type":"binary-expr","locations":[{"start":{"line":340,"column":17},"end":{"line":340,"column":null}}]},"18":{"loc":{"start":{"line":352,"column":17},"end":{"line":358,"column":null}},"type":"cond-expr","locations":[{"start":{"line":353,"column":18},"end":{"line":358,"column":null}},{"start":{"line":358,"column":18},"end":{"line":358,"column":null}}]},"19":{"loc":{"start":{"line":375,"column":16},"end":{"line":401,"column":17}},"type":"cond-expr","locations":[{"start":{"line":375,"column":16},"end":{"line":401,"column":17}}]},"20":{"loc":{"start":{"line":391,"column":19},"end":{"line":391,"column":39}},"type":"binary-expr","locations":[{"start":{"line":391,"column":19},"end":{"line":391,"column":39}}]},"21":{"loc":{"start":{"line":410,"column":18},"end":{"line":415,"column":null}},"type":"cond-expr","locations":[{"start":{"line":410,"column":18},"end":{"line":415,"column":null}}]}},"s":{"0":0,"1":0,"2":0,"3":0,"4":0,"5":0,"6":0,"7":0,"8":0,"9":0,"10":0,"11":0,"12":0,"13":0,"14":0,"15":0,"16":0,"17":0,"18":0,"19":0,"20":0,"21":0,"22":0,"23":0,"24":0,"25":0,"26":0,"27":0,"28":0,"29":0,"30":0,"31":0,"32":0,"33":0,"34":0,"35":0,"36":0,"37":0,"38":0,"39":0,"40":0,"41":0,"42":0,"43":0,"44":0,"45":0,"46":0,"47":0,"48":0,"49":0,"50":0,"51":0,"52":0,"53":0,"54":0,"55":0,"56":0,"57":0,"58":0,"59":0,"60":0,"61":0,"62":0,"63":0,"64":0,"65":0,"66":0,"67":0,"68":0,"69":0,"70":0,"71":0,"72":0,"73":0,"74":0,"75":0,"76":0,"77":0,"78":0,"79":0,"80":0,"81":0,"82":0,"83":0,"84":0,"85":0,"86":0},"f":{"0":0,"1":0,"2":0,"3":0,"4":0,"5":0,"6":0,"7":0,"8":0},"b":{"0":[0],"1":[0,0],"2":[0],"3":[0,0],"4":[0],"5":[0,0],"6":[0,0],"7":[0],"8":[0,0],"9":[0,0],"10":[0],"11":[0,0],"12":[0],"13":[0,0],"14":[0,0],"15":[0],"16":[0,0],"17":[0],"18":[0,0],"19":[0],"20":[0],"21":[0]}}
,"/home/ajk/SnagrAI/v0-findr-landing-page/app/api/v1/admin/process-jobs/route.ts": {"path":"/home/ajk/SnagrAI/v0-findr-landing-page/app/api/v1/admin/process-jobs/route.ts","statementMap":{"0":{"start":{"line":24,"column":13},"end":{"line":24,"column":20}},"1":{"start":{"line":9,"column":7},"end":{"line":9,"column":null}},"2":{"start":{"line":10,"column":39},"end":{"line":10,"column":null}},"3":{"start":{"line":13,"column":31},"end":{"line":16,"column":null}},"4":{"start":{"line":14,"column":48},"end":{"line":14,"column":null}},"5":{"start":{"line":24,"column":20},"end":{"line":49,"column":null}},"6":{"start":{"line":26,"column":27},"end":{"line":26,"column":null}},"7":{"start":{"line":27,"column":2},"end":{"line":27,"column":null}},"8":{"start":{"line":27,"column":24},"end":{"line":27,"column":null}},"9":{"start":{"line":30,"column":28},"end":{"line":30,"column":55}},"10":{"start":{"line":33,"column":25},"end":{"line":33,"column":50}},"11":{"start":{"line":34,"column":2},"end":{"line":39,"column":null}},"12":{"start":{"line":35,"column":4},"end":{"line":37,"column":null}},"13":{"start":{"line":42,"column":17},"end":{"line":42,"column":null}},"14":{"start":{"line":45,"column":2},"end":{"line":48,"column":null}}},"fnMap":{"0":{"name":"(anonymous_1)","decl":{"start":{"line":14,"column":41},"end":{"line":14,"column":48}},"loc":{"start":{"line":14,"column":48},"end":{"line":14,"column":null}}},"1":{"name":"(anonymous_2)","decl":{"start":{"line":24,"column":35},"end":{"line":24,"column":42}},"loc":{"start":{"line":24,"column":42},"end":{"line":49,"column":null}}}},"branchMap":{"0":{"loc":{"start":{"line":14,"column":48},"end":{"line":14,"column":null}},"type":"cond-expr","locations":[{"start":{"line":14,"column":54},"end":{"line":14,"column":74}},{"start":{"line":14,"column":74},"end":{"line":14,"column":null}}]},"1":{"loc":{"start":{"line":27,"column":2},"end":{"line":27,"column":null}},"type":"if","locations":[{"start":{"line":27,"column":2},"end":{"line":27,"column":null}}]},"2":{"loc":{"start":{"line":34,"column":2},"end":{"line":39,"column":null}},"type":"if","locations":[{"start":{"line":34,"column":2},"end":{"line":39,"column":null}}]},"3":{"loc":{"start":{"line":34,"column":6},"end":{"line":34,"column":52}},"type":"binary-expr","locations":[{"start":{"line":34,"column":6},"end":{"line":34,"column":25}},{"start":{"line":34,"column":25},"end":{"line":34,"column":52}}]}},"s":{"0":0,"1":0,"2":0,"3":0,"4":0,"5":0,"6":0,"7":0,"8":0,"9":0,"10":0,"11":0,"12":0,"13":0,"14":0},"f":{"0":0,"1":0},"b":{"0":[0,0],"1":[0],"2":[0],"3":[0,0]}}
,"/home/ajk/SnagrAI/v0-findr-landing-page/app/api/v1/auth/forgot-password/route.ts": {"path":"/home/ajk/SnagrAI/v0-findr-landing-page/app/api/v1/auth/forgot-password/route.ts","statementMap":{"0":{"start":{"line":25,"column":13},"end":{"line":25,"column":20}},"1":{"start":{"line":9,"column":7},"end":{"line":9,"column":null}},"2":{"start":{"line":10,"column":28},"end":{"line":10,"column":null}},"3":{"start":{"line":13,"column":29},"end":{"line":15,"column":null}},"4":{"start":{"line":25,"column":20},"end":{"line":47,"column":null}},"5":{"start":{"line":27,"column":27},"end":{"line":27,"column":null}},"6":{"start":{"line":28,"column":2},"end":{"line":28,"column":null}},"7":{"start":{"line":28,"column":24},"end":{"line":28,"column":null}},"8":{"start":{"line":31,"column":20},"end":{"line":31,"column":46}},"9":{"start":{"line":34,"column":20},"end":{"line":34,"column":null}},"10":{"start":{"line":36,"column":2},"end":{"line":40,"column":null}},"11":{"start":{"line":39,"column":4},"end":{"line":39,"column":null}},"12":{"start":{"line":44,"column":2},"end":{"line":46,"column":null}}},"fnMap":{"0":{"name":"(anonymous_1)","decl":{"start":{"line":25,"column":35},"end":{"line":25,"column":42}},"loc":{"start":{"line":25,"column":42},"end":{"line":47,"column":null}}}},"branchMap":{"0":{"loc":{"start":{"line":28,"column":2},"end":{"line":28,"column":null}},"type":"if","locations":[{"start":{"line":28,"column":2},"end":{"line":28,"column":null}}]},"1":{"loc":{"start":{"line":36,"column":2},"end":{"line":40,"column":null}},"type":"if","locations":[{"start":{"line":36,"column":2},"end":{"line":40,"column":null}}]}},"s":{"0":0,"1":0,"2":0,"3":0,"4":0,"5":0,"6":0,"7":0,"8":0,"9":0,"10":0,"11":0,"12":0},"f":{"0":0},"b":{"0":[0],"1":[0]}}
,"/home/ajk/SnagrAI/v0-findr-landing-page/app/api/v1/auth/login/route.ts": {"path":"/home/ajk/SnagrAI/v0-findr-landing-page/app/api/v1/auth/login/route.ts","statementMap":{"0":{"start":{"line":26,"column":13},"end":{"line":26,"column":20}},"1":{"start":{"line":9,"column":7},"end":{"line":9,"column":null}},"2":{"start":{"line":10,"column":28},"end":{"line":10,"column":null}},"3":{"start":{"line":13,"column":20},"end":{"line":16,"column":null}},"4":{"start":{"line":26,"column":20},"end":{"line":57,"column":null}},"5":{"start":{"line":28,"column":27},"end":{"line":28,"column":null}},"6":{"start":{"line":29,"column":2},"end":{"line":29,"column":null}},"7":{"start":{"line":29,"column":24},"end":{"line":29,"column":null}},"8":{"start":{"line":32,"column":30},"end":{"line":32,"column":56}},"9":{"start":{"line":35,"column":26},"end":{"line":35,"column":null}},"10":{"start":{"line":37,"column":2},"end":{"line":42,"column":null}},"11":{"start":{"line":38,"column":4},"end":{"line":40,"column":null}},"12":{"start":{"line":45,"column":2},"end":{"line":56,"column":null}}},"fnMap":{"0":{"name":"(anonymous_1)","decl":{"start":{"line":26,"column":35},"end":{"line":26,"column":42}},"loc":{"start":{"line":26,"column":42},"end":{"line":57,"column":null}}}},"branchMap":{"0":{"loc":{"start":{"line":29,"column":2},"end":{"line":29,"column":null}},"type":"if","locations":[{"start":{"line":29,"column":2},"end":{"line":29,"column":null}}]},"1":{"loc":{"start":{"line":37,"column":2},"end":{"line":42,"column":null}},"type":"if","locations":[{"start":{"line":37,"column":2},"end":{"line":42,"column":null}}]}},"s":{"0":0,"1":0,"2":0,"3":0,"4":0,"5":0,"6":0,"7":0,"8":0,"9":0,"10":0,"11":0,"12":0},"f":{"0":0},"b":{"0":[0],"1":[0]}}
,"/home/ajk/SnagrAI/v0-findr-landing-page/app/api/v1/auth/logout/route.ts": {"path":"/home/ajk/SnagrAI/v0-findr-landing-page/app/api/v1/auth/logout/route.ts","statementMap":{"0":{"start":{"line":10,"column":13},"end":{"line":10,"column":20}},"1":{"start":{"line":2,"column":48},"end":{"line":2,"column":null}},"2":{"start":{"line":3,"column":28},"end":{"line":3,"column":null}},"3":{"start":{"line":10,"column":20},"end":{"line":25,"column":null}},"4":{"start":{"line":13,"column":22},"end":{"line":13,"column":null}},"5":{"start":{"line":15,"column":4},"end":{"line":19,"column":null}},"6":{"start":{"line":16,"column":6},"end":{"line":16,"column":null}},"7":{"start":{"line":21,"column":4},"end":{"line":23,"column":null}}},"fnMap":{"0":{"name":"(anonymous_1)","decl":{"start":{"line":11,"column":2},"end":{"line":11,"column":9}},"loc":{"start":{"line":11,"column":9},"end":{"line":24,"column":null}}}},"branchMap":{"0":{"loc":{"start":{"line":15,"column":4},"end":{"line":19,"column":null}},"type":"if","locations":[{"start":{"line":15,"column":4},"end":{"line":19,"column":null}}]}},"s":{"0":0,"1":0,"2":0,"3":0,"4":0,"5":0,"6":0,"7":0},"f":{"0":0},"b":{"0":[0]}}
,"/home/ajk/SnagrAI/v0-findr-landing-page/app/api/v1/auth/me/route.ts": {"path":"/home/ajk/SnagrAI/v0-findr-landing-page/app/api/v1/auth/me/route.ts","statementMap":{"0":{"start":{"line":10,"column":13},"end":{"line":10,"column":19}},"1":{"start":{"line":2,"column":60},"end":{"line":2,"column":null}},"2":{"start":{"line":10,"column":19},"end":{"line":17,"column":null}},"3":{"start":{"line":13,"column":4},"end":{"line":15,"column":null}}},"fnMap":{"0":{"name":"(anonymous_1)","decl":{"start":{"line":11,"column":2},"end":{"line":11,"column":9}},"loc":{"start":{"line":11,"column":27},"end":{"line":16,"column":null}}}},"branchMap":{},"s":{"0":0,"1":0,"2":0,"3":0},"f":{"0":0},"b":{}}
,"/home/ajk/SnagrAI/v0-findr-landing-page/app/api/v1/auth/register/route.ts": {"path":"/home/ajk/SnagrAI/v0-findr-landing-page/app/api/v1/auth/register/route.ts","statementMap":{"0":{"start":{"line":35,"column":13},"end":{"line":35,"column":20}},"1":{"start":{"line":9,"column":7},"end":{"line":9,"column":null}},"2":{"start":{"line":10,"column":28},"end":{"line":10,"column":null}},"3":{"start":{"line":13,"column":23},"end":{"line":25,"column":null}},"4":{"start":{"line":22,"column":18},"end":{"line":22,"column":56}},"5":{"start":{"line":35,"column":20},"end":{"line":77,"column":null}},"6":{"start":{"line":37,"column":27},"end":{"line":37,"column":null}},"7":{"start":{"line":38,"column":2},"end":{"line":38,"column":null}},"8":{"start":{"line":38,"column":24},"end":{"line":38,"column":null}},"9":{"start":{"line":41,"column":30},"end":{"line":41,"column":56}},"10":{"start":{"line":44,"column":26},"end":{"line":44,"column":null}},"11":{"start":{"line":46,"column":2},"end":{"line":62,"column":null}},"12":{"start":{"line":48,"column":4},"end":{"line":54,"column":null}},"13":{"start":{"line":49,"column":6},"end":{"line":52,"column":null}},"14":{"start":{"line":57,"column":4},"end":{"line":60,"column":null}},"15":{"start":{"line":65,"column":2},"end":{"line":76,"column":null}}},"fnMap":{"0":{"name":"(anonymous_1)","decl":{"start":{"line":22,"column":10},"end":{"line":22,"column":18}},"loc":{"start":{"line":22,"column":18},"end":{"line":22,"column":56}}},"1":{"name":"(anonymous_2)","decl":{"start":{"line":35,"column":35},"end":{"line":35,"column":42}},"loc":{"start":{"line":35,"column":42},"end":{"line":77,"column":null}}}},"branchMap":{"0":{"loc":{"start":{"line":38,"column":2},"end":{"line":38,"column":null}},"type":"if","locations":[{"start":{"line":38,"column":2},"end":{"line":38,"column":null}}]},"1":{"loc":{"start":{"line":46,"column":2},"end":{"line":62,"column":null}},"type":"if","locations":[{"start":{"line":46,"column":2},"end":{"line":62,"column":null}}]},"2":{"loc":{"start":{"line":48,"column":4},"end":{"line":54,"column":null}},"type":"if","locations":[{"start":{"line":48,"column":4},"end":{"line":54,"column":null}}]},"3":{"loc":{"start":{"line":48,"column":8},"end":{"line":48,"column":106}},"type":"binary-expr","locations":[{"start":{"line":48,"column":8},"end":{"line":48,"column":59}},{"start":{"line":48,"column":59},"end":{"line":48,"column":106}}]}},"s":{"0":0,"1":0,"2":0,"3":0,"4":0,"5":0,"6":0,"7":0,"8":0,"9":0,"10":0,"11":0,"12":0,"13":0,"14":0,"15":0},"f":{"0":0,"1":0},"b":{"0":[0],"1":[0],"2":[0],"3":[0,0]}}
,"/home/ajk/SnagrAI/v0-findr-landing-page/app/api/v1/auth/reset-password/route.ts": {"path":"/home/ajk/SnagrAI/v0-findr-landing-page/app/api/v1/auth/reset-password/route.ts","statementMap":{"0":{"start":{"line":34,"column":13},"end":{"line":34,"column":20}},"1":{"start":{"line":9,"column":7},"end":{"line":9,"column":null}},"2":{"start":{"line":10,"column":28},"end":{"line":10,"column":null}},"3":{"start":{"line":13,"column":28},"end":{"line":24,"column":null}},"4":{"start":{"line":21,"column":18},"end":{"line":21,"column":56}},"5":{"start":{"line":34,"column":20},"end":{"line":56,"column":null}},"6":{"start":{"line":36,"column":27},"end":{"line":36,"column":null}},"7":{"start":{"line":37,"column":2},"end":{"line":37,"column":null}},"8":{"start":{"line":37,"column":24},"end":{"line":37,"column":null}},"9":{"start":{"line":40,"column":23},"end":{"line":40,"column":49}},"10":{"start":{"line":43,"column":20},"end":{"line":43,"column":null}},"11":{"start":{"line":45,"column":2},"end":{"line":51,"column":null}},"12":{"start":{"line":46,"column":4},"end":{"line":49,"column":null}},"13":{"start":{"line":53,"column":2},"end":{"line":55,"column":null}}},"fnMap":{"0":{"name":"(anonymous_1)","decl":{"start":{"line":21,"column":10},"end":{"line":21,"column":18}},"loc":{"start":{"line":21,"column":18},"end":{"line":21,"column":56}}},"1":{"name":"(anonymous_2)","decl":{"start":{"line":34,"column":35},"end":{"line":34,"column":42}},"loc":{"start":{"line":34,"column":42},"end":{"line":56,"column":null}}}},"branchMap":{"0":{"loc":{"start":{"line":37,"column":2},"end":{"line":37,"column":null}},"type":"if","locations":[{"start":{"line":37,"column":2},"end":{"line":37,"column":null}}]},"1":{"loc":{"start":{"line":45,"column":2},"end":{"line":51,"column":null}},"type":"if","locations":[{"start":{"line":45,"column":2},"end":{"line":51,"column":null}}]}},"s":{"0":0,"1":0,"2":0,"3":0,"4":0,"5":0,"6":0,"7":0,"8":0,"9":0,"10":0,"11":0,"12":0,"13":0},"f":{"0":0,"1":0},"b":{"0":[0],"1":[0]}}
,"/home/ajk/SnagrAI/v0-findr-landing-page/app/api/v1/brightdata/route.ts": {"path":"/home/ajk/SnagrAI/v0-findr-landing-page/app/api/v1/brightdata/route.ts","statementMap":{"0":{"start":{"line":29,"column":13},"end":{"line":29,"column":16}},"1":{"start":{"line":64,"column":13},"end":{"line":64,"column":17}},"2":{"start":{"line":105,"column":13},"end":{"line":105,"column":22}},"3":{"start":{"line":10,"column":7},"end":{"line":10,"column":null}},"4":{"start":{"line":11,"column":34},"end":{"line":11,"column":null}},"5":{"start":{"line":14,"column":25},"end":{"line":19,"column":null}},"6":{"start":{"line":16,"column":13},"end":{"line":16,"column":null}},"7":{"start":{"line":29,"column":19},"end":{"line":56,"column":null}},"8":{"start":{"line":31,"column":4},"end":{"line":54,"column":null}},"9":{"start":{"line":33,"column":28},"end":{"line":33,"column":null}},"10":{"start":{"line":36,"column":25},"end":{"line":36,"column":null}},"11":{"start":{"line":39,"column":6},"end":{"line":45,"column":null}},"12":{"start":{"line":47,"column":6},"end":{"line":47,"column":null}},"13":{"start":{"line":49,"column":6},"end":{"line":52,"column":null}},"14":{"start":{"line":64,"column":20},"end":{"line":97,"column":null}},"15":{"start":{"line":66,"column":4},"end":{"line":95,"column":null}},"16":{"start":{"line":68,"column":21},"end":{"line":68,"column":null}},"17":{"start":{"line":70,"column":6},"end":{"line":76,"column":null}},"18":{"start":{"line":71,"column":8},"end":{"line":74,"column":null}},"19":{"start":{"line":79,"column":6},"end":{"line":82,"column":null}},"20":{"start":{"line":84,"column":6},"end":{"line":84,"column":null}},"21":{"start":{"line":86,"column":6},"end":{"line":88,"column":null}},"22":{"start":{"line":87,"column":8},"end":{"line":87,"column":null}},"23":{"start":{"line":90,"column":6},"end":{"line":93,"column":null}},"24":{"start":{"line":105,"column":25},"end":{"line":145,"column":null}},"25":{"start":{"line":108,"column":29},"end":{"line":108,"column":null}},"26":{"start":{"line":109,"column":4},"end":{"line":109,"column":null}},"27":{"start":{"line":109,"column":26},"end":{"line":109,"column":null}},"28":{"start":{"line":112,"column":20},"end":{"line":112,"column":46}},"29":{"start":{"line":114,"column":4},"end":{"line":143,"column":null}},"30":{"start":{"line":116,"column":21},"end":{"line":116,"column":null}},"31":{"start":{"line":118,"column":6},"end":{"line":124,"column":null}},"32":{"start":{"line":119,"column":8},"end":{"line":122,"column":null}},"33":{"start":{"line":127,"column":6},"end":{"line":130,"column":null}},"34":{"start":{"line":132,"column":6},"end":{"line":132,"column":null}},"35":{"start":{"line":134,"column":6},"end":{"line":136,"column":null}},"36":{"start":{"line":135,"column":8},"end":{"line":135,"column":null}},"37":{"start":{"line":138,"column":6},"end":{"line":141,"column":null}}},"fnMap":{"0":{"name":"(anonymous_4)","decl":{"start":{"line":16,"column":4},"end":{"line":16,"column":5}},"loc":{"start":{"line":16,"column":13},"end":{"line":16,"column":null}}},"1":{"name":"(anonymous_5)","decl":{"start":{"line":30,"column":2},"end":{"line":30,"column":9}},"loc":{"start":{"line":30,"column":27},"end":{"line":55,"column":null}}},"2":{"name":"(anonymous_6)","decl":{"start":{"line":65,"column":2},"end":{"line":65,"column":9}},"loc":{"start":{"line":65,"column":27},"end":{"line":96,"column":null}}},"3":{"name":"(anonymous_7)","decl":{"start":{"line":106,"column":2},"end":{"line":106,"column":9}},"loc":{"start":{"line":106,"column":27},"end":{"line":144,"column":null}}}},"branchMap":{"0":{"loc":{"start":{"line":40,"column":21},"end":{"line":40,"column":null}},"type":"cond-expr","locations":[{"start":{"line":40,"column":45},"end":{"line":40,"column":70}},{"start":{"line":40,"column":73},"end":{"line":40,"column":null}}]},"1":{"loc":{"start":{"line":41,"column":22},"end":{"line":41,"column":72}},"type":"cond-expr","locations":[{"start":{"line":41,"column":46},"end":{"line":41,"column":53}},{"start":{"line":41,"column":53},"end":{"line":41,"column":72}}]},"2":{"loc":{"start":{"line":42,"column":18},"end":{"line":42,"column":null}},"type":"cond-expr","locations":[{"start":{"line":42,"column":39},"end":{"line":42,"column":58}},{"start":{"line":42,"column":61},"end":{"line":42,"column":null}}]},"3":{"loc":{"start":{"line":43,"column":19},"end":{"line":43,"column":63}},"type":"cond-expr","locations":[{"start":{"line":43,"column":40},"end":{"line":43,"column":47}},{"start":{"line":43,"column":47},"end":{"line":43,"column":63}}]},"4":{"loc":{"start":{"line":52,"column":19},"end":{"line":52,"column":74}},"type":"cond-expr","locations":[{"start":{"line":52,"column":44},"end":{"line":52,"column":57}},{"start":{"line":52,"column":60},"end":{"line":52,"column":74}}]},"5":{"loc":{"start":{"line":70,"column":6},"end":{"line":76,"column":null}},"type":"if","locations":[{"start":{"line":70,"column":6},"end":{"line":76,"column":null}}]},"6":{"loc":{"start":{"line":86,"column":6},"end":{"line":88,"column":null}},"type":"if","locations":[{"start":{"line":86,"column":6},"end":{"line":88,"column":null}}]},"7":{"loc":{"start":{"line":93,"column":19},"end":{"line":93,"column":74}},"type":"cond-expr","locations":[{"start":{"line":93,"column":44},"end":{"line":93,"column":57}},{"start":{"line":93,"column":60},"end":{"line":93,"column":74}}]},"8":{"loc":{"start":{"line":109,"column":4},"end":{"line":109,"column":null}},"type":"if","locations":[{"start":{"line":109,"column":4},"end":{"line":109,"column":null}}]},"9":{"loc":{"start":{"line":118,"column":6},"end":{"line":124,"column":null}},"type":"if","locations":[{"start":{"line":118,"column":6},"end":{"line":124,"column":null}}]},"10":{"loc":{"start":{"line":134,"column":6},"end":{"line":136,"column":null}},"type":"if","locations":[{"start":{"line":134,"column":6},"end":{"line":136,"column":null}}]},"11":{"loc":{"start":{"line":141,"column":19},"end":{"line":141,"column":74}},"type":"cond-expr","locations":[{"start":{"line":141,"column":44},"end":{"line":141,"column":57}},{"start":{"line":141,"column":60},"end":{"line":141,"column":74}}]}},"s":{"0":0,"1":0,"2":0,"3":0,"4":0,"5":0,"6":0,"7":0,"8":0,"9":0,"10":0,"11":0,"12":0,"13":0,"14":0,"15":0,"16":0,"17":0,"18":0,"19":0,"20":0,"21":0,"22":0,"23":0,"24":0,"25":0,"26":0,"27":0,"28":0,"29":0,"30":0,"31":0,"32":0,"33":0,"34":0,"35":0,"36":0,"37":0},"f":{"0":0,"1":0,"2":0,"3":0},"b":{"0":[0,0],"1":[0,0],"2":[0,0],"3":[0,0],"4":[0,0],"5":[0],"6":[0],"7":[0,0],"8":[0],"9":[0],"10":[0],"11":[0,0]}}
,"/home/ajk/SnagrAI/v0-findr-landing-page/app/api/v1/brightdata/proxy/route.ts": {"path":"/home/ajk/SnagrAI/v0-findr-landing-page/app/api/v1/brightdata/proxy/route.ts","statementMap":{"0":{"start":{"line":16,"column":13},"end":{"line":16,"column":19}},"1":{"start":{"line":8,"column":7},"end":{"line":8,"column":null}},"2":{"start":{"line":9,"column":34},"end":{"line":9,"column":null}},"3":{"start":{"line":16,"column":19},"end":{"line":36,"column":null}},"4":{"start":{"line":18,"column":4},"end":{"line":34,"column":null}},"5":{"start":{"line":20,"column":27},"end":{"line":20,"column":null}},"6":{"start":{"line":23,"column":6},"end":{"line":25,"column":null}},"7":{"start":{"line":27,"column":6},"end":{"line":27,"column":null}},"8":{"start":{"line":29,"column":6},"end":{"line":32,"column":null}}},"fnMap":{"0":{"name":"(anonymous_1)","decl":{"start":{"line":17,"column":2},"end":{"line":17,"column":9}},"loc":{"start":{"line":17,"column":27},"end":{"line":35,"column":null}}}},"branchMap":{"0":{"loc":{"start":{"line":32,"column":19},"end":{"line":32,"column":74}},"type":"cond-expr","locations":[{"start":{"line":32,"column":44},"end":{"line":32,"column":57}},{"start":{"line":32,"column":60},"end":{"line":32,"column":74}}]}},"s":{"0":0,"1":0,"2":0,"3":0,"4":0,"5":0,"6":0,"7":0,"8":0},"f":{"0":0},"b":{"0":[0,0]}}
,"/home/ajk/SnagrAI/v0-findr-landing-page/app/api/v1/brightdata/quota/route.ts": {"path":"/home/ajk/SnagrAI/v0-findr-landing-page/app/api/v1/brightdata/quota/route.ts","statementMap":{"0":{"start":{"line":16,"column":13},"end":{"line":16,"column":19}},"1":{"start":{"line":8,"column":7},"end":{"line":8,"column":null}},"2":{"start":{"line":9,"column":34},"end":{"line":9,"column":null}},"3":{"start":{"line":16,"column":19},"end":{"line":48,"column":null}},"4":{"start":{"line":18,"column":4},"end":{"line":46,"column":null}},"5":{"start":{"line":20,"column":21},"end":{"line":20,"column":null}},"6":{"start":{"line":22,"column":6},"end":{"line":28,"column":null}},"7":{"start":{"line":23,"column":8},"end":{"line":26,"column":null}},"8":{"start":{"line":31,"column":6},"end":{"line":33,"column":null}},"9":{"start":{"line":35,"column":6},"end":{"line":35,"column":null}},"10":{"start":{"line":37,"column":6},"end":{"line":39,"column":null}},"11":{"start":{"line":38,"column":8},"end":{"line":38,"column":null}},"12":{"start":{"line":41,"column":6},"end":{"line":44,"column":null}}},"fnMap":{"0":{"name":"(anonymous_1)","decl":{"start":{"line":17,"column":2},"end":{"line":17,"column":9}},"loc":{"start":{"line":17,"column":27},"end":{"line":47,"column":null}}}},"branchMap":{"0":{"loc":{"start":{"line":22,"column":6},"end":{"line":28,"column":null}},"type":"if","locations":[{"start":{"line":22,"column":6},"end":{"line":28,"column":null}}]},"1":{"loc":{"start":{"line":37,"column":6},"end":{"line":39,"column":null}},"type":"if","locations":[{"start":{"line":37,"column":6},"end":{"line":39,"column":null}}]},"2":{"loc":{"start":{"line":44,"column":19},"end":{"line":44,"column":74}},"type":"cond-expr","locations":[{"start":{"line":44,"column":44},"end":{"line":44,"column":57}},{"start":{"line":44,"column":60},"end":{"line":44,"column":74}}]}},"s":{"0":0,"1":0,"2":0,"3":0,"4":0,"5":0,"6":0,"7":0,"8":0,"9":0,"10":0,"11":0,"12":0},"f":{"0":0},"b":{"0":[0],"1":[0],"2":[0,0]}}
,"/home/ajk/SnagrAI/v0-findr-landing-page/app/api/v1/brightdata/test/route.ts": {"path":"/home/ajk/SnagrAI/v0-findr-landing-page/app/api/v1/brightdata/test/route.ts","statementMap":{"0":{"start":{"line":29,"column":13},"end":{"line":29,"column":20}},"1":{"start":{"line":10,"column":7},"end":{"line":10,"column":null}},"2":{"start":{"line":11,"column":34},"end":{"line":11,"column":null}},"3":{"start":{"line":14,"column":25},"end":{"line":19,"column":null}},"4":{"start":{"line":16,"column":13},"end":{"line":16,"column":null}},"5":{"start":{"line":29,"column":20},"end":{"line":69,"column":null}},"6":{"start":{"line":32,"column":29},"end":{"line":32,"column":null}},"7":{"start":{"line":33,"column":4},"end":{"line":33,"column":null}},"8":{"start":{"line":33,"column":26},"end":{"line":33,"column":null}},"9":{"start":{"line":36,"column":20},"end":{"line":36,"column":46}},"10":{"start":{"line":38,"column":4},"end":{"line":67,"column":null}},"11":{"start":{"line":40,"column":21},"end":{"line":40,"column":null}},"12":{"start":{"line":42,"column":6},"end":{"line":48,"column":null}},"13":{"start":{"line":43,"column":8},"end":{"line":46,"column":null}},"14":{"start":{"line":51,"column":6},"end":{"line":54,"column":null}},"15":{"start":{"line":56,"column":6},"end":{"line":56,"column":null}},"16":{"start":{"line":58,"column":6},"end":{"line":60,"column":null}},"17":{"start":{"line":59,"column":8},"end":{"line":59,"column":null}},"18":{"start":{"line":62,"column":6},"end":{"line":65,"column":null}}},"fnMap":{"0":{"name":"(anonymous_1)","decl":{"start":{"line":16,"column":4},"end":{"line":16,"column":5}},"loc":{"start":{"line":16,"column":13},"end":{"line":16,"column":null}}},"1":{"name":"(anonymous_2)","decl":{"start":{"line":30,"column":2},"end":{"line":30,"column":9}},"loc":{"start":{"line":30,"column":27},"end":{"line":68,"column":null}}}},"branchMap":{"0":{"loc":{"start":{"line":33,"column":4},"end":{"line":33,"column":null}},"type":"if","locations":[{"start":{"line":33,"column":4},"end":{"line":33,"column":null}}]},"1":{"loc":{"start":{"line":42,"column":6},"end":{"line":48,"column":null}},"type":"if","locations":[{"start":{"line":42,"column":6},"end":{"line":48,"column":null}}]},"2":{"loc":{"start":{"line":58,"column":6},"end":{"line":60,"column":null}},"type":"if","locations":[{"start":{"line":58,"column":6},"end":{"line":60,"column":null}}]},"3":{"loc":{"start":{"line":65,"column":19},"end":{"line":65,"column":74}},"type":"cond-expr","locations":[{"start":{"line":65,"column":44},"end":{"line":65,"column":57}},{"start":{"line":65,"column":60},"end":{"line":65,"column":74}}]}},"s":{"0":0,"1":0,"2":0,"3":0,"4":0,"5":0,"6":0,"7":0,"8":0,"9":0,"10":0,"11":0,"12":0,"13":0,"14":0,"15":0,"16":0,"17":0,"18":0},"f":{"0":0,"1":0},"b":{"0":[0],"1":[0],"2":[0],"3":[0,0]}}
,"/home/ajk/SnagrAI/v0-findr-landing-page/app/api/v1/health/route.ts": {"path":"/home/ajk/SnagrAI/v0-findr-landing-page/app/api/v1/health/route.ts","statementMap":{"0":{"start":{"line":9,"column":13},"end":{"line":9,"column":19}},"1":{"start":{"line":2,"column":48},"end":{"line":2,"column":null}},"2":{"start":{"line":9,"column":19},"end":{"line":15,"column":null}},"3":{"start":{"line":10,"column":2},"end":{"line":14,"column":null}}},"fnMap":{"0":{"name":"(anonymous_1)","decl":{"start":{"line":9,"column":34},"end":{"line":9,"column":41}},"loc":{"start":{"line":9,"column":41},"end":{"line":15,"column":null}}}},"branchMap":{},"s":{"0":0,"1":0,"2":0,"3":0},"f":{"0":0},"b":{}}
,"/home/ajk/SnagrAI/v0-findr-landing-page/app/api/v1/payments/[id]/route.ts": {"path":"/home/ajk/SnagrAI/v0-findr-landing-page/app/api/v1/payments/[id]/route.ts","statementMap":{"0":{"start":{"line":16,"column":13},"end":{"line":16,"column":19}},"1":{"start":{"line":8,"column":7},"end":{"line":8,"column":null}},"2":{"start":{"line":9,"column":25},"end":{"line":9,"column":null}},"3":{"start":{"line":16,"column":19},"end":{"line":89,"column":null}},"4":{"start":{"line":19,"column":22},"end":{"line":19,"column":31}},"5":{"start":{"line":21,"column":4},"end":{"line":26,"column":null}},"6":{"start":{"line":22,"column":6},"end":{"line":24,"column":null}},"7":{"start":{"line":29,"column":37},"end":{"line":53,"column":null}},"8":{"start":{"line":55,"column":4},"end":{"line":60,"column":null}},"9":{"start":{"line":56,"column":6},"end":{"line":58,"column":null}},"10":{"start":{"line":63,"column":29},"end":{"line":82,"column":null}},"11":{"start":{"line":85,"column":4},"end":{"line":87,"column":null}}},"fnMap":{"0":{"name":"(anonymous_1)","decl":{"start":{"line":17,"column":2},"end":{"line":17,"column":9}},"loc":{"start":{"line":17,"column":86},"end":{"line":88,"column":null}}}},"branchMap":{"0":{"loc":{"start":{"line":21,"column":4},"end":{"line":26,"column":null}},"type":"if","locations":[{"start":{"line":21,"column":4},"end":{"line":26,"column":null}}]},"1":{"loc":{"start":{"line":55,"column":4},"end":{"line":60,"column":null}},"type":"if","locations":[{"start":{"line":55,"column":4},"end":{"line":60,"column":null}}]},"2":{"loc":{"start":{"line":55,"column":8},"end":{"line":55,"column":27}},"type":"binary-expr","locations":[{"start":{"line":55,"column":8},"end":{"line":55,"column":17}},{"start":{"line":55,"column":17},"end":{"line":55,"column":27}}]},"3":{"loc":{"start":{"line":71,"column":13},"end":{"line":76,"column":null}},"type":"cond-expr","locations":[{"start":{"line":71,"column":31},"end":{"line":76,"column":10}},{"start":{"line":76,"column":10},"end":{"line":76,"column":null}}]},"4":{"loc":{"start":{"line":77,"column":14},"end":{"line":81,"column":null}},"type":"cond-expr","locations":[{"start":{"line":77,"column":62},"end":{"line":81,"column":10}},{"start":{"line":81,"column":10},"end":{"line":81,"column":null}}]},"5":{"loc":{"start":{"line":77,"column":14},"end":{"line":77,"column":62}},"type":"binary-expr","locations":[{"start":{"line":77,"column":14},"end":{"line":77,"column":29}},{"start":{"line":77,"column":33},"end":{"line":77,"column":62}}]}},"s":{"0":0,"1":0,"2":0,"3":0,"4":0,"5":0,"6":0,"7":0,"8":0,"9":0,"10":0,"11":0},"f":{"0":0},"b":{"0":[0],"1":[0],"2":[0,0],"3":[0,0],"4":[0,0],"5":[0,0]}}
,"/home/ajk/SnagrAI/v0-findr-landing-page/app/api/v1/payments/[id]/refund/route.ts": {"path":"/home/ajk/SnagrAI/v0-findr-landing-page/app/api/v1/payments/[id]/refund/route.ts","statementMap":{"0":{"start":{"line":37,"column":13},"end":{"line":37,"column":20}},"1":{"start":{"line":10,"column":7},"end":{"line":10,"column":null}},"2":{"start":{"line":11,"column":25},"end":{"line":11,"column":null}},"3":{"start":{"line":12,"column":19},"end":{"line":12,"column":null}},"4":{"start":{"line":15,"column":26},"end":{"line":15,"column":null}},"5":{"start":{"line":16,"column":15},"end":{"line":18,"column":null}},"6":{"start":{"line":21,"column":28},"end":{"line":27,"column":null}},"7":{"start":{"line":37,"column":20},"end":{"line":141,"column":null}},"8":{"start":{"line":40,"column":22},"end":{"line":40,"column":31}},"9":{"start":{"line":42,"column":4},"end":{"line":47,"column":null}},"10":{"start":{"line":43,"column":6},"end":{"line":45,"column":null}},"11":{"start":{"line":50,"column":29},"end":{"line":50,"column":null}},"12":{"start":{"line":51,"column":4},"end":{"line":51,"column":null}},"13":{"start":{"line":51,"column":26},"end":{"line":51,"column":null}},"14":{"start":{"line":54,"column":23},"end":{"line":54,"column":49}},"15":{"start":{"line":57,"column":4},"end":{"line":62,"column":null}},"16":{"start":{"line":58,"column":6},"end":{"line":60,"column":null}},"17":{"start":{"line":65,"column":37},"end":{"line":70,"column":null}},"18":{"start":{"line":72,"column":4},"end":{"line":77,"column":null}},"19":{"start":{"line":73,"column":6},"end":{"line":75,"column":null}},"20":{"start":{"line":80,"column":4},"end":{"line":86,"column":null}},"21":{"start":{"line":81,"column":6},"end":{"line":84,"column":null}},"22":{"start":{"line":88,"column":4},"end":{"line":139,"column":null}},"23":{"start":{"line":90,"column":21},"end":{"line":93,"column":null}},"24":{"start":{"line":96,"column":59},"end":{"line":106,"column":null}},"25":{"start":{"line":108,"column":6},"end":{"line":114,"column":null}},"26":{"start":{"line":109,"column":8},"end":{"line":112,"column":null}},"27":{"start":{"line":117,"column":6},"end":{"line":126,"column":null}},"28":{"start":{"line":128,"column":6},"end":{"line":128,"column":null}},"29":{"start":{"line":130,"column":6},"end":{"line":132,"column":null}},"30":{"start":{"line":131,"column":8},"end":{"line":131,"column":null}},"31":{"start":{"line":134,"column":6},"end":{"line":137,"column":null}}},"fnMap":{"0":{"name":"(anonymous_2)","decl":{"start":{"line":38,"column":2},"end":{"line":38,"column":9}},"loc":{"start":{"line":38,"column":86},"end":{"line":140,"column":null}}}},"branchMap":{"0":{"loc":{"start":{"line":15,"column":26},"end":{"line":15,"column":null}},"type":"binary-expr","locations":[{"start":{"line":15,"column":26},"end":{"line":15,"column":55}},{"start":{"line":15,"column":59},"end":{"line":15,"column":null}}]},"1":{"loc":{"start":{"line":42,"column":4},"end":{"line":47,"column":null}},"type":"if","locations":[{"start":{"line":42,"column":4},"end":{"line":47,"column":null}}]},"2":{"loc":{"start":{"line":51,"column":4},"end":{"line":51,"column":null}},"type":"if","locations":[{"start":{"line":51,"column":4},"end":{"line":51,"column":null}}]},"3":{"loc":{"start":{"line":57,"column":4},"end":{"line":62,"column":null}},"type":"if","locations":[{"start":{"line":57,"column":4},"end":{"line":62,"column":null}}]},"4":{"loc":{"start":{"line":72,"column":4},"end":{"line":77,"column":null}},"type":"if","locations":[{"start":{"line":72,"column":4},"end":{"line":77,"column":null}}]},"5":{"loc":{"start":{"line":72,"column":8},"end":{"line":72,"column":27}},"type":"binary-expr","locations":[{"start":{"line":72,"column":8},"end":{"line":72,"column":17}},{"start":{"line":72,"column":17},"end":{"line":72,"column":27}}]},"6":{"loc":{"start":{"line":80,"column":4},"end":{"line":86,"column":null}},"type":"if","locations":[{"start":{"line":80,"column":4},"end":{"line":86,"column":null}}]},"7":{"loc":{"start":{"line":108,"column":6},"end":{"line":114,"column":null}},"type":"if","locations":[{"start":{"line":108,"column":6},"end":{"line":114,"column":null}}]},"8":{"loc":{"start":{"line":130,"column":6},"end":{"line":132,"column":null}},"type":"if","locations":[{"start":{"line":130,"column":6},"end":{"line":132,"column":null}}]},"9":{"loc":{"start":{"line":137,"column":19},"end":{"line":137,"column":74}},"type":"cond-expr","locations":[{"start":{"line":137,"column":44},"end":{"line":137,"column":57}},{"start":{"line":137,"column":60},"end":{"line":137,"column":74}}]}},"s":{"0":0,"1":0,"2":0,"3":0,"4":0,"5":0,"6":0,"7":0,"8":0,"9":0,"10":0,"11":0,"12":0,"13":0,"14":0,"15":0,"16":0,"17":0,"18":0,"19":0,"20":0,"21":0,"22":0,"23":0,"24":0,"25":0,"26":0,"27":0,"28":0,"29":0,"30":0,"31":0},"f":{"0":0},"b":{"0":[0,0],"1":[0],"2":[0],"3":[0],"4":[0],"5":[0,0],"6":[0],"7":[0],"8":[0],"9":[0,0]}}
,"/home/ajk/SnagrAI/v0-findr-landing-page/app/api/v1/payments/confirm/route.ts": {"path":"/home/ajk/SnagrAI/v0-findr-landing-page/app/api/v1/payments/confirm/route.ts","statementMap":{"0":{"start":{"line":31,"column":13},"end":{"line":31,"column":20}},"1":{"start":{"line":10,"column":7},"end":{"line":10,"column":null}},"2":{"start":{"line":11,"column":30},"end":{"line":11,"column":null}},"3":{"start":{"line":14,"column":29},"end":{"line":21,"column":null}},"4":{"start":{"line":31,"column":20},"end":{"line":65,"column":null}},"5":{"start":{"line":34,"column":29},"end":{"line":34,"column":null}},"6":{"start":{"line":35,"column":4},"end":{"line":35,"column":null}},"7":{"start":{"line":35,"column":26},"end":{"line":35,"column":null}},"8":{"start":{"line":38,"column":41},"end":{"line":38,"column":67}},"9":{"start":{"line":41,"column":32},"end":{"line":44,"column":null}},"10":{"start":{"line":48,"column":4},"end":{"line":63,"column":null}}},"fnMap":{"0":{"name":"(anonymous_1)","decl":{"start":{"line":32,"column":2},"end":{"line":32,"column":9}},"loc":{"start":{"line":32,"column":27},"end":{"line":64,"column":null}}}},"branchMap":{"0":{"loc":{"start":{"line":35,"column":4},"end":{"line":35,"column":null}},"type":"if","locations":[{"start":{"line":35,"column":4},"end":{"line":35,"column":null}}]}},"s":{"0":0,"1":0,"2":0,"3":0,"4":0,"5":0,"6":0,"7":0,"8":0,"9":0,"10":0},"f":{"0":0},"b":{"0":[0]}}
,"/home/ajk/SnagrAI/v0-findr-landing-page/app/api/v1/payments/confirm-checkout/route.ts": {"path":"/home/ajk/SnagrAI/v0-findr-landing-page/app/api/v1/payments/confirm-checkout/route.ts","statementMap":{"0":{"start":{"line":28,"column":13},"end":{"line":28,"column":20}},"1":{"start":{"line":10,"column":7},"end":{"line":10,"column":null}},"2":{"start":{"line":11,"column":30},"end":{"line":11,"column":null}},"3":{"start":{"line":14,"column":37},"end":{"line":18,"column":null}},"4":{"start":{"line":28,"column":20},"end":{"line":61,"column":null}},"5":{"start":{"line":31,"column":29},"end":{"line":31,"column":null}},"6":{"start":{"line":32,"column":4},"end":{"line":32,"column":null}},"7":{"start":{"line":32,"column":26},"end":{"line":32,"column":null}},"8":{"start":{"line":35,"column":26},"end":{"line":35,"column":52}},"9":{"start":{"line":38,"column":41},"end":{"line":40,"column":null}},"10":{"start":{"line":44,"column":4},"end":{"line":59,"column":null}}},"fnMap":{"0":{"name":"(anonymous_1)","decl":{"start":{"line":29,"column":2},"end":{"line":29,"column":9}},"loc":{"start":{"line":29,"column":27},"end":{"line":60,"column":null}}}},"branchMap":{"0":{"loc":{"start":{"line":32,"column":4},"end":{"line":32,"column":null}},"type":"if","locations":[{"start":{"line":32,"column":4},"end":{"line":32,"column":null}}]}},"s":{"0":0,"1":0,"2":0,"3":0,"4":0,"5":0,"6":0,"7":0,"8":0,"9":0,"10":0},"f":{"0":0},"b":{"0":[0]}}
,"/home/ajk/SnagrAI/v0-findr-landing-page/app/api/v1/payments/create-checkout/route.ts": {"path":"/home/ajk/SnagrAI/v0-findr-landing-page/app/api/v1/payments/create-checkout/route.ts","statementMap":{"0":{"start":{"line":28,"column":13},"end":{"line":28,"column":20}},"1":{"start":{"line":10,"column":7},"end":{"line":10,"column":null}},"2":{"start":{"line":11,"column":30},"end":{"line":11,"column":null}},"3":{"start":{"line":14,"column":36},"end":{"line":18,"column":null}},"4":{"start":{"line":28,"column":20},"end":{"line":49,"column":null}},"5":{"start":{"line":31,"column":29},"end":{"line":31,"column":null}},"6":{"start":{"line":32,"column":4},"end":{"line":32,"column":null}},"7":{"start":{"line":32,"column":26},"end":{"line":32,"column":null}},"8":{"start":{"line":35,"column":24},"end":{"line":35,"column":50}},"9":{"start":{"line":38,"column":24},"end":{"line":40,"column":null}},"10":{"start":{"line":44,"column":4},"end":{"line":47,"column":null}}},"fnMap":{"0":{"name":"(anonymous_1)","decl":{"start":{"line":29,"column":2},"end":{"line":29,"column":9}},"loc":{"start":{"line":29,"column":27},"end":{"line":48,"column":null}}}},"branchMap":{"0":{"loc":{"start":{"line":32,"column":4},"end":{"line":32,"column":null}},"type":"if","locations":[{"start":{"line":32,"column":4},"end":{"line":32,"column":null}}]}},"s":{"0":0,"1":0,"2":0,"3":0,"4":0,"5":0,"6":0,"7":0,"8":0,"9":0,"10":0},"f":{"0":0},"b":{"0":[0]}}
,"/home/ajk/SnagrAI/v0-findr-landing-page/app/api/v1/payments/create-intent/route.ts": {"path":"/home/ajk/SnagrAI/v0-findr-landing-page/app/api/v1/payments/create-intent/route.ts","statementMap":{"0":{"start":{"line":28,"column":13},"end":{"line":28,"column":20}},"1":{"start":{"line":10,"column":7},"end":{"line":10,"column":null}},"2":{"start":{"line":11,"column":30},"end":{"line":11,"column":null}},"3":{"start":{"line":14,"column":34},"end":{"line":18,"column":null}},"4":{"start":{"line":28,"column":20},"end":{"line":49,"column":null}},"5":{"start":{"line":31,"column":29},"end":{"line":31,"column":null}},"6":{"start":{"line":32,"column":4},"end":{"line":32,"column":null}},"7":{"start":{"line":32,"column":26},"end":{"line":32,"column":null}},"8":{"start":{"line":35,"column":24},"end":{"line":35,"column":50}},"9":{"start":{"line":38,"column":24},"end":{"line":40,"column":null}},"10":{"start":{"line":44,"column":4},"end":{"line":47,"column":null}}},"fnMap":{"0":{"name":"(anonymous_1)","decl":{"start":{"line":29,"column":2},"end":{"line":29,"column":9}},"loc":{"start":{"line":29,"column":27},"end":{"line":48,"column":null}}}},"branchMap":{"0":{"loc":{"start":{"line":32,"column":4},"end":{"line":32,"column":null}},"type":"if","locations":[{"start":{"line":32,"column":4},"end":{"line":32,"column":null}}]}},"s":{"0":0,"1":0,"2":0,"3":0,"4":0,"5":0,"6":0,"7":0,"8":0,"9":0,"10":0},"f":{"0":0},"b":{"0":[0]}}
,"/home/ajk/SnagrAI/v0-findr-landing-page/app/api/v1/payments/history/route.ts": {"path":"/home/ajk/SnagrAI/v0-findr-landing-page/app/api/v1/payments/history/route.ts","statementMap":{"0":{"start":{"line":25,"column":13},"end":{"line":25,"column":19}},"1":{"start":{"line":10,"column":7},"end":{"line":10,"column":null}},"2":{"start":{"line":11,"column":25},"end":{"line":11,"column":null}},"3":{"start":{"line":14,"column":37},"end":{"line":18,"column":null}},"4":{"start":{"line":15,"column":48},"end":{"line":15,"column":null}},"5":{"start":{"line":16,"column":49},"end":{"line":16,"column":null}},"6":{"start":{"line":25,"column":19},"end":{"line":109,"column":null}},"7":{"start":{"line":28,"column":29},"end":{"line":28,"column":null}},"8":{"start":{"line":29,"column":4},"end":{"line":29,"column":null}},"9":{"start":{"line":29,"column":26},"end":{"line":29,"column":null}},"10":{"start":{"line":32,"column":38},"end":{"line":32,"column":65}},"11":{"start":{"line":35,"column":16},"end":{"line":53,"column":null}},"12":{"start":{"line":56,"column":4},"end":{"line":58,"column":null}},"13":{"start":{"line":57,"column":6},"end":{"line":57,"column":null}},"14":{"start":{"line":61,"column":45},"end":{"line":61,"column":null}},"15":{"start":{"line":63,"column":4},"end":{"line":69,"column":null}},"16":{"start":{"line":64,"column":6},"end":{"line":67,"column":null}},"17":{"start":{"line":72,"column":48},"end":{"line":76,"column":null}},"18":{"start":{"line":78,"column":4},"end":{"line":80,"column":null}},"19":{"start":{"line":79,"column":6},"end":{"line":79,"column":null}},"20":{"start":{"line":83,"column":30},"end":{"line":96,"column":null}},"21":{"start":{"line":83,"column":55},"end":{"line":96,"column":null}},"22":{"start":{"line":99,"column":4},"end":{"line":107,"column":null}}},"fnMap":{"0":{"name":"(anonymous_1)","decl":{"start":{"line":15,"column":41},"end":{"line":15,"column":48}},"loc":{"start":{"line":15,"column":48},"end":{"line":15,"column":null}}},"1":{"name":"(anonymous_2)","decl":{"start":{"line":16,"column":42},"end":{"line":16,"column":49}},"loc":{"start":{"line":16,"column":49},"end":{"line":16,"column":null}}},"2":{"name":"(anonymous_3)","decl":{"start":{"line":26,"column":2},"end":{"line":26,"column":9}},"loc":{"start":{"line":26,"column":27},"end":{"line":108,"column":null}}},"3":{"name":"(anonymous_4)","decl":{"start":{"line":83,"column":43},"end":{"line":83,"column":55}},"loc":{"start":{"line":83,"column":55},"end":{"line":96,"column":null}}}},"branchMap":{"0":{"loc":{"start":{"line":15,"column":48},"end":{"line":15,"column":null}},"type":"cond-expr","locations":[{"start":{"line":15,"column":54},"end":{"line":15,"column":74}},{"start":{"line":15,"column":74},"end":{"line":15,"column":null}}]},"1":{"loc":{"start":{"line":16,"column":49},"end":{"line":16,"column":null}},"type":"cond-expr","locations":[{"start":{"line":16,"column":55},"end":{"line":16,"column":75}},{"start":{"line":16,"column":75},"end":{"line":16,"column":null}}]},"2":{"loc":{"start":{"line":29,"column":4},"end":{"line":29,"column":null}},"type":"if","locations":[{"start":{"line":29,"column":4},"end":{"line":29,"column":null}}]},"3":{"loc":{"start":{"line":56,"column":4},"end":{"line":58,"column":null}},"type":"if","locations":[{"start":{"line":56,"column":4},"end":{"line":58,"column":null}}]},"4":{"loc":{"start":{"line":63,"column":4},"end":{"line":69,"column":null}},"type":"if","locations":[{"start":{"line":63,"column":4},"end":{"line":69,"column":null}}]},"5":{"loc":{"start":{"line":76,"column":20},"end":{"line":76,"column":null}},"type":"binary-expr","locations":[{"start":{"line":76,"column":20},"end":{"line":76,"column":30}},{"start":{"line":76,"column":30},"end":{"line":76,"column":null}}]},"6":{"loc":{"start":{"line":78,"column":4},"end":{"line":80,"column":null}},"type":"if","locations":[{"start":{"line":78,"column":4},"end":{"line":80,"column":null}}]},"7":{"loc":{"start":{"line":90,"column":13},"end":{"line":95,"column":null}},"type":"cond-expr","locations":[{"start":{"line":90,"column":31},"end":{"line":95,"column":10}},{"start":{"line":95,"column":10},"end":{"line":95,"column":null}}]},"8":{"loc":{"start":{"line":102,"column":15},"end":{"line":102,"column":null}},"type":"binary-expr","locations":[{"start":{"line":102,"column":15},"end":{"line":102,"column":24}},{"start":{"line":102,"column":24},"end":{"line":102,"column":null}}]},"9":{"loc":{"start":{"line":105,"column":45},"end":{"line":105,"column":null}},"type":"binary-expr","locations":[{"start":{"line":105,"column":45},"end":{"line":105,"column":54}},{"start":{"line":105,"column":54},"end":{"line":105,"column":null}}]}},"s":{"0":0,"1":0,"2":0,"3":0,"4":0,"5":0,"6":0,"7":0,"8":0,"9":0,"10":0,"11":0,"12":0,"13":0,"14":0,"15":0,"16":0,"17":0,"18":0,"19":0,"20":0,"21":0,"22":0},"f":{"0":0,"1":0,"2":0,"3":0},"b":{"0":[0,0],"1":[0,0],"2":[0],"3":[0],"4":[0],"5":[0,0],"6":[0],"7":[0,0],"8":[0,0],"9":[0,0]}}
,"/home/ajk/SnagrAI/v0-findr-landing-page/app/api/v1/payments/webhook/route.ts": {"path":"/home/ajk/SnagrAI/v0-findr-landing-page/app/api/v1/payments/webhook/route.ts","statementMap":{"0":{"start":{"line":128,"column":22},"end":{"line":128,"column":27}},"1":{"start":{"line":7,"column":7},"end":{"line":7,"column":null}},"2":{"start":{"line":8,"column":30},"end":{"line":8,"column":null}},"3":{"start":{"line":9,"column":25},"end":{"line":9,"column":null}},"4":{"start":{"line":10,"column":19},"end":{"line":10,"column":null}},"5":{"start":{"line":14,"column":26},"end":{"line":14,"column":null}},"6":{"start":{"line":15,"column":30},"end":{"line":15,"column":null}},"7":{"start":{"line":18,"column":15},"end":{"line":20,"column":null}},"8":{"start":{"line":28,"column":17},"end":{"line":28,"column":null}},"9":{"start":{"line":29,"column":31},"end":{"line":29,"column":33}},"10":{"start":{"line":31,"column":2},"end":{"line":35,"column":null}},"11":{"start":{"line":32,"column":28},"end":{"line":32,"column":null}},"12":{"start":{"line":33,"column":4},"end":{"line":33,"column":null}},"13":{"start":{"line":33,"column":14},"end":{"line":33,"column":null}},"14":{"start":{"line":34,"column":4},"end":{"line":34,"column":null}},"15":{"start":{"line":37,"column":2},"end":{"line":37,"column":null}},"16":{"start":{"line":45,"column":2},"end":{"line":119,"column":null}},"17":{"start":{"line":47,"column":20},"end":{"line":47,"column":null}},"18":{"start":{"line":48,"column":19},"end":{"line":48,"column":null}},"19":{"start":{"line":50,"column":4},"end":{"line":53,"column":null}},"20":{"start":{"line":51,"column":6},"end":{"line":51,"column":null}},"21":{"start":{"line":52,"column":6},"end":{"line":52,"column":null}},"22":{"start":{"line":56,"column":51},"end":{"line":63,"column":null}},"23":{"start":{"line":65,"column":4},"end":{"line":68,"column":null}},"24":{"start":{"line":66,"column":6},"end":{"line":66,"column":null}},"25":{"start":{"line":67,"column":6},"end":{"line":67,"column":null}},"26":{"start":{"line":71,"column":37},"end":{"line":76,"column":null}},"27":{"start":{"line":78,"column":4},"end":{"line":81,"column":null}},"28":{"start":{"line":79,"column":6},"end":{"line":79,"column":null}},"29":{"start":{"line":80,"column":6},"end":{"line":80,"column":null}},"30":{"start":{"line":84,"column":28},"end":{"line":88,"column":null}},"31":{"start":{"line":90,"column":27},"end":{"line":90,"column":null}},"32":{"start":{"line":92,"column":4},"end":{"line":96,"column":null}},"33":{"start":{"line":93,"column":6},"end":{"line":95,"column":null}},"34":{"start":{"line":99,"column":49},"end":{"line":109,"column":null}},"35":{"start":{"line":111,"column":4},"end":{"line":114,"column":null}},"36":{"start":{"line":112,"column":6},"end":{"line":112,"column":null}},"37":{"start":{"line":113,"column":6},"end":{"line":113,"column":null}},"38":{"start":{"line":116,"column":4},"end":{"line":116,"column":null}},"39":{"start":{"line":118,"column":4},"end":{"line":118,"column":null}},"40":{"start":{"line":129,"column":2},"end":{"line":184,"column":null}},"41":{"start":{"line":131,"column":22},"end":{"line":131,"column":null}},"42":{"start":{"line":133,"column":4},"end":{"line":138,"column":null}},"43":{"start":{"line":134,"column":6},"end":{"line":136,"column":null}},"44":{"start":{"line":141,"column":20},"end":{"line":141,"column":null}},"45":{"start":{"line":146,"column":4},"end":{"line":158,"column":null}},"46":{"start":{"line":147,"column":6},"end":{"line":150,"column":null}},"47":{"start":{"line":153,"column":6},"end":{"line":153,"column":null}},"48":{"start":{"line":154,"column":6},"end":{"line":156,"column":null}},"49":{"start":{"line":161,"column":4},"end":{"line":174,"column":null}},"50":{"start":{"line":163,"column":8},"end":{"line":163,"column":null}},"51":{"start":{"line":164,"column":8},"end":{"line":164,"column":null}},"52":{"start":{"line":166,"column":8},"end":{"line":166,"column":null}},"53":{"start":{"line":167,"column":8},"end":{"line":167,"column":null}},"54":{"start":{"line":169,"column":8},"end":{"line":169,"column":null}},"55":{"start":{"line":170,"column":8},"end":{"line":170,"column":null}},"56":{"start":{"line":173,"column":8},"end":{"line":173,"column":null}},"57":{"start":{"line":177,"column":4},"end":{"line":180,"column":null}},"58":{"start":{"line":182,"column":4},"end":{"line":182,"column":null}},"59":{"start":{"line":183,"column":4},"end":{"line":183,"column":null}}},"fnMap":{"0":{"name":"streamToBuffer","decl":{"start":{"line":27,"column":15},"end":{"line":27,"column":30}},"loc":{"start":{"line":27,"column":60},"end":{"line":38,"column":null}}},"1":{"name":"handleCheckoutSessionCompleted","decl":{"start":{"line":44,"column":15},"end":{"line":44,"column":46}},"loc":{"start":{"line":44,"column":78},"end":{"line":120,"column":null}}},"2":{"name":"POST","decl":{"start":{"line":128,"column":22},"end":{"line":128,"column":27}},"loc":{"start":{"line":128,"column":43},"end":{"line":185,"column":null}}}},"branchMap":{"0":{"loc":{"start":{"line":14,"column":26},"end":{"line":14,"column":null}},"type":"binary-expr","locations":[{"start":{"line":14,"column":26},"end":{"line":14,"column":55}},{"start":{"line":14,"column":59},"end":{"line":14,"column":null}}]},"1":{"loc":{"start":{"line":15,"column":30},"end":{"line":15,"column":null}},"type":"binary-expr","locations":[{"start":{"line":15,"column":30},"end":{"line":15,"column":63}},{"start":{"line":15,"column":67},"end":{"line":15,"column":null}}]},"2":{"loc":{"start":{"line":33,"column":4},"end":{"line":33,"column":null}},"type":"if","locations":[{"start":{"line":33,"column":4},"end":{"line":33,"column":null}}]},"3":{"loc":{"start":{"line":47,"column":20},"end":{"line":47,"column":null}},"type":"binary-expr","locations":[{"start":{"line":47,"column":20},"end":{"line":47,"column":47}},{"start":{"line":47,"column":51},"end":{"line":47,"column":null}}]},"4":{"loc":{"start":{"line":50,"column":4},"end":{"line":53,"column":null}},"type":"if","locations":[{"start":{"line":50,"column":4},"end":{"line":53,"column":null}}]},"5":{"loc":{"start":{"line":50,"column":8},"end":{"line":50,"column":29}},"type":"binary-expr","locations":[{"start":{"line":50,"column":8},"end":{"line":50,"column":20}},{"start":{"line":50,"column":20},"end":{"line":50,"column":29}}]},"6":{"loc":{"start":{"line":65,"column":4},"end":{"line":68,"column":null}},"type":"if","locations":[{"start":{"line":65,"column":4},"end":{"line":68,"column":null}}]},"7":{"loc":{"start":{"line":65,"column":8},"end":{"line":65,"column":34}},"type":"binary-expr","locations":[{"start":{"line":65,"column":8},"end":{"line":65,"column":24}},{"start":{"line":65,"column":24},"end":{"line":65,"column":34}}]},"8":{"loc":{"start":{"line":78,"column":4},"end":{"line":81,"column":null}},"type":"if","locations":[{"start":{"line":78,"column":4},"end":{"line":81,"column":null}}]},"9":{"loc":{"start":{"line":92,"column":4},"end":{"line":96,"column":null}},"type":"if","locations":[{"start":{"line":92,"column":4},"end":{"line":96,"column":null}}]},"10":{"loc":{"start":{"line":94,"column":8},"end":{"line":94,"column":null}},"type":"cond-expr","locations":[{"start":{"line":94,"column":22},"end":{"line":94,"column":44}},{"start":{"line":94,"column":47},"end":{"line":94,"column":null}}]},"11":{"loc":{"start":{"line":111,"column":4},"end":{"line":114,"column":null}},"type":"if","locations":[{"start":{"line":111,"column":4},"end":{"line":114,"column":null}}]},"12":{"loc":{"start":{"line":133,"column":4},"end":{"line":138,"column":null}},"type":"if","locations":[{"start":{"line":133,"column":4},"end":{"line":138,"column":null}}]},"13":{"loc":{"start":{"line":161,"column":4},"end":{"line":174,"column":null}},"type":"switch","locations":[{"start":{"line":162,"column":6},"end":{"line":164,"column":null}},{"start":{"line":165,"column":6},"end":{"line":167,"column":null}},{"start":{"line":168,"column":6},"end":{"line":170,"column":null}},{"start":{"line":172,"column":6},"end":{"line":173,"column":null}}]},"14":{"loc":{"start":{"line":183,"column":25},"end":{"line":183,"column":null}},"type":"cond-expr","locations":[{"start":{"line":183,"column":50},"end":{"line":183,"column":58}},{"start":{"line":183,"column":58},"end":{"line":183,"column":null}}]}},"s":{"0":0,"1":0,"2":0,"3":0,"4":0,"5":0,"6":0,"7":0,"8":0,"9":0,"10":0,"11":0,"12":0,"13":0,"14":0,"15":0,"16":0,"17":0,"18":0,"19":0,"20":0,"21":0,"22":0,"23":0,"24":0,"25":0,"26":0,"27":0,"28":0,"29":0,"30":0,"31":0,"32":0,"33":0,"34":0,"35":0,"36":0,"37":0,"38":0,"39":0,"40":0,"41":0,"42":0,"43":0,"44":0,"45":0,"46":0,"47":0,"48":0,"49":0,"50":0,"51":0,"52":0,"53":0,"54":0,"55":0,"56":0,"57":0,"58":0,"59":0},"f":{"0":0,"1":0,"2":0},"b":{"0":[0,0],"1":[0,0],"2":[0],"3":[0,0],"4":[0],"5":[0,0],"6":[0],"7":[0,0],"8":[0],"9":[0],"10":[0,0],"11":[0],"12":[0],"13":[0,0,0,0],"14":[0,0]}}
,"/home/ajk/SnagrAI/v0-findr-landing-page/app/api/v1/searches/route.ts": {"path":"/home/ajk/SnagrAI/v0-findr-landing-page/app/api/v1/searches/route.ts","statementMap":{"0":{"start":{"line":79,"column":13},"end":{"line":79,"column":16}},"1":{"start":{"line":40,"column":13},"end":{"line":40,"column":17}},"2":{"start":{"line":11,"column":7},"end":{"line":11,"column":null}},"3":{"start":{"line":12,"column":30},"end":{"line":12,"column":null}},"4":{"start":{"line":13,"column":39},"end":{"line":13,"column":null}},"5":{"start":{"line":16,"column":27},"end":{"line":24,"column":null}},"6":{"start":{"line":27,"column":31},"end":{"line":30,"column":null}},"7":{"start":{"line":28,"column":48},"end":{"line":28,"column":null}},"8":{"start":{"line":29,"column":49},"end":{"line":29,"column":null}},"9":{"start":{"line":40,"column":20},"end":{"line":71,"column":null}},"10":{"start":{"line":43,"column":29},"end":{"line":43,"column":null}},"11":{"start":{"line":44,"column":4},"end":{"line":44,"column":null}},"12":{"start":{"line":44,"column":26},"end":{"line":44,"column":null}},"13":{"start":{"line":47,"column":25},"end":{"line":47,"column":51}},"14":{"start":{"line":50,"column":32},"end":{"line":52,"column":null}},"15":{"start":{"line":58,"column":4},"end":{"line":62,"column":null}},"16":{"start":{"line":59,"column":6},"end":{"line":61,"column":null}},"17":{"start":{"line":60,"column":8},"end":{"line":60,"column":null}},"18":{"start":{"line":65,"column":4},"end":{"line":69,"column":null}},"19":{"start":{"line":79,"column":19},"end":{"line":105,"column":null}},"20":{"start":{"line":82,"column":29},"end":{"line":82,"column":null}},"21":{"start":{"line":83,"column":4},"end":{"line":83,"column":null}},"22":{"start":{"line":83,"column":26},"end":{"line":83,"column":null}},"23":{"start":{"line":86,"column":30},"end":{"line":86,"column":57}},"24":{"start":{"line":89,"column":32},"end":{"line":91,"column":null}},"25":{"start":{"line":95,"column":4},"end":{"line":103,"column":null}}},"fnMap":{"0":{"name":"(anonymous_3)","decl":{"start":{"line":28,"column":41},"end":{"line":28,"column":48}},"loc":{"start":{"line":28,"column":48},"end":{"line":28,"column":null}}},"1":{"name":"(anonymous_4)","decl":{"start":{"line":29,"column":42},"end":{"line":29,"column":49}},"loc":{"start":{"line":29,"column":49},"end":{"line":29,"column":null}}},"2":{"name":"(anonymous_5)","decl":{"start":{"line":41,"column":2},"end":{"line":41,"column":9}},"loc":{"start":{"line":41,"column":27},"end":{"line":70,"column":null}}},"3":{"name":"(anonymous_6)","decl":{"start":{"line":58,"column":15},"end":{"line":58,"column":null}},"loc":{"start":{"line":58,"column":15},"end":{"line":62,"column":7}}},"4":{"name":"(anonymous_7)","decl":{"start":{"line":59,"column":53},"end":{"line":59,"column":null}},"loc":{"start":{"line":59,"column":53},"end":{"line":61,"column":null}}},"5":{"name":"(anonymous_8)","decl":{"start":{"line":80,"column":2},"end":{"line":80,"column":9}},"loc":{"start":{"line":80,"column":27},"end":{"line":104,"column":null}}}},"branchMap":{"0":{"loc":{"start":{"line":28,"column":48},"end":{"line":28,"column":null}},"type":"cond-expr","locations":[{"start":{"line":28,"column":54},"end":{"line":28,"column":74}},{"start":{"line":28,"column":74},"end":{"line":28,"column":null}}]},"1":{"loc":{"start":{"line":29,"column":49},"end":{"line":29,"column":null}},"type":"cond-expr","locations":[{"start":{"line":29,"column":55},"end":{"line":29,"column":75}},{"start":{"line":29,"column":75},"end":{"line":29,"column":null}}]},"2":{"loc":{"start":{"line":44,"column":4},"end":{"line":44,"column":null}},"type":"if","locations":[{"start":{"line":44,"column":4},"end":{"line":44,"column":null}}]},"3":{"loc":{"start":{"line":83,"column":4},"end":{"line":83,"column":null}},"type":"if","locations":[{"start":{"line":83,"column":4},"end":{"line":83,"column":null}}]}},"s":{"0":0,"1":0,"2":0,"3":0,"4":0,"5":0,"6":0,"7":0,"8":0,"9":0,"10":0,"11":0,"12":0,"13":0,"14":0,"15":0,"16":0,"17":0,"18":0,"19":0,"20":0,"21":0,"22":0,"23":0,"24":0,"25":0},"f":{"0":0,"1":0,"2":0,"3":0,"4":0,"5":0},"b":{"0":[0,0],"1":[0,0],"2":[0],"3":[0]}}
,"/home/ajk/SnagrAI/v0-findr-landing-page/app/api/v1/searches/[searchId]/results/route.ts": {"path":"/home/ajk/SnagrAI/v0-findr-landing-page/app/api/v1/searches/[searchId]/results/route.ts","statementMap":{"0":{"start":{"line":26,"column":13},"end":{"line":26,"column":19}},"1":{"start":{"line":10,"column":7},"end":{"line":10,"column":null}},"2":{"start":{"line":11,"column":30},"end":{"line":11,"column":null}},"3":{"start":{"line":12,"column":25},"end":{"line":12,"column":null}},"4":{"start":{"line":15,"column":30},"end":{"line":19,"column":null}},"5":{"start":{"line":16,"column":48},"end":{"line":16,"column":null}},"6":{"start":{"line":17,"column":49},"end":{"line":17,"column":null}},"7":{"start":{"line":26,"column":19},"end":{"line":96,"column":null}},"8":{"start":{"line":29,"column":25},"end":{"line":29,"column":null}},"9":{"start":{"line":31,"column":4},"end":{"line":36,"column":null}},"10":{"start":{"line":32,"column":6},"end":{"line":34,"column":null}},"11":{"start":{"line":39,"column":29},"end":{"line":39,"column":null}},"12":{"start":{"line":40,"column":4},"end":{"line":40,"column":null}},"13":{"start":{"line":40,"column":26},"end":{"line":40,"column":null}},"14":{"start":{"line":43,"column":38},"end":{"line":43,"column":65}},"15":{"start":{"line":46,"column":49},"end":{"line":51,"column":null}},"16":{"start":{"line":53,"column":4},"end":{"line":58,"column":null}},"17":{"start":{"line":54,"column":6},"end":{"line":56,"column":null}},"18":{"start":{"line":61,"column":43},"end":{"line":67,"column":null}},"19":{"start":{"line":69,"column":4},"end":{"line":75,"column":null}},"20":{"start":{"line":70,"column":6},"end":{"line":70,"column":null}},"21":{"start":{"line":71,"column":6},"end":{"line":73,"column":null}},"22":{"start":{"line":78,"column":31},"end":{"line":80,"column":null}},"23":{"start":{"line":84,"column":4},"end":{"line":94,"column":null}}},"fnMap":{"0":{"name":"(anonymous_1)","decl":{"start":{"line":16,"column":41},"end":{"line":16,"column":48}},"loc":{"start":{"line":16,"column":48},"end":{"line":16,"column":null}}},"1":{"name":"(anonymous_2)","decl":{"start":{"line":17,"column":42},"end":{"line":17,"column":49}},"loc":{"start":{"line":17,"column":49},"end":{"line":17,"column":null}}},"2":{"name":"(anonymous_3)","decl":{"start":{"line":27,"column":2},"end":{"line":27,"column":9}},"loc":{"start":{"line":27,"column":92},"end":{"line":95,"column":null}}}},"branchMap":{"0":{"loc":{"start":{"line":16,"column":48},"end":{"line":16,"column":null}},"type":"cond-expr","locations":[{"start":{"line":16,"column":54},"end":{"line":16,"column":74}},{"start":{"line":16,"column":74},"end":{"line":16,"column":null}}]},"1":{"loc":{"start":{"line":17,"column":49},"end":{"line":17,"column":null}},"type":"cond-expr","locations":[{"start":{"line":17,"column":55},"end":{"line":17,"column":75}},{"start":{"line":17,"column":75},"end":{"line":17,"column":null}}]},"2":{"loc":{"start":{"line":31,"column":4},"end":{"line":36,"column":null}},"type":"if","locations":[{"start":{"line":31,"column":4},"end":{"line":36,"column":null}}]},"3":{"loc":{"sta
[...]
,"column":14},"end":{"line":94,"column":null}},"37":{"start":{"line":97,"column":25},"end":{"line":97,"column":null}},"38":{"start":{"line":98,"column":18},"end":{"line":98,"column":null}},"39":{"start":{"line":101,"column":25},"end":{"line":101,"column":null}},"40":{"start":{"line":102,"column":22},"end":{"line":102,"column":null}},"41":{"start":{"line":103,"column":32},"end":{"line":103,"column":null}},"42":{"start":{"line":106,"column":28},"end":{"line":109,"column":null}},"43":{"start":{"line":107,"column":19},"end":{"line":107,"column":null}},"44":{"start":{"line":108,"column":6},"end":{"line":108,"column":null}},"45":{"start":{"line":110,"column":21},"end":{"line":110,"column":null}},"46":{"start":{"line":113,"column":31},"end":{"line":115,"column":null}},"47":{"start":{"line":114,"column":6},"end":{"line":114,"column":39}},"48":{"start":{"line":116,"column":24},"end":{"line":116,"column":null}},"49":{"start":{"line":119,"column":28},"end":{"line":119,"column":null}},"50":{"start":{"line":120,"column":21},"end":{"line":120,"column":null}},"51":{"start":{"line":123,"column":29},"end":{"line":123,"column":null}},"52":{"start":{"line":124,"column":22},"end":{"line":124,"column":null}},"53":{"start":{"line":127,"column":26},"end":{"line":127,"column":null}},"54":{"start":{"line":128,"column":21},"end":{"line":128,"column":null}},"55":{"start":{"line":131,"column":23},"end":{"line":131,"column":null}},"56":{"start":{"line":134,"column":24},"end":{"line":134,"column":null}},"57":{"start":{"line":135,"column":21},"end":{"line":135,"column":null}},"58":{"start":{"line":137,"column":4},"end":{"line":150,"column":null}},"59":{"start":{"line":152,"column":4},"end":{"line":152,"column":null}},"60":{"start":{"line":153,"column":4},"end":{"line":153,"column":null}},"61":{"start":{"line":163,"column":2},"end":{"line":187,"column":null}},"62":{"start":{"line":165,"column":30},"end":{"line":165,"column":null}},"63":{"start":{"line":166,"column":17},"end":{"line":166,"column":null}},"64":{"start":{"line":167,"column":23},"end":{"line":167,"column":null}},"65":{"start":{"line":170,"column":26},"end":{"line":170,"column":null}},"66":{"start":{"line":171,"column":19},"end":{"line":171,"column":null}},"67":{"start":{"line":174,"column":26},"end":{"line":174,"column":null}},"68":{"start":{"line":175,"column":23},"end":{"line":175,"column":null}},"69":{"start":{"line":176,"column":23},"end":{"line":176,"column":null}},"70":{"start":{"line":178,"column":4},"end":{"line":183,"column":null}},"71":{"start":{"line":185,"column":4},"end":{"line":185,"column":null}},"72":{"start":{"line":186,"column":4},"end":{"line":186,"column":null}},"73":{"start":{"line":196,"column":2},"end":{"line":211,"column":null}},"74":{"start":{"line":200,"column":18},"end":{"line":200,"column":null}},"75":{"start":{"line":201,"column":18},"end":{"line":201,"column":null}},"76":{"start":{"line":203,"column":4},"end":{"line":205,"column":null}},"77":{"start":{"line":204,"column":6},"end":{"line":204,"column":null}},"78":{"start":{"line":207,"column":4},"end":{"line":207,"column":null}},"79":{"start":{"line":209,"column":4},"end":{"line":209,"column":null}},"80":{"start":{"line":210,"column":4},"end":{"line":210,"column":null}},"81":{"start":{"line":220,"column":2},"end":{"line":241,"column":null}},"82":{"start":{"line":221,"column":4},"end":{"line":223,"column":null}},"83":{"start":{"line":222,"column":6},"end":{"line":222,"column":null}},"84":{"start":{"line":226,"column":27},"end":{"line":226,"column":58}},"85":{"start":{"line":227,"column":21},"end":{"line":227,"column":null}},"86":{"start":{"line":230,"column":25},"end":{"line":230,"column":null}},"87":{"start":{"line":231,"column":18},"end":{"line":231,"column":null}},"88":{"start":{"line":233,"column":4},"end":{"line":235,"column":null}},"89":{"start":{"line":234,"column":6},"end":{"line":234,"column":null}},"90":{"start":{"line":237,"column":4},"end":{"line":237,"column":null}},"91":{"start":{"line":239,"column":4},"end":{"line":239,"column":null}},"92":{"start":{"line":240,"column":4},"end":{"line":240,"column":null}},"93":{"start":{"line":250,"column":44},"end":{"line":260,"column":null}},"94":{"start":{"line":262,"column":2},"end":{"line":262,"column":null}}},"fnMap":{"0":{"name":"parseMarketplaceSearchResults","decl":{"start":{"line":17,"column":16},"end":{"line":17,"column":45}},"loc":{"start":{"line":17,"column":58},"end":{"line":84,"column":null}}},"1":{"name":"(anonymous_9)","decl":{"start":{"line":31,"column":25},"end":{"line":31,"column":26}},"loc":{"start":{"line":31,"column":29},"end":{"line":77,"column":null}}},"2":{"name":"parseMarketplaceListingDetails","decl":{"start":{"line":92,"column":16},"end":{"line":92,"column":46}},"loc":{"start":{"line":92,"column":78},"end":{"line":155,"column":null}}},"3":{"name":"(anonymous_11)","decl":{"start":{"line":106,"column":59},"end":{"line":106,"column":60}},"loc":{"start":{"line":106,"column":63},"end":{"line":109,"column":7}}},"4":{"name":"(anonymous_12)","decl":{"start":{"line":113,"column":59},"end":{"line":113,"column":60}},"loc":{"start":{"line":113,"column":63},"end":{"line":115,"column":7}}},"5":{"name":"extractSellerInfo","decl":{"start":{"line":162,"column":9},"end":{"line":162,"column":27}},"loc":{"start":{"line":162,"column":48},"end":{"line":188,"column":null}}},"6":{"name":"extractListingIdFromUrl","decl":{"start":{"line":195,"column":16},"end":{"line":195,"column":39}},"loc":{"start":{"line":195,"column":51},"end":{"line":212,"column":null}}},"7":{"name":"extractPriceAndCurrency","decl":{"start":{"line":219,"column":16},"end":{"line":219,"column":39}},"loc":{"start":{"line":219,"column":57},"end":{"line":242,"column":null}}},"8":{"name":"currencySymbolToCode","decl":{"start":{"line":249,"column":9},"end":{"line":249,"column":30}},"loc":{"start":{"line":249,"column":44},"end":{"line":263,"column":null}}}},"branchMap":{"0":{"loc":{"start":{"line":26,"column":4},"end":{"line":29,"column":null}},"type":"if","locations":[{"start":{"line":26,"column":4},"end":{"line":29,"column":null}}]},"1":{"loc":{"start":{"line":38,"column":50},"end":{"line":38,"column":null}},"type":"binary-expr","locations":[{"start":{"line":38,"column":50},"end":{"line":38,"column":64}},{"start":{"line":38,"column":64},"end":{"line":38,"column":null}}]},"2":{"loc":{"start":{"line":40,"column":8},"end":{"line":42,"column":null}},"type":"if","locations":[{"start":{"line":40,"column":8},"end":{"line":42,"column":null}}]},"3":{"loc":{"start":{"line":40,"column":12},"end":{"line":40,"column":39}},"type":"binary-expr","locations":[{"start":{"line":40,"column":12},"end":{"line":40,"column":26}},{"start":{"line":40,"column":26},"end":{"line":40,"column":39}}]},"4":{"loc":{"start":{"line":59,"column":25},"end":{"line":59,"column":null}},"type":"binary-expr","locations":[{"start":{"line":59,"column":25},"end":{"line":59,"column":53}},{"start":{"line":59,"column":53},"end":{"line":59,"column":null}}]},"5":{"loc":{"start":{"line":64,"column":17},"end":{"line":64,"column":66}},"type":"binary-expr","locations":[{"start":{"line":64,"column":17},"end":{"line":64,"column":26}},{"start":{"line":64,"column":26},"end":{"line":64,"column":66}}]},"6":{"loc":{"start":{"line":68,"column":22},"end":{"line":68,"column":106}},"type":"cond-expr","locations":[{"start":{"line":68,"column":54},"end":{"line":68,"column":67}},{"start":{"line":68,"column":67},"end":{"line":68,"column":106}}]},"7":{"loc":{"start":{"line":108,"column":13},"end":{"line":108,"column":null}},"type":"binary-expr","locations":[{"start":{"line":108,"column":13},"end":{"line":108,"column":35}},{"start":{"line":108,"column":35},"end":{"line":108,"column":null}}]},"8":{"loc":{"start":{"line":139,"column":13},"end":{"line":139,"column":62}},"type":"binary-expr","locations":[{"start":{"line":139,"column":13},"end":{"line":139,"column":22}},{"start":{"line":139,"column":22},"end":{"line":139,"column":62}}]},"9":{"loc":{"start":{"line":182,"column":18},"end":{"line":182,"column":109}},"type":"cond-expr","locations":[{"start":{"line":182,"column":51},"end":{"line":182,"column":64}},{"start":{"line":182,"column":64},"end":{"line":182,"column":109}}]},"10":{"loc":{"start":{"line":182,"column":91},"end":{"line":182,"column":109}},"type":"binary-expr","locations":[{"start":{"line":182,"column":91},"end":{"line":182,"column":105}},{"start":{"line":182,"column":105},"end":{"line":182,"column":109}}]},"11":{"loc":{"start":{"line":203,"column":4},"end":{"line":205,"column":null}},"type":"if","locations":[{"start":{"line":203,"column":4},"end":{"line":205,"column":null}}]},"12":{"loc":{"start":{"line":203,"column":8},"end":{"line":203,"column":25}},"type":"binary-expr","locations":[{"start":{"line":203,"column":8},"end":{"line":203,"column":17}},{"start":{"line":203,"column":17},"end":{"line":203,"column":25}}]},"13":{"loc":{"start":{"line":221,"column":4},"end":{"line":223,"column":null}},"type":"if","locations":[{"start":{"line":221,"column":4},"end":{"line":223,"column":null}}]},"14":{"loc":{"start":{"line":227,"column":42},"end":{"line":227,"column":null}},"type":"binary-expr","locations":[{"start":{"line":227,"column":42},"end":{"line":227,"column":60}},{"start":{"line":227,"column":60},"end":{"line":227,"column":null}}]},"15":{"loc":{"start":{"line":233,"column":4},"end":{"line":235,"column":null}},"type":"if","locations":[{"start":{"line":233,"column":4},"end":{"line":235,"column":null}}]},"16":{"loc":{"start":{"line":262,"column":9},"end":{"line":262,"column":null}},"type":"binary-expr","locations":[{"start":{"line":262,"column":9},"end":{"line":262,"column":26}},{"start":{"line":262,"column":30},"end":{"line":262,"column":null}}]}},"s":{"0":0,"1":0,"2":0,"3":0,"4":0,"5":0,"6":0,"7":0,"8":0,"9":0,"10":0,"11":0,"12":0,"13":0,"14":0,"15":0,"16":0,"17":0,"18":0,"19":0,"20":0,"21":0,"22":0,"23":0,"24":0,"25":0,"26":0,"27":0,"28":0,"29":0,"30":0,"31":0,"32":0,"33":0,"34":0,"35":0,"36":0,"37":0,"38":0,"39":0,"40":0,"41":0,"42":0,"43":0,"44":0,"45":0,"46":0,"47":0,"48":0,"49":0,"50":0,"51":0,"52":0,"53":0,"54":0,"55":0,"56":0,"57":0,"58":0,"59":0,"60":0,"61":0,"62":0,"63":0,"64":0,"65":0,"66":0,"67":0,"68":0,"69":0,"70":0,"71":0,"72":0,"73":0,"74":0,"75":0,"76":0,"77":0,"78":0,"79":0,"80":0,"81":0,"82":0,"83":0,"84":0,"85":0,"86":0,"87":0,"88":0,"89":0,"90":0,"91":0,"92":0,"93":0,"94":0},"f":{"0":0,"1":0,"2":0,"3":0,"4":0,"5":0,"6":0,"7":0,"8":0},"b":{"0":[0],"1":[0,0],"2":[0],"3":[0,0],"4":[0,0],"5":[0,0],"6":[0,0],"7":[0,0],"8":[0,0],"9":[0,0],"10":[0,0],"11":[0],"12":[0,0],"13":[0],"14":[0,0],"15":[0],"16":[0,0]}}
,"/home/ajk/SnagrAI/v0-findr-landing-page/lib/utils/rate-limiter.ts": {"path":"/home/ajk/SnagrAI/v0-findr-landing-page/lib/utils/rate-limiter.ts","statementMap":{"0":{"start":{"line":127,"column":13},"end":{"line":127,"column":37}},"1":{"start":{"line":28,"column":13},"end":{"line":28,"column":35}},"2":{"start":{"line":39,"column":4},"end":{"line":39,"column":null}},"3":{"start":{"line":40,"column":4},"end":{"line":40,"column":null}},"4":{"start":{"line":41,"column":4},"end":{"line":41,"column":null}},"5":{"start":{"line":42,"column":4},"end":{"line":42,"column":null}},"6":{"start":{"line":49,"column":16},"end":{"line":49,"column":null}},"7":{"start":{"line":50,"column":22},"end":{"line":50,"column":52}},"8":{"start":{"line":52,"column":4},"end":{"line":54,"column":null}},"9":{"start":{"line":53,"column":6},"end":{"line":53,"column":null}},"10":{"start":{"line":57,"column":24},"end":{"line":57,"column":60}},"11":{"start":{"line":60,"column":4},"end":{"line":60,"column":null}},"12":{"start":{"line":61,"column":4},"end":{"line":61,"column":null}},"13":{"start":{"line":70,"column":4},"end":{"line":70,"column":null}},"14":{"start":{"line":71,"column":4},"end":{"line":71,"column":null}},"15":{"start":{"line":80,"column":4},"end":{"line":82,"column":null}},"16":{"start":{"line":81,"column":6},"end":{"line":81,"column":null}},"17":{"start":{"line":84,"column":4},"end":{"line":84,"column":null}},"18":{"start":{"line":85,"column":4},"end":{"line":85,"column":null}},"19":{"start":{"line":95,"column":4},"end":{"line":97,"column":null}},"20":{"start":{"line":96,"column":6},"end":{"line":96,"column":null}},"21":{"start":{"line":100,"column":4},"end":{"line":100,"column":null}},"22":{"start":{"line":101,"column":25},"end":{"line":101,"column":45}},"23":{"start":{"line":102,"column":23},"end":{"line":102,"column":null}},"24":{"start":{"line":105,"column":4},"end":{"line":105,"column":null}},"25":{"start":{"line":105,"column":33},"end":{"line":105,"column":null}},"26":{"start":{"line":106,"column":4},"end":{"line":106,"column":null}},"27":{"start":{"line":114,"column":4},"end":{"line":114,"column":null}},"28":{"start":{"line":115,"column":4},"end":{"line":115,"column":null}},"29":{"start":{"line":130,"column":10},"end":{"line":130,"column":null}},"30":{"start":{"line":137,"column":4},"end":{"line":137,"column":null}},"31":{"start":{"line":138,"column":4},"end":{"line":138,"column":null}},"32":{"start":{"line":145,"column":16},"end":{"line":145,"column":null}},"33":{"start":{"line":146,"column":24},"end":{"line":146,"column":43}},"34":{"start":{"line":149,"column":4},"end":{"line":150,"column":null}},"35":{"start":{"line":150,"column":19},"end":{"line":150,"column":null}},"36":{"start":{"line":159,"column":4},"end":{"line":159,"column":null}},"37":{"start":{"line":160,"column":4},"end":{"line":160,"column":null}},"38":{"start":{"line":168,"column":4},"end":{"line":170,"column":null}},"39":{"start":{"line":169,"column":6},"end":{"line":169,"column":null}},"40":{"start":{"line":172,"column":4},"end":{"line":172,"column":null}},"41":{"start":{"line":173,"column":4},"end":{"line":173,"column":null}},"42":{"start":{"line":182,"column":4},"end":{"line":184,"column":null}},"43":{"start":{"line":183,"column":6},"end":{"line":183,"column":null}},"44":{"start":{"line":187,"column":4},"end":{"line":187,"column":null}},"45":{"start":{"line":188,"column":28},"end":{"line":188,"column":53}},"46":{"start":{"line":189,"column":23},"end":{"line":189,"column":74}},"47":{"start":{"line":192,"column":4},"end":{"line":192,"column":null}},"48":{"start":{"line":192,"column":33},"end":{"line":192,"column":null}},"49":{"start":{"line":193,"column":4},"end":{"line":193,"column":null}},"50":{"start":{"line":201,"column":4},"end":{"line":201,"column":null}},"51":{"start":{"line":202,"column":4},"end":{"line":202,"column":null}},"52":{"start":{"line":210,"column":4},"end":{"line":212,"column":null}},"53":{"start":{"line":211,"column":6},"end":{"line":211,"column":null}},"54":{"start":{"line":214,"column":4},"end":{"line":214,"column":null}},"55":{"start":{"line":215,"column":28},"end":{"line":215,"column":53}},"56":{"start":{"line":216,"column":4},"end":{"line":216,"column":null}}},"fnMap":{"0":{"name":"(anonymous_3)","decl":{"start":{"line":38,"column":2},"end":{"line":38,"column":14}},"loc":{"start":{"line":38,"column":43},"end":{"line":43,"column":null}}},"1":{"name":"(anonymous_4)","decl":{"start":{"line":48,"column":2},"end":{"line":48,"column":24}},"loc":{"start":{"line":48,"column":25},"end":{"line":62,"column":null}}},"2":{"name":"(anonymous_5)","decl":{"start":{"line":69,"column":2},"end":{"line":69,"column":13}},"loc":{"start":{"line":69,"column":42},"end":{"line":72,"column":null}}},"3":{"name":"(anonymous_6)","decl":{"start":{"line":79,"column":2},"end":{"line":79,"column":10}},"loc":{"start":{"line":79,"column":39},"end":{"line":86,"column":null}}},"4":{"name":"(anonymous_7)","decl":{"start":{"line":93,"column":2},"end":{"line":93,"column":8}},"loc":{"start":{"line":93,"column":56},"end":{"line":107,"column":null}}},"5":{"name":"(anonymous_8)","decl":{"start":{"line":105,"column":22},"end":{"line":105,"column":33}},"loc":{"start":{"line":105,"column":33},"end":{"line":105,"column":null}}},"6":{"name":"(anonymous_9)","decl":{"start":{"line":113,"column":2},"end":{"line":113,"column":22}},"loc":{"start":{"line":113,"column":22},"end":{"line":116,"column":null}}},"7":{"name":"(anonymous_10)","decl":{"start":{"line":136,"column":2},"end":{"line":136,"column":14}},"loc":{"start":{"line":136,"column":45},"end":{"line":139,"column":null}}},"8":{"name":"(anonymous_11)","decl":{"start":{"line":144,"column":2},"end":{"line":144,"column":37}},"loc":{"start":{"line":144,"column":38},"end":{"line":152,"column":null}}},"9":{"name":"(anonymous_12)","decl":{"start":{"line":150,"column":6},"end":{"line":150,"column":19}},"loc":{"start":{"line":150,"column":19},"end":{"line":150,"column":null}}},"10":{"name":"(anonymous_13)","decl":{"start":{"line":158,"column":2},"end":{"line":158,"column":28}},"loc":{"start":{"line":158,"column":28},"end":{"line":161,"column":null}}},"11":{"name":"(anonymous_14)","decl":{"start":{"line":167,"column":2},"end":{"line":167,"column":27}},"loc":{"start":{"line":167,"column":27},"end":{"line":174,"column":null}}},"12":{"name":"(anonymous_15)","decl":{"start":{"line":180,"column":2},"end":{"line":180,"column":8}},"loc":{"start":{"line":180,"column":44},"end":{"line":194,"column":null}}},"13":{"name":"(anonymous_16)","decl":{"start":{"line":192,"column":22},"end":{"line":192,"column":33}},"loc":{"start":{"line":192,"column":33},"end":{"line":192,"column":null}}},"14":{"name":"(anonymous_17)","decl":{"start":{"line":200,"column":2},"end":{"line":200,"column":28}},"loc":{"start":{"line":200,"column":28},"end":{"line":203,"column":null}}},"15":{"name":"(anonymous_18)","decl":{"start":{"line":209,"column":2},"end":{"line":209,"column":36}},"loc":{"start":{"line":209,"column":36},"end":{"line":217,"column":null}}}},"branchMap":{"0":{"loc":{"start":{"line":40,"column":18},"end":{"line":40,"column":96}},"type":"cond-expr","locations":[{"start":{"line":40,"column":56},"end":{"line":40,"column":77}},{"start":{"line":40,"column":80},"end":{"line":40,"column":96}}]},"1":{"loc":{"start":{"line":52,"column":4},"end":{"line":54,"column":null}},"type":"if","locations":[{"start":{"line":52,"column":4},"end":{"line":54,"column":null}}]},"2":{"loc":{"start":{"line":69,"column":13},"end":{"line":69,"column":31}},"type":"default-arg","locations":[{"start":{"line":69,"column":30},"end":{"line":69,"column":31}}]},"3":{"loc":{"start":{"line":79,"column":10},"end":{"line":79,"column":28}},"type":"default-arg","locations":[{"start":{"line":79,"column":27},"end":{"line":79,"column":28}}]},"4":{"loc":{"start":{"line":80,"column":4},"end":{"line":82,"column":null}},"type":"if","locations":[{"start":{"line":80,"column":4},"end":{"line":82,"column":null}}]},"5":{"loc":{"start":{"line":93,"column":21},"end":{"line":93,"column":39}},"type":"default-arg","locations":[{"start":{"line":93,"column":38},"end":{"line":93,"column":39}}]},"6":{"loc":{"start":{"line":95,"column":4},"end":{"line":97,"column":null}},"type":"if","locations":[{"start":{"line":95,"column":4},"end":{"line":97,"column":null}}]},"7":{"loc":{"start":{"line":168,"column":4},"end":{"line":170,"column":null}},"type":"if","locations":[{"start":{"line":168,"column":4},"end":{"line":170,"column":null}}]},"8":{"loc":{"start":{"line":182,"column":4},"end":{"line":184,"column":null}},"type":"if","locations":[{"start":{"line":182,"column":4},"end":{"line":184,"column":null}}]},"9":{"loc":{"start":{"line":210,"column":4},"end":{"line":212,"column":null}},"type":"if","locations":[{"start":{"line":210,"column":4},"end":{"line":212,"column":null}}]}},"s":{"0":0,"1":0,"2":0,"3":0,"4":0,"5":0,"6":0,"7":0,"8":0,"9":0,"10":0,"11":0,"12":0,"13":0,"14":0,"15":0,"16":0,"17":0,"18":0,"19":0,"20":0,"21":0,"22":0,"23":0,"24":0,"25":0,"26":0,"27":0,"28":0,"29":0,"30":0,"31":0,"32":0,"33":0,"34":0,"35":0,"36":0,"37":0,"38":0,"39":0,"40":0,"41":0,"42":0,"43":0,"44":0,"45":0,"46":0,"47":0,"48":0,"49":0,"50":0,"51":0,"52":0,"53":0,"54":0,"55":0,"56":0},"f":{"0":0,"1":0,"2":0,"3":0,"4":0,"5":0,"6":0,"7":0,"8":0,"9":0,"10":0,"11":0,"12":0,"13":0,"14":0,"15":0},"b":{"0":[0,0],"1":[0],"2":[0],"3":[0],"4":[0],"5":[0],"6":[0],"7":[0],"8":[0],"9":[0]}}
}
