TN:
SF:app/layout.tsx
FN:17,RootLayout
FNF:1
FNH:0
FNDA:0,RootLayout
DA:2,0
DA:4,0
DA:5,0
DA:6,0
DA:7,0
DA:9,0
DA:11,0
DA:17,0
LF:8
LH:0
BRF:0
BRH:0
end_of_record
TN:
SF:app/loading.tsx
FN:1,Loading
FNF:1
FNH:0
FNDA:0,Loading
DA:1,0
DA:2,0
LF:2
LH:0
BRF:0
BRH:0
end_of_record
TN:
SF:app/page.tsx
FN:7,Home
FN:39,(anonymous_3)
FN:47,(anonymous_4)
FNF:3
FNH:0
FNDA:0,Home
FNDA:0,(anonymous_3)
FNDA:0,(anonymous_4)
DA:3,0
DA:5,0
DA:7,0
DA:8,0
DA:39,0
DA:47,0
LF:6
LH:0
BRF:0
BRH:0
end_of_record
TN:
SF:app/admin/layout.tsx
FN:10,AdminLayout
FNF:1
FNH:0
FNDA:0,AdminLayout
DA:2,0
DA:3,0
DA:5,0
DA:10,0
DA:16,0
DA:19,0
DA:22,0
DA:23,0
DA:27,0
DA:34,0
DA:35,0
LF:11
LH:0
BRDA:22,0,0,0
BRDA:34,1,0,0
BRDA:34,2,0,0
BRDA:34,2,1,0
BRF:4
BRH:0
end_of_record
TN:
SF:app/admin/page.tsx
FN:5,AdminDashboard
FNF:1
FNH:0
FNDA:0,AdminDashboard
DA:1,0
DA:3,0
DA:5,0
DA:7,0
DA:14,0
LF:5
LH:0
BRDA:30,0,0,0
BRDA:30,0,1,0
BRDA:38,1,0,0
BRDA:38,1,1,0
BRDA:46,2,0,0
BRDA:46,2,1,0
BRDA:96,3,0,0
BRDA:96,3,1,0
BRDA:102,4,0,0
BRDA:102,4,1,0
BRF:10
BRH:0
end_of_record
TN:
SF:app/admin/brightdata/page.tsx
FN:22,BrightDataAdminPage
FN:33,(anonymous_2)
FN:38,(anonymous_3)
FN:64,(anonymous_4)
FN:93,(anonymous_5)
FN:125,(anonymous_6)
FN:288,(anonymous_7)
FN:307,(anonymous_8)
FN:335,(anonymous_9)
FNF:9
FNH:0
FNDA:0,BrightDataAdminPage
FNDA:0,(anonymous_2)
FNDA:0,(anonymous_3)
FNDA:0,(anonymous_4)
FNDA:0,(anonymous_5)
FNDA:0,(anonymous_6)
FNDA:0,(anonymous_7)
FNDA:0,(anonymous_8)
FNDA:0,(anonymous_9)
DA:3,0
DA:4,0
DA:5,0
DA:6,0
DA:7,0
DA:8,0
DA:9,0
DA:10,0
DA:11,0
DA:12,0
DA:13,0
DA:22,0
DA:23,0
DA:24,0
DA:25,0
DA:26,0
DA:27,0
DA:28,0
DA:29,0
DA:30,0
DA:33,0
DA:34,0
DA:38,0
DA:39,0
DA:40,0
DA:41,0
DA:43,0
DA:45,0
DA:46,0
DA:47,0
DA:50,0
DA:52,0
DA:53,0
DA:56,0
DA:58,0
DA:59,0
DA:64,0
DA:65,0
DA:66,0
DA:67,0
DA:69,0
DA:76,0
DA:77,0
DA:78,0
DA:81,0
DA:83,0
DA:84,0
DA:86,0
DA:87,0
DA:88,0
DA:93,0
DA:94,0
DA:95,0
DA:96,0
DA:97,0
DA:99,0
DA:107,0
DA:108,0
DA:109,0
DA:112,0
DA:114,0
DA:115,0
DA:116,0
DA:118,0
DA:119,0
DA:120,0
DA:125,0
DA:126,0
DA:127,0
DA:128,0
DA:130,0
DA:132,0
DA:133,0
DA:134,0
DA:137,0
DA:139,0
DA:140,0
DA:142,0
DA:143,0
DA:145,0
DA:146,0
DA:147,0
DA:289,0
DA:290,0
DA:308,0
DA:309,0
DA:335,0
LF:87
LH:0
BRDA:45,0,0,0
BRDA:47,1,0,0
BRDA:47,1,1,0
BRDA:52,2,0,0
BRDA:58,3,0,0
BRDA:58,3,1,0
BRDA:76,4,0,0
BRDA:78,5,0,0
BRDA:78,5,1,0
BRDA:86,6,0,0
BRDA:86,6,1,0
BRDA:107,7,0,0
BRDA:109,8,0,0
BRDA:109,8,1,0
BRDA:118,9,0,0
BRDA:118,9,1,0
BRDA:132,10,0,0
BRDA:134,11,0,0
BRDA:134,11,1,0
BRDA:139,12,0,0
BRDA:139,13,0,0
BRDA:139,13,1,0
BRDA:145,14,0,0
BRDA:145,14,1,0
BRDA:155,15,0,0
BRDA:225,16,0,0
BRDA:225,16,1,0
BRDA:340,17,0,0
BRDA:352,18,0,0
BRDA:352,18,1,0
BRDA:375,19,0,0
BRDA:391,20,0,0
BRDA:410,21,0,0
BRF:33
BRH:0
end_of_record
TN:
SF:app/api/v1/admin/process-jobs/route.ts
FN:14,(anonymous_1)
FN:24,(anonymous_2)
FNF:2
FNH:0
FNDA:0,(anonymous_1)
FNDA:0,(anonymous_2)
DA:9,0
DA:10,0
DA:13,0
DA:14,0
DA:24,0
DA:26,0
DA:27,0
DA:30,0
DA:33,0
DA:34,0
DA:35,0
DA:42,0
DA:45,0
LF:13
LH:0
BRDA:14,0,0,0
BRDA:14,0,1,0
BRDA:27,1,0,0
BRDA:34,2,0,0
BRDA:34,3,0,0
BRDA:34,3,1,0
BRF:6
BRH:0
end_of_record
TN:
SF:app/api/v1/auth/forgot-password/route.ts
FN:25,(anonymous_1)
FNF:1
FNH:0
FNDA:0,(anonymous_1)
DA:9,0
DA:10,0
DA:13,0
DA:25,0
DA:27,0
DA:28,0
DA:31,0
DA:34,0
DA:36,0
DA:39,0
DA:44,0
LF:11
LH:0
BRDA:28,0,0,0
BRDA:36,1,0,0
BRF:2
BRH:0
end_of_record
TN:
SF:app/api/v1/auth/login/route.ts
FN:26,(anonymous_1)
FNF:1
FNH:0
FNDA:0,(anonymous_1)
DA:9,0
DA:10,0
DA:13,0
DA:26,0
DA:28,0
DA:29,0
DA:32,0
DA:35,0
DA:37,0
DA:38,0
DA:45,0
LF:11
LH:0
BRDA:29,0,0,0
BRDA:37,1,0,0
BRF:2
BRH:0
end_of_record
TN:
SF:app/api/v1/auth/logout/route.ts
FN:11,(anonymous_1)
FNF:1
FNH:0
FNDA:0,(anonymous_1)
DA:2,0
DA:3,0
DA:10,0
DA:13,0
DA:15,0
DA:16,0
DA:21,0
LF:7
LH:0
BRDA:15,0,0,0
BRF:1
BRH:0
end_of_record
TN:
SF:app/api/v1/auth/me/route.ts
FN:11,(anonymous_1)
FNF:1
FNH:0
FNDA:0,(anonymous_1)
DA:2,0
DA:10,0
DA:13,0
LF:3
LH:0
BRF:0
BRH:0
end_of_record
TN:
SF:app/api/v1/auth/register/route.ts
FN:22,(anonymous_1)
FN:35,(anonymous_2)
FNF:2
FNH:0
FNDA:0,(anonymous_1)
FNDA:0,(anonymous_2)
DA:9,0
DA:10,0
DA:13,0
DA:22,0
DA:35,0
DA:37,0
DA:38,0
DA:41,0
DA:44,0
DA:46,0
DA:48,0
DA:49,0
DA:57,0
DA:65,0
LF:14
LH:0
BRDA:38,0,0,0
BRDA:46,1,0,0
BRDA:48,2,0,0
BRDA:48,3,0,0
BRDA:48,3,1,0
BRF:5
BRH:0
end_of_record
TN:
SF:app/api/v1/auth/reset-password/route.ts
FN:21,(anonymous_1)
FN:34,(anonymous_2)
FNF:2
FNH:0
FNDA:0,(anonymous_1)
FNDA:0,(anonymous_2)
DA:9,0
DA:10,0
DA:13,0
DA:21,0
DA:34,0
DA:36,0
DA:37,0
DA:40,0
DA:43,0
DA:45,0
DA:46,0
DA:53,0
LF:12
LH:0
BRDA:37,0,0,0
BRDA:45,1,0,0
BRF:2
BRH:0
end_of_record
TN:
SF:app/api/v1/brightdata/route.ts
FN:16,(anonymous_4)
FN:30,(anonymous_5)
FN:65,(anonymous_6)
FN:106,(anonymous_7)
FNF:4
FNH:0
FNDA:0,(anonymous_4)
FNDA:0,(anonymous_5)
FNDA:0,(anonymous_6)
FNDA:0,(anonymous_7)
DA:10,0
DA:11,0
DA:14,0
DA:16,0
DA:29,0
DA:31,0
DA:33,0
DA:36,0
DA:39,0
DA:47,0
DA:49,0
DA:64,0
DA:66,0
DA:68,0
DA:70,0
DA:71,0
DA:79,0
DA:84,0
DA:86,0
DA:87,0
DA:90,0
DA:105,0
DA:108,0
DA:109,0
DA:112,0
DA:114,0
DA:116,0
DA:118,0
DA:119,0
DA:127,0
DA:132,0
DA:134,0
DA:135,0
DA:138,0
LF:34
LH:0
BRDA:40,0,0,0
BRDA:40,0,1,0
BRDA:41,1,0,0
BRDA:41,1,1,0
BRDA:42,2,0,0
BRDA:42,2,1,0
BRDA:43,3,0,0
BRDA:43,3,1,0
BRDA:52,4,0,0
BRDA:52,4,1,0
BRDA:70,5,0,0
BRDA:86,6,0,0
BRDA:93,7,0,0
BRDA:93,7,1,0
BRDA:109,8,0,0
BRDA:118,9,0,0
BRDA:134,10,0,0
BRDA:141,11,0,0
BRDA:141,11,1,0
BRF:19
BRH:0
end_of_record
TN:
SF:app/api/v1/brightdata/proxy/route.ts
FN:17,(anonymous_1)
FNF:1
FNH:0
FNDA:0,(anonymous_1)
DA:8,0
DA:9,0
DA:16,0
DA:18,0
DA:20,0
DA:23,0
DA:27,0
DA:29,0
LF:8
LH:0
BRDA:32,0,0,0
BRDA:32,0,1,0
BRF:2
BRH:0
end_of_record
TN:
SF:app/api/v1/brightdata/quota/route.ts
FN:17,(anonymous_1)
FNF:1
FNH:0
FNDA:0,(anonymous_1)
DA:8,0
DA:9,0
DA:16,0
DA:18,0
DA:20,0
DA:22,0
DA:23,0
DA:31,0
DA:35,0
DA:37,0
DA:38,0
DA:41,0
LF:12
LH:0
BRDA:22,0,0,0
BRDA:37,1,0,0
BRDA:44,2,0,0
BRDA:44,2,1,0
BRF:4
BRH:0
end_of_record
TN:
SF:app/api/v1/brightdata/test/route.ts
FN:16,(anonymous_1)
FN:30,(anonymous_2)
FNF:2
FNH:0
FNDA:0,(anonymous_1)
FNDA:0,(anonymous_2)
DA:10,0
DA:11,0
DA:14,0
DA:16,0
DA:29,0
DA:32,0
DA:33,0
DA:36,0
DA:38,0
DA:40,0
DA:42,0
DA:43,0
DA:51,0
DA:56,0
DA:58,0
DA:59,0
DA:62,0
LF:17
LH:0
BRDA:33,0,0,0
BRDA:42,1,0,0
BRDA:58,2,0,0
BRDA:65,3,0,0
BRDA:65,3,1,0
BRF:5
BRH:0
end_of_record
TN:
SF:app/api/v1/health/route.ts
FN:9,(anonymous_1)
FNF:1
FNH:0
FNDA:0,(anonymous_1)
DA:2,0
DA:9,0
DA:10,0
LF:3
LH:0
BRF:0
BRH:0
end_of_record
TN:
SF:app/api/v1/payments/[id]/route.ts
FN:17,(anonymous_1)
FNF:1
FNH:0
FNDA:0,(anonymous_1)
DA:8,0
DA:9,0
DA:16,0
DA:19,0
DA:21,0
DA:22,0
DA:29,0
DA:55,0
DA:56,0
DA:63,0
DA:85,0
LF:11
LH:0
BRDA:21,0,0,0
BRDA:55,1,0,0
BRDA:55,2,0,0
BRDA:55,2,1,0
BRDA:71,3,0,0
BRDA:71,3,1,0
BRDA:77,4,0,0
BRDA:77,4,1,0
BRDA:77,5,0,0
BRDA:77,5,1,0
BRF:10
BRH:0
end_of_record
TN:
SF:app/api/v1/payments/[id]/refund/route.ts
FN:38,(anonymous_2)
FNF:1
FNH:0
FNDA:0,(anonymous_2)
DA:10,0
DA:11,0
DA:12,0
DA:15,0
DA:16,0
DA:21,0
DA:37,0
DA:40,0
DA:42,0
DA:43,0
DA:50,0
DA:51,0
DA:54,0
DA:57,0
DA:58,0
DA:65,0
DA:72,0
DA:73,0
DA:80,0
DA:81,0
DA:88,0
DA:90,0
DA:96,0
DA:108,0
DA:109,0
DA:117,0
DA:128,0
DA:130,0
DA:131,0
DA:134,0
LF:30
LH:0
BRDA:15,0,0,0
BRDA:15,0,1,0
BRDA:42,1,0,0
BRDA:51,2,0,0
BRDA:57,3,0,0
BRDA:72,4,0,0
BRDA:72,5,0,0
BRDA:72,5,1,0
BRDA:80,6,0,0
BRDA:108,7,0,0
BRDA:130,8,0,0
BRDA:137,9,0,0
BRDA:137,9,1,0
BRF:13
BRH:0
end_of_record
TN:
SF:app/api/v1/payments/confirm/route.ts
FN:32,(anonymous_1)
FNF:1
FNH:0
FNDA:0,(anonymous_1)
DA:10,0
DA:11,0
DA:14,0
DA:31,0
DA:34,0
DA:35,0
DA:38,0
DA:41,0
DA:48,0
LF:9
LH:0
BRDA:35,0,0,0
BRF:1
BRH:0
end_of_record
TN:
SF:app/api/v1/payments/confirm-checkout/route.ts
FN:29,(anonymous_1)
FNF:1
FNH:0
FNDA:0,(anonymous_1)
DA:10,0
DA:11,0
DA:14,0
DA:28,0
DA:31,0
DA:32,0
DA:35,0
DA:38,0
DA:44,0
LF:9
LH:0
BRDA:32,0,0,0
BRF:1
BRH:0
end_of_record
TN:
SF:app/api/v1/payments/create-checkout/route.ts
FN:29,(anonymous_1)
FNF:1
FNH:0
FNDA:0,(anonymous_1)
DA:10,0
DA:11,0
DA:14,0
DA:28,0
DA:31,0
DA:32,0
DA:35,0
DA:38,0
DA:44,0
LF:9
LH:0
BRDA:32,0,0,0
BRF:1
BRH:0
end_of_record
TN:
SF:app/api/v1/payments/create-intent/route.ts
FN:29,(anonymous_1)
FNF:1
FNH:0
FNDA:0,(anonymous_1)
DA:10,0
DA:11,0
DA:14,0
DA:28,0
DA:31,0
DA:32,0
DA:35,0
DA:38,0
DA:44,0
LF:9
LH:0
BRDA:32,0,0,0
BRF:1
BRH:0
end_of_record
TN:
SF:app/api/v1/payments/history/route.ts
FN:15,(anonymous_1)
FN:16,(anonymous_2)
FN:26,(anonymous_3)
FN:83,(anonymous_4)
FNF:4
FNH:0
FNDA:0,(anonymous_1)
FNDA:0,(anonymous_2)
FNDA:0,(anonymous_3)
FNDA:0,(anonymous_4)
DA:10,0
DA:11,0
DA:14,0
DA:15,0
DA:16,0
DA:25,0
DA:28,0
DA:29,0
DA:32,0
DA:35,0
DA:56,0
DA:57,0
DA:61,0
DA:63,0
DA:64,0
DA:72,0
DA:78,0
DA:79,0
DA:83,0
DA:99,0
LF:20
LH:0
BRDA:15,0,0,0
BRDA:15,0,1,0
BRDA:16,1,0,0
BRDA:16,1,1,0
BRDA:29,2,0,0
BRDA:56,3,0,0
BRDA:63,4,0,0
BRDA:76,5,0,0
BRDA:76,5,1,0
BRDA:78,6,0,0
BRDA:90,7,0,0
BRDA:90,7,1,0
BRDA:102,8,0,0
BRDA:102,8,1,0
BRDA:105,9,0,0
BRDA:105,9,1,0
BRF:16
BRH:0
end_of_record
TN:
SF:app/api/v1/payments/webhook/route.ts
FN:27,streamToBuffer
FN:44,handleCheckoutSessionCompleted
FN:128,POST
FNF:3
FNH:0
FNDA:0,streamToBuffer
FNDA:0,handleCheckoutSessionCompleted
FNDA:0,POST
DA:7,0
DA:8,0
DA:9,0
DA:10,0
DA:14,0
DA:15,0
DA:18,0
DA:28,0
DA:29,0
DA:31,0
DA:32,0
DA:33,0
DA:34,0
DA:37,0
DA:45,0
DA:47,0
DA:48,0
DA:50,0
DA:51,0
DA:52,0
DA:56,0
DA:65,0
DA:66,0
DA:67,0
DA:71,0
DA:78,0
DA:79,0
DA:80,0
DA:84,0
DA:90,0
DA:92,0
DA:93,0
DA:99,0
DA:111,0
DA:112,0
DA:113,0
DA:116,0
DA:118,0
DA:128,0
DA:129,0
DA:131,0
DA:133,0
DA:134,0
DA:141,0
DA:146,0
DA:147,0
DA:153,0
DA:154,0
DA:161,0
DA:163,0
DA:164,0
DA:166,0
DA:167,0
DA:169,0
DA:170,0
DA:173,0
DA:177,0
DA:182,0
DA:183,0
LF:59
LH:0
BRDA:14,0,0,0
BRDA:14,0,1,0
BRDA:15,1,0,0
BRDA:15,1,1,0
BRDA:33,2,0,0
BRDA:47,3,0,0
BRDA:47,3,1,0
BRDA:50,4,0,0
BRDA:50,5,0,0
BRDA:50,5,1,0
BRDA:65,6,0,0
BRDA:65,7,0,0
BRDA:65,7,1,0
BRDA:78,8,0,0
BRDA:92,9,0,0
BRDA:94,10,0,0
BRDA:94,10,1,0
BRDA:111,11,0,0
BRDA:133,12,0,0
BRDA:161,13,0,0
BRDA:161,13,1,0
BRDA:161,13,2,0
BRDA:161,13,3,0
BRDA:183,14,0,0
BRDA:183,14,1,0
BRF:25
BRH:0
end_of_record
TN:
SF:app/api/v1/searches/route.ts
FN:28,(anonymous_3)
FN:29,(anonymous_4)
FN:41,(anonymous_5)
FN:58,(anonymous_6)
FN:59,(anonymous_7)
FN:80,(anonymous_8)
FNF:6
FNH:0
FNDA:0,(anonymous_3)
FNDA:0,(anonymous_4)
FNDA:0,(anonymous_5)
FNDA:0,(anonymous_6)
FNDA:0,(anonymous_7)
FNDA:0,(anonymous_8)
DA:11,0
DA:12,0
DA:13,0
DA:16,0
DA:27,0
DA:28,0
DA:29,0
DA:40,0
DA:43,0
DA:44,0
DA:47,0
DA:50,0
DA:58,0
DA:59,0
DA:60,0
DA:65,0
DA:79,0
DA:82,0
DA:83,0
DA:86,0
DA:89,0
DA:95,0
LF:22
LH:0
BRDA:28,0,0,0
BRDA:28,0,1,0
BRDA:29,1,0,0
BRDA:29,1,1,0
BRDA:44,2,0,0
BRDA:83,3,0,0
BRF:6
BRH:0
end_of_record
TN:
SF:app/api/v1/searches/[searchId]/results/route.ts
FN:16,(anonymous_1)
FN:17,(anonymous_2)
FN:27,(anonymous_3)
FNF:3
FNH:0
FNDA:0,(anonymous_1)
FNDA:0,(anonymous_2)
FNDA:0,(anonymous_3)
DA:10,0
DA:11,0
DA:12,0
DA:15,0
DA:16,0
DA:17,0
DA:26,0
DA:29,0
DA:31,0
DA:32,0
DA:39,0
DA:40,0
DA:43,0
DA:46,0
DA:53,0
DA:54,0
DA:61,0
DA:69,0
DA:70,0
DA:71,0
DA:78,0
DA:84,0
LF:22
LH:0
BRDA:16,0,0,0
BRDA:16,0,1,0
BRDA:17,1,0,0
BRDA:17,1,1,0
BRDA:31,2,0,0
BRDA:40,3,0,0
BRDA:53,4,0,0
BRDA:53,5,0,0
BRDA:53,5,1,0
BRDA:69,6,0,0
BRF:10
BRH:0
end_of_record
TN:
SF:app/api/v1/searches/jobs/[jobId]/route.ts
FN:18,(anonymous_1)
FNF:1
FNH:0
FNDA:0,(anonymous_1)
DA:8,0
DA:10,0
DA:17,0
DA:20,0
DA:22,0
DA:23,0
DA:30,0
DA:37,0
DA:38,0
DA:45,0
DA:50,0
DA:51,0
DA:55,0
LF:13
LH:0
BRDA:22,0,0,0
BRDA:37,1,0,0
BRDA:37,2,0,0
BRDA:37,2,1,0
BRDA:50,3,0,0
BRDA:64,4,0,0
BRDA:64,4,1,0
BRF:7
BRH:0
end_of_record
TN:
SF:app/api/v1/searches/saved/route.ts
FN:23,(anonymous_3)
FN:24,(anonymous_4)
FN:36,(anonymous_5)
FN:96,(anonymous_6)
FNF:4
FNH:0
FNDA:0,(anonymous_3)
FNDA:0,(anonymous_4)
FNDA:0,(anonymous_5)
FNDA:0,(anonymous_6)
DA:11,0
DA:12,0
DA:13,0
DA:16,0
DA:22,0
DA:23,0
DA:24,0
DA:35,0
DA:38,0
DA:39,0
DA:42,0
DA:45,0
DA:52,0
DA:53,0
DA:60,0
DA:67,0
DA:68,0
DA:75,0
DA:82,0
DA:95,0
DA:98,0
DA:99,0
DA:102,0
DA:105,0
DA:111,0
LF:25
LH:0
BRDA:23,0,0,0
BRDA:23,0,1,0
BRDA:24,1,0,0
BRDA:24,1,1,0
BRDA:39,2,0,0
BRDA:52,3,0,0
BRDA:52,4,0,0
BRDA:52,4,1,0
BRDA:67,5,0,0
BRDA:99,6,0,0
BRF:10
BRH:0
end_of_record
TN:
SF:app/api/v1/searches/saved/[savedSearchId]/route.ts
FN:17,(anonymous_1)
FNF:1
FNH:0
FNDA:0,(anonymous_1)
DA:8,0
DA:9,0
DA:16,0
DA:19,0
DA:21,0
DA:22,0
DA:29,0
DA:36,0
DA:37,0
DA:44,0
DA:49,0
DA:50,0
DA:51,0
DA:58,0
LF:14
LH:0
BRDA:21,0,0,0
BRDA:36,1,0,0
BRDA:36,2,0,0
BRDA:36,2,1,0
BRDA:49,3,0,0
BRF:5
BRH:0
end_of_record
TN:
SF:app/api/v1/searches/saved/[savedSearchId]/run/route.ts
FN:20,(anonymous_1)
FN:83,(anonymous_2)
FN:84,(anonymous_3)
FNF:3
FNH:0
FNDA:0,(anonymous_1)
FNDA:0,(anonymous_2)
FNDA:0,(anonymous_3)
DA:8,0
DA:9,0
DA:11,0
DA:12,0
DA:19,0
DA:22,0
DA:24,0
DA:25,0
DA:32,0
DA:39,0
DA:40,0
DA:47,0
DA:48,0
DA:51,0
DA:59,0
DA:60,0
DA:61,0
DA:68,0
DA:78,0
DA:79,0
DA:83,0
DA:84,0
DA:85,0
DA:90,0
LF:24
LH:0
BRDA:24,0,0,0
BRDA:39,1,0,0
BRDA:39,2,0,0
BRDA:39,2,1,0
BRDA:59,3,0,0
BRDA:72,4,0,0
BRDA:72,4,1,0
BRDA:78,5,0,0
BRF:8
BRH:0
end_of_record
TN:
SF:app/api/v1/supabase-test/route.ts
FN:10,(anonymous_1)
FNF:1
FNH:0
FNDA:0,(anonymous_1)
DA:2,0
DA:3,0
DA:10,0
DA:11,0
DA:13,0
DA:15,0
DA:16,0
DA:23,0
DA:29,0
DA:30,0
LF:10
LH:0
BRDA:15,0,0,0
BRDA:33,1,0,0
BRDA:33,1,1,0
BRF:3
BRH:0
end_of_record
TN:
SF:app/api/v1/unlocks/route.ts
FN:15,(anonymous_1)
FN:16,(anonymous_2)
FN:26,(anonymous_3)
FN:94,(anonymous_4)
FNF:4
FNH:0
FNDA:0,(anonymous_1)
FNDA:0,(anonymous_2)
FNDA:0,(anonymous_3)
FNDA:0,(anonymous_4)
DA:10,0
DA:11,0
DA:14,0
DA:15,0
DA:16,0
DA:25,0
DA:28,0
DA:29,0
DA:32,0
DA:35,0
DA:68,0
DA:69,0
DA:73,0
DA:75,0
DA:76,0
DA:84,0
DA:89,0
DA:90,0
DA:94,0
DA:121,0
LF:20
LH:0
BRDA:15,0,0,0
BRDA:15,0,1,0
BRDA:16,1,0,0
BRDA:16,1,1,0
BRDA:29,2,0,0
BRDA:68,3,0,0
BRDA:75,4,0,0
BRDA:89,5,0,0
BRDA:98,6,0,0
BRDA:98,6,1,0
BRDA:107,7,0,0
BRDA:107,7,1,0
BRDA:112,8,0,0
BRDA:112,8,1,0
BRDA:124,9,0,0
BRDA:124,9,1,0
BRDA:127,10,0,0
BRDA:127,10,1,0
BRF:18
BRH:0
end_of_record
TN:
SF:app/api/v1/unlocks/[id]/route.ts
FN:17,(anonymous_1)
FNF:1
FNH:0
FNDA:0,(anonymous_1)
DA:8,0
DA:9,0
DA:16,0
DA:19,0
DA:21,0
DA:22,0
DA:29,0
DA:62,0
DA:63,0
DA:70,0
DA:98,0
LF:11
LH:0
BRDA:21,0,0,0
BRDA:62,1,0,0
BRDA:62,2,0,0
BRDA:62,2,1,0
BRDA:74,3,0,0
BRDA:74,3,1,0
BRDA:83,4,0,0
BRDA:83,4,1,0
BRDA:88,5,0,0
BRDA:88,5,1,0
BRF:10
BRH:0
end_of_record
TN:
SF:app/api/v1/users/profile/route.ts
FN:31,(anonymous_3)
FN:69,(anonymous_4)
FNF:2
FNH:0
FNDA:0,(anonymous_3)
FNDA:0,(anonymous_4)
DA:10,0
DA:11,0
DA:12,0
DA:15,0
DA:30,0
DA:33,0
DA:36,0
DA:42,0
DA:44,0
DA:47,0
DA:68,0
DA:71,0
DA:72,0
DA:76,0
DA:78,0
DA:81,0
DA:82,0
DA:84,0
DA:85,0
DA:94,0
DA:95,0
DA:96,0
DA:97,0
DA:99,0
DA:101,0
DA:109,0
DA:111,0
DA:116,0
DA:119,0
DA:126,0
DA:129,0
DA:130,0
DA:139,0
DA:141,0
DA:142,0
DA:150,0
DA:156,0
DA:157,0
DA:160,0
LF:39
LH:0
BRDA:42,0,0,0
BRDA:42,1,0,0
BRDA:42,1,1,0
BRDA:52,2,0,0
BRDA:52,2,1,0
BRDA:72,3,0,0
BRDA:81,4,0,0
BRDA:84,5,0,0
BRDA:95,6,0,0
BRDA:96,7,0,0
BRDA:97,8,0,0
BRDA:99,9,0,0
BRDA:109,10,0,0
BRDA:109,10,1,0
BRDA:129,11,0,0
BRDA:141,12,0,0
BRDA:156,13,0,0
BRDA:156,14,0,0
BRDA:156,14,1,0
BRDA:165,15,0,0
BRDA:165,15,1,0
BRDA:166,16,0,0
BRDA:166,16,1,0
BRDA:167,17,0,0
BRDA:167,17,1,0
BRDA:168,18,0,0
BRDA:168,18,1,0
BRF:27
BRH:0
end_of_record
TN:
SF:app/auth/layout.tsx
FN:4,AuthLayout
FNF:1
FNH:0
FNDA:0,AuthLayout
DA:1,0
DA:2,0
DA:4,0
LF:3
LH:0
BRF:0
BRH:0
end_of_record
TN:
SF:app/auth/forgot-password/page.tsx
FN:9,ForgotPasswordPage
FNF:1
FNH:0
FNDA:0,ForgotPasswordPage
DA:2,0
DA:4,0
DA:9,0
DA:10,0
LF:4
LH:0
BRF:0
BRH:0
end_of_record
TN:
SF:app/auth/login/page.tsx
FN:9,LoginPage
FNF:1
FNH:0
FNDA:0,LoginPage
DA:2,0
DA:4,0
DA:9,0
DA:10,0
LF:4
LH:0
BRF:0
BRH:0
end_of_record
TN:
SF:app/auth/register/page.tsx
FN:9,RegisterPage
FNF:1
FNH:0
FNDA:0,RegisterPage
DA:2,0
DA:4,0
DA:9,0
DA:10,0
LF:4
LH:0
BRF:0
BRH:0
end_of_record
TN:
SF:app/auth/reset-password/layout.tsx
FN:8,ResetPasswordLayout
FNF:1
FNH:0
FNDA:0,ResetPasswordLayout
DA:3,0
DA:8,0
LF:2
LH:0
BRF:0
BRH:0
end_of_record
TN:
SF:app/auth/reset-password/page.tsx
FN:12,ResetPasswordPage
FN:18,(anonymous_3)
FN:19,(anonymous_4)
FNF:3
FNH:0
FNDA:0,ResetPasswordPage
FNDA:0,(anonymous_3)
FNDA:0,(anonymous_4)
DA:3,0
DA:4,0
DA:5,0
DA:6,0
DA:7,0
DA:8,0
DA:9,0
DA:10,0
DA:12,0
DA:13,0
DA:14,0
DA:15,0
DA:16,0
DA:18,0
DA:19,0
DA:20,0
DA:21,0
DA:24,0
DA:25,0
DA:27,0
DA:28,0
DA:29,0
DA:30,0
DA:34,0
DA:39,0
DA:40,0
DA:41,0
DA:42,0
DA:44,0
DA:47,0
DA:48,0
DA:49,0
DA:51,0
DA:55,0
DA:58,0
DA:74,0
DA:100,0
LF:37
LH:0
BRDA:27,0,0,0
BRDA:27,1,0,0
BRDA:27,1,1,0
BRDA:39,2,0,0
BRDA:39,2,1,0
BRDA:42,3,0,0
BRDA:42,3,1,0
BRDA:58,4,0,0
BRDA:74,5,0,0
BRDA:84,6,0,0
BRF:10
BRH:0
end_of_record
TN:
SF:app/matches/page.tsx
FN:9,MatchesPage
FN:15,(anonymous_3)
FN:16,(anonymous_4)
FN:65,(anonymous_5)
FN:83,(anonymous_6)
FN:147,(anonymous_7)
FN:182,(anonymous_8)
FNF:7
FNH:0
FNDA:0,MatchesPage
FNDA:0,(anonymous_3)
FNDA:0,(anonymous_4)
FNDA:0,(anonymous_5)
FNDA:0,(anonymous_6)
FNDA:0,(anonymous_7)
FNDA:0,(anonymous_8)
DA:3,0
DA:4,0
DA:5,0
DA:9,0
DA:10,0
DA:11,0
DA:12,0
DA:13,0
DA:15,0
DA:16,0
DA:17,0
DA:20,0
DA:53,0
DA:54,0
DA:56,0
DA:57,0
DA:58,0
DA:62,0
DA:65,0
DA:66,0
DA:71,0
DA:73,0
DA:74,0
DA:78,0
DA:84,0
DA:99,0
DA:118,0
DA:148,0
DA:182,0
LF:29
LH:0
BRDA:57,0,0,0
BRDA:57,0,1,0
BRDA:78,1,0,0
BRDA:99,2,0,0
BRDA:118,3,0,0
BRDA:171,4,0,0
BRF:6
BRH:0
end_of_record
TN:
SF:app/matches/[id]/page.tsx
FN:26,MatchDetailPage
FN:36,(anonymous_3)
FN:37,(anonymous_4)
FNF:3
FNH:0
FNDA:0,MatchDetailPage
FNDA:0,(anonymous_3)
FNDA:0,(anonymous_4)
DA:3,0
DA:4,0
DA:22,0
DA:24,0
DA:26,0
DA:27,0
DA:28,0
DA:29,0
DA:31,0
DA:32,0
DA:33,0
DA:34,0
DA:36,0
DA:37,0
DA:38,0
DA:41,0
DA:58,0
DA:60,0
DA:61,0
DA:63,0
DA:64,0
DA:65,0
DA:69,0
DA:72,0
DA:81,0
LF:25
LH:0
BRDA:64,0,0,0
BRDA:64,0,1,0
BRDA:72,1,0,0
BRDA:81,2,0,0
BRDA:130,3,0,0
BRF:5
BRH:0
end_of_record
TN:
SF:app/payment/cancel/page.tsx
FN:7,PaymentCancelPage
FN:21,(anonymous_2)
FN:24,(anonymous_3)
FNF:3
FNH:0
FNDA:0,PaymentCancelPage
FNDA:0,(anonymous_2)
FNDA:0,(anonymous_3)
DA:3,0
DA:4,0
DA:5,0
DA:7,0
DA:8,0
DA:21,0
DA:24,0
LF:7
LH:0
BRF:0
BRH:0
end_of_record
TN:
SF:app/payment/checkout/page.tsx
FN:8,CheckoutPage
FN:17,(anonymous_3)
FN:18,(anonymous_4)
FN:50,(anonymous_5)
FNF:4
FNH:0
FNDA:0,CheckoutPage
FNDA:0,(anonymous_3)
FNDA:0,(anonymous_4)
FNDA:0,(anonymous_5)
DA:3,0
DA:4,0
DA:5,0
DA:8,0
DA:9,0
DA:10,0
DA:11,0
DA:13,0
DA:14,0
DA:15,0
DA:17,0
DA:18,0
DA:19,0
DA:20,0
DA:21,0
DA:22,0
DA:25,0
DA:28,0
DA:38,0
DA:39,0
DA:41,0
DA:42,0
DA:43,0
DA:47,0
DA:50,0
DA:51,0
DA:56,0
DA:58,0
DA:59,0
DA:63,0
DA:73,0
LF:31
LH:0
BRDA:19,0,0,0
BRDA:42,1,0,0
BRDA:42,1,1,0
BRDA:59,2,0,0
BRDA:59,2,1,0
BRDA:63,3,0,0
BRDA:73,4,0,0
BRDA:73,5,0,0
BRDA:73,5,1,0
BRDA:84,6,0,0
BRDA:84,6,1,0
BRF:11
BRH:0
end_of_record
TN:
SF:app/payment/success/page.tsx
FN:8,PaymentSuccessPage
FN:17,(anonymous_3)
FN:18,(anonymous_4)
FN:152,(anonymous_5)
FNF:4
FNH:0
FNDA:0,PaymentSuccessPage
FNDA:0,(anonymous_3)
FNDA:0,(anonymous_4)
FNDA:0,(anonymous_5)
DA:3,0
DA:4,0
DA:5,0
DA:8,0
DA:9,0
DA:10,0
DA:11,0
DA:13,0
DA:14,0
DA:15,0
DA:17,0
DA:18,0
DA:19,0
DA:20,0
DA:21,0
DA:22,0
DA:25,0
DA:30,0
DA:47,0
DA:48,0
DA:50,0
DA:51,0
DA:52,0
DA:56,0
DA:59,0
DA:69,0
DA:153,0
DA:154,0
LF:28
LH:0
BRDA:19,0,0,0
BRDA:51,1,0,0
BRDA:51,1,1,0
BRDA:59,2,0,0
BRDA:69,3,0,0
BRDA:69,4,0,0
BRDA:69,4,1,0
BRDA:80,5,0,0
BRDA:80,5,1,0
BRF:9
BRH:0
end_of_record
TN:
SF:app/unlocks/page.tsx
FN:9,UnlocksPage
FN:15,(anonymous_2)
FN:16,(anonymous_3)
FN:53,(anonymous_4)
FN:62,(anonymous_5)
FN:111,(anonymous_6)
FN:126,(anonymous_7)
FN:158,(anonymous_8)
FNF:8
FNH:0
FNDA:0,UnlocksPage
FNDA:0,(anonymous_2)
FNDA:0,(anonymous_3)
FNDA:0,(anonymous_4)
FNDA:0,(anonymous_5)
FNDA:0,(anonymous_6)
FNDA:0,(anonymous_7)
FNDA:0,(anonymous_8)
DA:3,0
DA:4,0
DA:9,0
DA:10,0
DA:11,0
DA:12,0
DA:13,0
DA:15,0
DA:16,0
DA:17,0
DA:20,0
DA:41,0
DA:42,0
DA:44,0
DA:45,0
DA:46,0
DA:50,0
DA:53,0
DA:54,0
DA:57,0
DA:63,0
DA:78,0
DA:97,0
DA:111,0
DA:127,0
DA:158,0
LF:26
LH:0
BRDA:45,0,0,0
BRDA:45,0,1,0
BRDA:57,1,0,0
BRDA:78,2,0,0
BRDA:97,3,0,0
BRF:5
BRH:0
end_of_record
TN:
SF:app/unlocks/[id]/page.tsx
FN:30,UnlockDetailPage
FN:42,(anonymous_2)
FN:43,(anonymous_3)
FN:86,(anonymous_4)
FN:95,(anonymous_5)
FN:206,(anonymous_6)
FNF:6
FNH:0
FNDA:0,UnlockDetailPage
FNDA:0,(anonymous_2)
FNDA:0,(anonymous_3)
FNDA:0,(anonymous_4)
FNDA:0,(anonymous_5)
FNDA:0,(anonymous_6)
DA:3,0
DA:4,0
DA:26,0
DA:27,0
DA:30,0
DA:31,0
DA:32,0
DA:33,0
DA:34,0
DA:36,0
DA:37,0
DA:38,0
DA:40,0
DA:42,0
DA:43,0
DA:44,0
DA:47,0
DA:74,0
DA:75,0
DA:77,0
DA:78,0
DA:79,0
DA:83,0
DA:86,0
DA:87,0
DA:88,0
DA:95,0
DA:96,0
DA:97,0
DA:101,0
DA:110,0
DA:206,0
LF:32
LH:0
BRDA:40,0,0,0
BRDA:40,0,1,0
BRDA:78,1,0,0
BRDA:78,1,1,0
BRDA:96,2,0,0
BRDA:101,3,0,0
BRDA:110,4,0,0
BRDA:193,5,0,0
BRDA:193,5,1,0
BRDA:195,6,0,0
BRDA:195,6,1,0
BRDA:198,7,0,0
BRDA:198,7,1,0
BRDA:211,8,0,0
BRF:14
BRH:0
end_of_record
TN:
SF:lib/utils.ts
FN:4,cn
FNF:1
FNH:0
FNDA:0,cn
DA:1,0
DA:2,0
DA:4,0
DA:5,0
LF:4
LH:0
BRF:0
BRH:0
end_of_record
TN:
SF:lib/api/client.ts
FN:16,(anonymous_1)
FN:25,(anonymous_2)
FN:33,(anonymous_3)
FN:44,(anonymous_4)
FN:49,(anonymous_5)
FN:72,(anonymous_6)
FN:92,(anonymous_7)
FN:111,(anonymous_8)
FN:128,(anonymous_9)
FN:148,(anonymous_10)
FNF:10
FNH:0
FNDA:0,(anonymous_1)
FNDA:0,(anonymous_2)
FNDA:0,(anonymous_3)
FNDA:0,(anonymous_4)
FNDA:0,(anonymous_5)
FNDA:0,(anonymous_6)
FNDA:0,(anonymous_7)
FNDA:0,(anonymous_8)
FNDA:0,(anonymous_9)
FNDA:0,(anonymous_10)
DA:6,0
DA:11,0
DA:17,0
DA:18,0
DA:26,0
DA:27,0
DA:34,0
DA:35,0
DA:45,0
DA:48,0
DA:49,0
DA:50,0
DA:51,0
DA:57,0
DA:63,0
DA:73,0
DA:76,0
DA:83,0
DA:93,0
DA:96,0
DA:103,0
DA:112,0
DA:115,0
DA:121,0
DA:129,0
DA:134,0
DA:135,0
DA:136,0
DA:139,0
DA:149,0
DA:150,0
DA:153,0
DA:156,0
DA:158,0
DA:163,0
DA:164,0
DA:165,0
DA:168,0
DA:170,0
DA:174,0
LF:40
LH:0
BRDA:17,0,0,0
BRDA:26,1,0,0
BRDA:34,2,0,0
BRDA:48,3,0,0
BRDA:50,4,0,0
BRDA:50,5,0,0
BRDA:50,5,1,0
BRDA:79,6,0,0
BRDA:79,6,1,0
BRDA:99,7,0,0
BRDA:99,7,1,0
BRDA:135,8,0,0
BRDA:150,9,0,0
BRDA:150,9,1,0
BRDA:153,10,0,0
BRDA:153,10,1,0
BRDA:156,11,0,0
BRDA:158,12,0,0
BRDA:158,12,1,0
BRDA:158,13,0,0
BRDA:158,13,1,0
BRDA:159,14,0,0
BRDA:159,14,1,0
BRDA:163,15,0,0
BRDA:163,16,0,0
BRDA:163,16,1,0
BRDA:174,17,0,0
BRDA:174,17,1,0
BRDA:174,18,0,0
BRDA:174,18,1,0
BRF:30
BRH:0
end_of_record
TN:
SF:lib/api/index.ts
FNF:0
FNH:0
DA:2,0
DA:3,0
DA:4,0
DA:5,0
DA:8,0
LF:5
LH:0
BRF:0
BRH:0
end_of_record
TN:
SF:lib/api/middleware.ts
FN:20,withMiddleware
FN:30,(anonymous_2)
FN:84,authenticateRequest
FN:148,checkRateLimit
FNF:4
FNH:0
FNDA:0,withMiddleware
FNDA:0,(anonymous_2)
FNDA:0,authenticateRequest
FNDA:0,checkRateLimit
DA:1,0
DA:2,0
DA:3,0
DA:4,0
DA:20,0
DA:30,0
DA:32,0
DA:36,0
DA:38,0
DA:39,0
DA:40,0
DA:41,0
DA:43,0
DA:44,0
DA:47,0
DA:48,0
DA:49,0
DA:50,0
DA:55,0
DA:56,0
DA:57,0
DA:58,0
DA:67,0
DA:70,0
DA:73,0
DA:90,0
DA:93,0
DA:94,0
DA:101,0
DA:102,0
DA:108,0
DA:109,0
DA:116,0
DA:118,0
DA:120,0
DA:122,0
DA:123,0
DA:129,0
DA:134,0
DA:135,0
DA:157,0
LF:41
LH:0
BRDA:22,0,0,0
BRDA:38,1,0,0
BRDA:38,1,1,0
BRDA:40,2,0,0
BRDA:48,3,0,0
BRDA:55,4,0,0
BRDA:57,5,0,0
BRDA:70,6,0,0
BRDA:70,6,1,0
BRDA:73,7,0,0
BRDA:73,7,1,0
BRDA:84,8,0,0
BRDA:93,9,0,0
BRDA:93,10,0,0
BRDA:93,10,1,0
BRDA:101,11,0,0
BRDA:101,12,0,0
BRDA:101,12,1,0
BRDA:108,13,0,0
BRDA:122,14,0,0
BRDA:122,15,0,0
BRDA:122,15,1,0
BRDA:125,16,0,0
BRDA:125,16,1,0
BRF:24
BRH:0
end_of_record
TN:
SF:lib/api/response.ts
FN:10,successResponse
FN:25,errorResponse
FN:58,validationErrorResponse
FN:78,notFoundResponse
FN:87,unauthorizedResponse
FN:96,forbiddenResponse
FNF:6
FNH:0
FNDA:0,successResponse
FNDA:0,errorResponse
FNDA:0,validationErrorResponse
FNDA:0,notFoundResponse
FNDA:0,unauthorizedResponse
FNDA:0,forbiddenResponse
DA:1,0
DA:2,0
DA:10,0
DA:11,0
DA:17,0
DA:25,0
DA:27,0
DA:29,0
DA:30,0
DA:35,0
DA:38,0
DA:39,0
DA:45,0
DA:50,0
DA:58,0
DA:59,0
DA:65,0
DA:70,0
DA:78,0
DA:79,0
DA:87,0
DA:88,0
DA:96,0
DA:97,0
LF:24
LH:0
BRDA:14,0,0,0
BRDA:14,0,1,0
BRDA:29,1,0,0
BRDA:29,1,1,0
BRDA:33,2,0,0
BRDA:33,2,1,0
BRDA:78,3,0,0
BRDA:87,4,0,0
BRDA:96,5,0,0
BRF:9
BRH:0
end_of_record
TN:
SF:lib/api/types.ts
FN:79,(anonymous_5)
FNF:1
FNH:0
FNDA:0,(anonymous_5)
DA:45,0
DA:60,0
DA:75,0
DA:80,0
DA:81,0
DA:82,0
DA:83,0
LF:7
LH:0
BRF:0
BRH:0
end_of_record
TN:
SF:lib/api/validation.ts
FN:11,validateBody
FN:44,validateQuery
FN:54,(anonymous_7)
FN:88,(anonymous_8)
FN:118,withBodyValidation
FN:119,(anonymous_10)
FN:138,withQueryValidation
FN:139,(anonymous_12)
FN:158,formatZodErrors
FN:161,(anonymous_14)
FNF:10
FNH:0
FNDA:0,validateBody
FNDA:0,validateQuery
FNDA:0,(anonymous_7)
FNDA:0,(anonymous_8)
FNDA:0,withBodyValidation
FNDA:0,(anonymous_10)
FNDA:0,withQueryValidation
FNDA:0,(anonymous_12)
FNDA:0,formatZodErrors
FNDA:0,(anonymous_14)
DA:3,0
DA:11,0
DA:15,0
DA:17,0
DA:20,0
DA:22,0
DA:24,0
DA:25,0
DA:28,0
DA:31,0
DA:44,0
DA:48,0
DA:50,0
DA:51,0
DA:54,0
DA:56,0
DA:57,0
DA:58,0
DA:60,0
DA:61,0
DA:64,0
DA:65,0
DA:66,0
DA:68,0
DA:71,0
DA:75,0
DA:76,0
DA:77,0
DA:79,0
DA:82,0
DA:88,0
DA:89,0
DA:90,0
DA:95,0
DA:97,0
DA:99,0
DA:100,0
DA:103,0
DA:106,0
DA:118,0
DA:119,0
DA:120,0
DA:122,0
DA:123,0
DA:127,0
DA:129,0
DA:138,0
DA:139,0
DA:140,0
DA:142,0
DA:143,0
DA:147,0
DA:149,0
DA:159,0
DA:161,0
DA:162,0
DA:163,0
DA:165,0
DA:166,0
DA:169,0
DA:172,0
LF:61
LH:0
BRDA:22,0,0,0
BRDA:56,1,0,0
BRDA:56,1,1,0
BRDA:56,2,0,0
BRDA:56,2,1,0
BRDA:60,3,0,0
BRDA:64,4,0,0
BRDA:64,4,1,0
BRDA:65,5,0,0
BRDA:65,5,1,0
BRDA:75,6,0,0
BRDA:75,6,1,0
BRDA:76,7,0,0
BRDA:76,7,1,0
BRDA:89,8,0,0
BRDA:89,9,0,0
BRDA:89,9,1,0
BRDA:97,10,0,0
BRDA:122,11,0,0
BRDA:142,12,0,0
BRDA:163,13,0,0
BRDA:163,13,1,0
BRDA:165,14,0,0
BRF:23
BRH:0
end_of_record
TN:
SF:lib/auth/AuthContext.tsx
FN:28,AuthProvider
FN:36,(anonymous_7)
FN:37,(anonymous_8)
FN:46,(anonymous_9)
FN:56,(anonymous_10)
FN:69,(anonymous_11)
FN:86,(anonymous_12)
FN:103,(anonymous_13)
FN:120,(anonymous_14)
FN:136,(anonymous_15)
FN:152,(anonymous_16)
FN:178,useAuth
FNF:12
FNH:0
FNDA:0,AuthProvider
FNDA:0,(anonymous_7)
FNDA:0,(anonymous_8)
FNDA:0,(anonymous_9)
FNDA:0,(anonymous_10)
FNDA:0,(anonymous_11)
FNDA:0,(anonymous_12)
FNDA:0,(anonymous_13)
FNDA:0,(anonymous_14)
FNDA:0,(anonymous_15)
FNDA:0,(anonymous_16)
FNDA:0,useAuth
DA:3,0
DA:5,0
DA:6,0
DA:7,0
DA:25,0
DA:28,0
DA:29,0
DA:30,0
DA:31,0
DA:32,0
DA:33,0
DA:36,0
DA:37,0
DA:38,0
DA:40,0
DA:41,0
DA:42,0
DA:45,0
DA:47,0
DA:48,0
DA:49,0
DA:53,0
DA:56,0
DA:57,0
DA:60,0
DA:61,0
DA:65,0
DA:69,0
DA:70,0
DA:71,0
DA:72,0
DA:73,0
DA:74,0
DA:75,0
DA:76,0
DA:78,0
DA:79,0
DA:81,0
DA:86,0
DA:87,0
DA:88,0
DA:89,0
DA:90,0
DA:91,0
DA:92,0
DA:93,0
DA:95,0
DA:96,0
DA:98,0
DA:103,0
DA:104,0
DA:105,0
DA:106,0
DA:107,0
DA:108,0
DA:109,0
DA:110,0
DA:112,0
DA:113,0
DA:115,0
DA:120,0
DA:121,0
DA:122,0
DA:123,0
DA:124,0
DA:125,0
DA:127,0
DA:128,0
DA:129,0
DA:131,0
DA:136,0
DA:137,0
DA:138,0
DA:139,0
DA:140,0
DA:141,0
DA:143,0
DA:144,0
DA:145,0
DA:147,0
DA:152,0
DA:153,0
DA:157,0
DA:160,0
DA:178,0
DA:179,0
DA:180,0
DA:181,0
DA:183,0
LF:89
LH:0
BRDA:42,0,0,0
BRDA:42,0,1,0
BRDA:48,1,0,0
BRDA:48,1,1,0
BRDA:78,2,0,0
BRDA:78,2,1,0
BRDA:95,3,0,0
BRDA:95,3,1,0
BRDA:112,4,0,0
BRDA:112,4,1,0
BRDA:127,5,0,0
BRDA:127,5,1,0
BRDA:143,6,0,0
BRDA:143,6,1,0
BRDA:157,7,0,0
BRDA:157,7,1,0
BRDA:180,8,0,0
BRF:17
BRH:0
end_of_record
TN:
SF:lib/auth/ProtectedRoute.tsx
FN:16,ProtectedRoute
FN:23,(anonymous_2)
FNF:2
FNH:0
FNDA:0,ProtectedRoute
FNDA:0,(anonymous_2)
DA:3,0
DA:4,0
DA:5,0
DA:16,0
DA:20,0
DA:21,0
DA:23,0
DA:25,0
DA:26,0
DA:31,0
DA:40,0
LF:11
LH:0
BRDA:18,0,0,0
BRDA:25,1,0,0
BRDA:25,2,0,0
BRDA:25,2,1,0
BRDA:31,3,0,0
BRDA:40,4,0,0
BRDA:40,4,1,0
BRF:7
BRH:0
end_of_record
TN:
SF:lib/auth/useAuth.ts
FN:9,(anonymous_5)
FN:19,(anonymous_6)
FN:29,(anonymous_7)
FNF:3
FNH:0
FNDA:0,(anonymous_5)
FNDA:0,(anonymous_6)
FNDA:0,(anonymous_7)
DA:3,0
DA:6,0
DA:9,0
DA:10,0
DA:11,0
DA:12,0
DA:14,0
DA:19,0
DA:20,0
DA:21,0
DA:22,0
DA:24,0
DA:29,0
DA:30,0
DA:31,0
DA:32,0
DA:34,0
LF:17
LH:0
BRF:0
BRH:0
end_of_record
TN:
SF:lib/services/brightdata.ts
FN:175,(anonymous_3)
FN:286,(anonymous_4)
FN:307,(anonymous_5)
FN:310,(anonymous_6)
FN:351,(anonymous_7)
FN:419,(anonymous_8)
FN:482,(anonymous_9)
FN:522,(anonymous_10)
FN:553,(anonymous_11)
FN:571,(anonymous_12)
FN:585,(anonymous_13)
FN:635,(anonymous_14)
FNF:12
FNH:0
FNDA:0,(anonymous_3)
FNDA:0,(anonymous_4)
FNDA:0,(anonymous_5)
FNDA:0,(anonymous_6)
FNDA:0,(anonymous_7)
FNDA:0,(anonymous_8)
FNDA:0,(anonymous_9)
FNDA:0,(anonymous_10)
FNDA:0,(anonymous_11)
FNDA:0,(anonymous_12)
FNDA:0,(anonymous_13)
FNDA:0,(anonymous_14)
DA:1,0
DA:3,0
DA:4,0
DA:5,0
DA:8,0
DA:9,0
DA:10,0
DA:11,0
DA:14,0
DA:15,0
DA:16,0
DA:17,0
DA:20,0
DA:21,0
DA:24,0
DA:25,0
DA:28,0
DA:31,0
DA:36,0
DA:105,0
DA:169,0
DA:177,0
DA:180,0
DA:181,0
DA:182,0
DA:183,0
DA:187,0
DA:189,0
DA:191,0
DA:192,0
DA:199,0
DA:200,0
DA:202,0
DA:203,0
DA:206,0
DA:207,0
DA:210,0
DA:211,0
DA:214,0
DA:215,0
DA:219,0
DA:229,0
DA:232,0
DA:242,0
DA:245,0
DA:246,0
DA:254,0
DA:257,0
DA:258,0
DA:261,0
DA:262,0
DA:263,0
DA:266,0
DA:268,0
DA:272,0
DA:275,0
DA:277,0
DA:279,0
DA:282,0
DA:285,0
DA:286,0
DA:287,0
DA:290,0
DA:291,0
DA:294,0
DA:309,0
DA:310,0
DA:313,0
DA:314,0
DA:316,0
DA:317,0
DA:318,0
DA:322,0
DA:344,0
DA:352,0
DA:354,0
DA:355,0
DA:362,0
DA:376,0
DA:377,0
DA:379,0
DA:380,0
DA:381,0
DA:383,0
DA:386,0
DA:394,0
DA:396,0
DA:405,0
DA:407,0
DA:420,0
DA:422,0
DA:423,0
DA:430,0
DA:444,0
DA:445,0
DA:447,0
DA:448,0
DA:449,0
DA:451,0
DA:454,0
DA:462,0
DA:464,0
DA:469,0
DA:471,0
DA:483,0
DA:485,0
DA:486,0
DA:495,0
DA:509,0
DA:511,0
DA:532,0
DA:535,0
DA:537,0
DA:555,0
DA:565,0
DA:573,0
DA:574,0
DA:591,0
DA:593,0
DA:594,0
DA:596,0
DA:599,0
DA:600,0
DA:604,0
DA:606,0
DA:607,0
DA:608,0
DA:610,0
DA:614,0
DA:620,0
DA:623,0
DA:624,0
DA:628,0
DA:629,0
DA:630,0
DA:632,0
DA:635,0
DA:641,0
LF:138
LH:0
BRDA:8,0,0,0
BRDA:8,0,1,0
BRDA:10,1,0,0
BRDA:10,1,1,0
BRDA:11,2,0,0
BRDA:11,2,1,0
BRDA:14,3,0,0
BRDA:14,3,1,0
BRDA:15,4,0,0
BRDA:15,4,1,0
BRDA:16,5,0,0
BRDA:16,5,1,0
BRDA:17,6,0,0
BRDA:17,6,1,0
BRDA:20,7,0,0
BRDA:20,7,1,0
BRDA:21,8,0,0
BRDA:21,8,1,0
BRDA:24,9,0,0
BRDA:24,9,1,0
BRDA:25,10,0,0
BRDA:25,10,1,0
BRDA:181,11,0,0
BRDA:191,12,0,0
BRDA:202,13,0,0
BRDA:206,14,0,0
BRDA:210,15,0,0
BRDA:214,16,0,0
BRDA:245,17,0,0
BRDA:249,18,0,0
BRDA:249,18,1,0
BRDA:257,19,0,0
BRDA:257,19,1,0
BRDA:261,20,0,0
BRDA:272,21,0,0
BRDA:272,21,1,0
BRDA:282,22,0,0
BRDA:282,23,0,0
BRDA:282,23,1,0
BRDA:282,23,2,0
BRDA:290,24,0,0
BRDA:297,25,0,0
BRDA:297,25,1,0
BRDA:314,26,0,0
BRDA:314,26,1,0
BRDA:318,27,0,0
BRDA:318,27,1,0
BRDA:319,28,0,0
BRDA:319,28,1,0
BRDA:327,29,0,0
BRDA:327,29,1,0
BRDA:354,30,0,0
BRDA:376,31,0,0
BRDA:381,32,0,0
BRDA:381,32,1,0
BRDA:381,32,2,0
BRDA:383,33,0,0
BRDA:383,33,1,0
BRDA:409,34,0,0
BRDA:409,34,1,0
BRDA:422,35,0,0
BRDA:444,36,0,0
BRDA:449,37,0,0
BRDA:449,37,1,0
BRDA:449,37,2,0
BRDA:451,38,0,0
BRDA:451,38,1,0
BRDA:473,39,0,0
BRDA:473,39,1,0
BRDA:485,40,0,0
BRDA:513,41,0,0
BRDA:513,41,1,0
BRDA:561,42,0,0
BRDA:561,42,1,0
BRDA:588,43,0,0
BRDA:589,44,0,0
BRDA:599,45,0,0
BRDA:608,46,0,0
BRDA:608,46,1,0
BRDA:608,46,2,0
BRDA:610,47,0,0
BRDA:610,47,1,0
BRDA:623,48,0,0
BRDA:641,49,0,0
BRDA:641,49,1,0
BRF:85
BRH:0
end_of_record
TN:
SF:lib/services/matching.ts
FN:14,(anonymous_1)
FN:50,(anonymous_2)
FN:58,(anonymous_3)
FN:68,(anonymous_4)
FN:82,(anonymous_5)
FN:127,(anonymous_6)
FN:148,(anonymous_7)
FN:169,(anonymous_8)
FN:177,(anonymous_9)
FN:183,(anonymous_10)
FN:201,(anonymous_11)
FNF:11
FNH:0
FNDA:0,(anonymous_1)
FNDA:0,(anonymous_2)
FNDA:0,(anonymous_3)
FNDA:0,(anonymous_4)
FNDA:0,(anonymous_5)
FNDA:0,(anonymous_6)
FNDA:0,(anonymous_7)
FNDA:0,(anonymous_8)
FNDA:0,(anonymous_9)
FNDA:0,(anonymous_10)
FNDA:0,(anonymous_11)
DA:7,0
DA:16,0
DA:19,0
DA:22,0
DA:29,0
DA:32,0
DA:35,0
DA:38,0
DA:41,0
DA:51,0
DA:54,0
DA:55,0
DA:58,0
DA:61,0
DA:64,0
DA:65,0
DA:67,0
DA:68,0
DA:69,0
DA:72,0
DA:87,0
DA:90,0
DA:93,0
DA:94,0
DA:95,0
DA:96,0
DA:100,0
DA:101,0
DA:102,0
DA:103,0
DA:107,0
DA:108,0
DA:111,0
DA:112,0
DA:115,0
DA:118,0
DA:131,0
DA:132,0
DA:136,0
DA:137,0
DA:138,0
DA:139,0
DA:140,0
DA:149,0
DA:151,0
DA:152,0
DA:153,0
DA:156,0
DA:157,0
DA:158,0
DA:159,0
DA:160,0
DA:170,0
DA:173,0
DA:174,0
DA:177,0
DA:180,0
DA:182,0
DA:183,0
DA:184,0
DA:187,0
DA:188,0
DA:189,0
DA:190,0
DA:193,0
DA:202,0
DA:204,0
DA:207,0
DA:208,0
DA:209,0
DA:210,0
DA:211,0
DA:212,0
DA:213,0
DA:214,0
DA:218,0
DA:219,0
DA:220,0
DA:221,0
DA:223,0
DA:224,0
DA:225,0
DA:229,0
LF:83
LH:0
BRDA:51,0,0,0
BRDA:51,1,0,0
BRDA:51,1,1,0
BRDA:61,2,0,0
BRDA:61,2,1,0
BRDA:67,3,0,0
BRDA:87,4,0,0
BRDA:90,5,0,0
BRDA:90,6,0,0
BRDA:90,6,1,0
BRDA:93,7,0,0
BRDA:93,8,0,0
BRDA:93,8,1,0
BRDA:94,9,0,0
BRDA:95,10,0,0
BRDA:100,11,0,0
BRDA:100,12,0,0
BRDA:100,12,1,0
BRDA:101,13,0,0
BRDA:102,14,0,0
BRDA:107,15,0,0
BRDA:107,16,0,0
BRDA:107,16,1,0
BRDA:108,17,0,0
BRDA:108,18,0,0
BRDA:108,18,1,0
BRDA:131,19,0,0
BRDA:132,20,0,0
BRDA:136,21,0,0
BRDA:137,22,0,0
BRDA:138,23,0,0
BRDA:139,24,0,0
BRDA:149,25,0,0
BRDA:156,26,0,0
BRDA:157,27,0,0
BRDA:158,28,0,0
BRDA:159,29,0,0
BRDA:170,30,0,0
BRDA:170,31,0,0
BRDA:170,31,1,0
BRDA:182,32,0,0
BRDA:187,33,0,0
BRDA:188,34,0,0
BRDA:189,35,0,0
BRDA:190,36,0,0
BRDA:202,37,0,0
BRDA:207,38,0,0
BRDA:209,39,0,0
BRDA:209,39,1,0
BRDA:210,40,0,0
BRDA:210,40,1,0
BRDA:211,41,0,0
BRDA:211,41,1,0
BRDA:212,42,0,0
BRDA:212,42,1,0
BRDA:213,43,0,0
BRDA:213,43,1,0
BRDA:218,44,0,0
BRDA:223,45,0,0
BRDA:223,45,1,0
BRDA:224,46,0,0
BRDA:224,46,1,0
BRDA:225,47,0,0
BRF:63
BRH:0
end_of_record
TN:
SF:lib/services/payment.ts
FN:15,(anonymous_3)
FN:61,(anonymous_4)
FN:101,(anonymous_5)
FN:159,(anonymous_6)
FNF:4
FNH:0
FNDA:0,(anonymous_3)
FNDA:0,(anonymous_4)
FNDA:0,(anonymous_5)
FNDA:0,(anonymous_6)
DA:1,0
DA:2,0
DA:3,0
DA:8,0
DA:20,0
DA:21,0
DA:24,0
DA:45,0
DA:46,0
DA:50,0
DA:52,0
DA:53,0
DA:61,0
DA:76,0
DA:81,0
DA:83,0
DA:84,0
DA:87,0
DA:106,0
DA:107,0
DA:110,0
DA:143,0
DA:144,0
DA:148,0
DA:150,0
DA:151,0
DA:159,0
DA:185,0
DA:190,0
DA:192,0
DA:193,0
DA:196,0
DA:206,0
LF:33
LH:0
BRDA:15,0,0,0
BRDA:21,1,0,0
BRDA:21,2,0,0
BRDA:45,3,0,0
BRDA:52,4,0,0
BRDA:68,5,0,0
BRDA:68,5,1,0
BRDA:78,6,0,0
BRDA:78,6,1,0
BRDA:83,7,0,0
BRDA:90,8,0,0
BRDA:90,8,1,0
BRDA:101,9,0,0
BRDA:107,10,0,0
BRDA:107,11,0,0
BRDA:143,12,0,0
BRDA:150,13,0,0
BRDA:163,14,0,0
BRDA:163,14,1,0
BRDA:172,15,0,0
BRDA:172,15,1,0
BRDA:177,16,0,0
BRDA:177,16,1,0
BRDA:187,17,0,0
BRDA:187,17,1,0
BRDA:192,18,0,0
BRDA:199,19,0,0
BRDA:199,19,1,0
BRF:28
BRH:0
end_of_record
TN:
SF:lib/services/search-processor.ts
FN:16,(anonymous_1)
FN:65,(anonymous_2)
FN:102,(anonymous_3)
FN:118,(anonymous_4)
FN:157,(anonymous_5)
FNF:5
FNH:0
FNDA:0,(anonymous_1)
FNDA:0,(anonymous_2)
FNDA:0,(anonymous_3)
FNDA:0,(anonymous_4)
FNDA:0,(anonymous_5)
DA:1,0
DA:2,0
DA:3,0
DA:4,0
DA:10,0
DA:17,0
DA:19,0
DA:22,0
DA:28,0
DA:29,0
DA:32,0
DA:33,0
DA:37,0
DA:42,0
DA:45,0
DA:47,0
DA:49,0
DA:52,0
DA:53,0
DA:55,0
DA:70,0
DA:73,0
DA:74,0
DA:75,0
DA:76,0
DA:80,0
DA:81,0
DA:85,0
DA:90,0
DA:91,0
DA:109,0
DA:110,0
DA:112,0
DA:113,0
DA:117,0
DA:118,0
DA:120,0
DA:122,0
DA:141,0
DA:145,0
DA:146,0
DA:147,0
DA:159,0
DA:166,0
DA:167,0
DA:168,0
DA:171,0
DA:172,0
DA:176,0
DA:177,0
DA:179,0
DA:180,0
DA:182,0
DA:183,0
DA:185,0
DA:189,0
LF:56
LH:0
BRDA:28,0,0,0
BRDA:28,1,0,0
BRDA:28,1,1,0
BRDA:29,2,0,0
BRDA:29,2,1,0
BRDA:37,3,0,0
BRDA:37,3,1,0
BRDA:52,4,0,0
BRDA:52,4,1,0
BRDA:73,5,0,0
BRDA:73,5,1,0
BRDA:75,6,0,0
BRDA:75,7,0,0
BRDA:75,7,1,0
BRDA:80,8,0,0
BRDA:80,9,0,0
BRDA:80,9,1,0
BRDA:90,10,0,0
BRDA:129,11,0,0
BRDA:129,11,1,0
BRDA:145,12,0,0
BRDA:157,13,0,0
BRDA:166,14,0,0
BRDA:171,15,0,0
BRDA:171,16,0,0
BRDA:171,16,1,0
BRDA:182,17,0,0
BRDA:182,17,1,0
BRF:28
BRH:0
end_of_record
TN:
SF:lib/services/search.ts
FN:24,(anonymous_1)
FN:57,(anonymous_2)
FN:96,(anonymous_3)
FN:122,(anonymous_4)
FN:155,(anonymous_5)
FN:187,(anonymous_6)
FN:232,(anonymous_7)
FNF:7
FNH:0
FNDA:0,(anonymous_1)
FNDA:0,(anonymous_2)
FNDA:0,(anonymous_3)
FNDA:0,(anonymous_4)
FNDA:0,(anonymous_5)
FNDA:0,(anonymous_6)
FNDA:0,(anonymous_7)
DA:1,0
DA:2,0
DA:3,0
DA:17,0
DA:26,0
DA:27,0
DA:30,0
DA:38,0
DA:39,0
DA:40,0
DA:48,0
DA:61,0
DA:64,0
DA:65,0
DA:67,0
DA:68,0
DA:69,0
DA:70,0
DA:71,0
DA:72,0
DA:73,0
DA:74,0
DA:75,0
DA:79,0
DA:86,0
DA:87,0
DA:88,0
DA:96,0
DA:114,0
DA:123,0
DA:129,0
DA:130,0
DA:131,0
DA:138,0
DA:159,0
DA:161,0
DA:168,0
DA:169,0
DA:170,0
DA:177,0
DA:192,0
DA:195,0
DA:198,0
DA:199,0
DA:204,0
DA:214,0
DA:215,0
DA:216,0
DA:223,0
DA:236,0
DA:238,0
DA:245,0
DA:246,0
DA:247,0
DA:254,0
LF:55
LH:0
BRDA:38,0,0,0
BRDA:59,1,0,0
BRDA:61,2,0,0
BRDA:61,3,0,0
BRDA:61,4,0,0
BRDA:67,5,0,0
BRDA:67,5,1,0
BRDA:70,6,0,0
BRDA:70,6,1,0
BRDA:73,7,0,0
BRDA:86,8,0,0
BRDA:114,9,0,0
BRDA:114,9,1,0
BRDA:129,10,0,0
BRDA:157,11,0,0
BRDA:159,12,0,0
BRDA:159,13,0,0
BRDA:168,14,0,0
BRDA:177,15,0,0
BRDA:177,15,1,0
BRDA:190,16,0,0
BRDA:192,17,0,0
BRDA:199,18,0,0
BRDA:199,18,1,0
BRDA:214,19,0,0
BRDA:234,20,0,0
BRDA:236,21,0,0
BRDA:236,22,0,0
BRDA:245,23,0,0
BRDA:254,24,0,0
BRDA:254,24,1,0
BRF:31
BRH:0
end_of_record
TN:
SF:lib/services/stripe.ts
FN:27,(anonymous_2)
FN:154,(anonymous_3)
FN:264,(anonymous_4)
FN:370,(anonymous_5)
FN:464,(anonymous_6)
FN:493,(anonymous_7)
FN:541,(anonymous_8)
FN:557,(anonymous_9)
FNF:8
FNH:0
FNDA:0,(anonymous_2)
FNDA:0,(anonymous_3)
FNDA:0,(anonymous_4)
FNDA:0,(anonymous_5)
FNDA:0,(anonymous_6)
FNDA:0,(anonymous_7)
FNDA:0,(anonymous_8)
FNDA:0,(anonymous_9)
DA:1,0
DA:2,0
DA:3,0
DA:6,0
DA:7,0
DA:8,0
DA:9,0
DA:10,0
DA:13,0
DA:20,0
DA:28,0
DA:30,0
DA:31,0
DA:38,0
DA:45,0
DA:46,0
DA:53,0
DA:60,0
DA:61,0
DA:68,0
DA:97,0
DA:110,0
DA:112,0
DA:114,0
DA:121,0
DA:133,0
DA:135,0
DA:136,0
DA:139,0
DA:155,0
DA:157,0
DA:158,0
DA:165,0
DA:172,0
DA:173,0
DA:180,0
DA:187,0
DA:188,0
DA:195,0
DA:206,0
DA:219,0
DA:221,0
DA:223,0
DA:230,0
DA:244,0
DA:246,0
DA:247,0
DA:250,0
DA:265,0
DA:267,0
DA:268,0
DA:275,0
DA:280,0
DA:281,0
DA:289,0
DA:291,0
DA:292,0
DA:299,0
DA:300,0
DA:307,0
DA:316,0
DA:317,0
DA:325,0
DA:338,0
DA:339,0
DA:346,0
DA:348,0
DA:350,0
DA:351,0
DA:354,0
DA:371,0
DA:373,0
DA:374,0
DA:381,0
DA:384,0
DA:385,0
DA:393,0
DA:397,0
DA:404,0
DA:413,0
DA:414,0
DA:422,0
DA:435,0
DA:436,0
DA:443,0
DA:445,0
DA:447,0
DA:448,0
DA:451,0
DA:465,0
DA:467,0
DA:473,0
DA:474,0
DA:478,0
DA:482,0
DA:483,0
DA:494,0
DA:496,0
DA:497,0
DA:504,0
DA:511,0
DA:513,0
DA:514,0
DA:516,0
DA:517,0
DA:521,0
DA:523,0
DA:525,0
DA:526,0
DA:529,0
DA:543,0
DA:548,0
DA:549,0
DA:559,0
DA:564,0
DA:565,0
LF:116
LH:0
BRDA:6,0,0,0
BRDA:6,0,1,0
BRDA:7,1,0,0
BRDA:7,1,1,0
BRDA:9,2,0,0
BRDA:9,2,1,0
BRDA:10,3,0,0
BRDA:10,3,1,0
BRDA:30,4,0,0
BRDA:45,5,0,0
BRDA:45,6,0,0
BRDA:45,6,1,0
BRDA:60,7,0,0
BRDA:75,8,0,0
BRDA:75,8,1,0
BRDA:77,9,0,0
BRDA:77,9,1,0
BRDA:110,10,0,0
BRDA:135,11,0,0
BRDA:142,12,0,0
BRDA:142,12,1,0
BRDA:157,13,0,0
BRDA:172,14,0,0
BRDA:172,15,0,0
BRDA:172,15,1,0
BRDA:187,16,0,0
BRDA:219,17,0,0
BRDA:246,18,0,0
BRDA:253,19,0,0
BRDA:253,19,1,0
BRDA:267,20,0,0
BRDA:280,21,0,0
BRDA:289,22,0,0
BRDA:289,22,1,0
BRDA:291,23,0,0
BRDA:299,24,0,0
BRDA:299,25,0,0
BRDA:299,25,1,0
BRDA:316,26,0,0
BRDA:316,27,0,0
BRDA:316,27,1,0
BRDA:338,28,0,0
BRDA:350,29,0,0
BRDA:357,30,0,0
BRDA:357,30,1,0
BRDA:373,31,0,0
BRDA:384,32,0,0
BRDA:393,33,0,0
BRDA:394,34,0,0
BRDA:394,34,1,0
BRDA:413,35,0,0
BRDA:413,36,0,0
BRDA:413,36,1,0
BRDA:435,37,0,0
BRDA:447,38,0,0
BRDA:454,39,0,0
BRDA:454,39,1,0
BRDA:473,40,0,0
BRDA:473,41,0,0
BRDA:473,41,1,0
BRDA:479,42,0,0
BRDA:479,42,1,0
BRDA:496,43,0,0
BRDA:511,44,0,0
BRDA:511,44,1,0
BRDA:525,45,0,0
BRDA:532,46,0,0
BRDA:532,46,1,0
BRDA:548,47,0,0
BRDA:564,48,0,0
BRF:70
BRH:0
end_of_record
TN:
SF:lib/supabase/auth.ts
FN:15,(anonymous_1)
FN:48,(anonymous_2)
FN:78,(anonymous_3)
FN:104,(anonymous_4)
FN:132,(anonymous_5)
FN:160,(anonymous_6)
FN:188,(anonymous_7)
FN:216,(anonymous_8)
FN:246,(anonymous_9)
FNF:9
FNH:0
FNDA:0,(anonymous_1)
FNDA:0,(anonymous_2)
FNDA:0,(anonymous_3)
FNDA:0,(anonymous_4)
FNDA:0,(anonymous_5)
FNDA:0,(anonymous_6)
FNDA:0,(anonymous_7)
FNDA:0,(anonymous_8)
FNDA:0,(anonymous_9)
DA:1,0
DA:2,0
DA:3,0
DA:8,0
DA:16,0
DA:17,0
DA:22,0
DA:23,0
DA:29,0
DA:31,0
DA:32,0
DA:35,0
DA:49,0
DA:50,0
DA:55,0
DA:56,0
DA:62,0
DA:64,0
DA:65,0
DA:68,0
DA:79,0
DA:80,0
DA:82,0
DA:83,0
DA:89,0
DA:90,0
DA:93,0
DA:105,0
DA:106,0
DA:108,0
DA:109,0
DA:115,0
DA:117,0
DA:118,0
DA:121,0
DA:133,0
DA:134,0
DA:136,0
DA:137,0
DA:143,0
DA:145,0
DA:146,0
DA:149,0
DA:161,0
DA:162,0
DA:166,0
DA:167,0
DA:173,0
DA:174,0
DA:177,0
DA:189,0
DA:190,0
DA:194,0
DA:195,0
DA:201,0
DA:202,0
DA:205,0
DA:217,0
DA:218,0
DA:223,0
DA:224,0
DA:230,0
DA:231,0
DA:234,0
DA:247,0
DA:248,0
DA:254,0
DA:255,0
DA:261,0
DA:263,0
DA:264,0
DA:267,0
LF:72
LH:0
BRDA:22,0,0,0
BRDA:31,1,0,0
BRDA:55,2,0,0
BRDA:64,3,0,0
BRDA:82,4,0,0
BRDA:89,5,0,0
BRDA:108,6,0,0
BRDA:117,7,0,0
BRDA:136,8,0,0
BRDA:145,9,0,0
BRDA:166,10,0,0
BRDA:173,11,0,0
BRDA:194,12,0,0
BRDA:201,13,0,0
BRDA:223,14,0,0
BRDA:230,15,0,0
BRDA:254,16,0,0
BRDA:263,17,0,0
BRF:18
BRH:0
end_of_record
TN:
SF:lib/supabase/client.ts
FNF:0
FNH:0
DA:1,0
DA:4,0
DA:5,0
DA:8,0
LF:4
LH:0
BRDA:4,0,0,0
BRDA:4,0,1,0
BRDA:5,1,0,0
BRDA:5,1,1,0
BRF:4
BRH:0
end_of_record
TN:
SF:lib/supabase/server.ts
FN:16,(anonymous_3)
FNF:1
FNH:0
FNDA:0,(anonymous_3)
DA:1,0
DA:2,0
DA:5,0
DA:6,0
DA:9,0
DA:16,0
DA:17,0
DA:19,0
LF:8
LH:0
BRDA:5,0,0,0
BRDA:5,0,1,0
BRDA:6,1,0,0
BRDA:6,1,1,0
BRF:4
BRH:0
end_of_record
TN:
SF:lib/utils/cache.ts
FN:27,(anonymous_1)
FN:39,(anonymous_2)
FN:61,(anonymous_3)
FN:83,(anonymous_4)
FN:104,(anonymous_5)
FN:111,(anonymous_6)
FN:119,(anonymous_7)
FN:127,(anonymous_8)
FN:145,(anonymous_9)
FNF:9
FNH:0
FNDA:0,(anonymous_1)
FNDA:0,(anonymous_2)
FNDA:0,(anonymous_3)
FNDA:0,(anonymous_4)
FNDA:0,(anonymous_5)
FNDA:0,(anonymous_6)
FNDA:0,(anonymous_7)
FNDA:0,(anonymous_8)
FNDA:0,(anonymous_9)
DA:18,0
DA:28,0
DA:29,0
DA:30,0
DA:41,0
DA:44,0
DA:45,0
DA:46,0
DA:50,0
DA:53,0
DA:62,0
DA:65,0
DA:66,0
DA:70,0
DA:71,0
DA:72,0
DA:75,0
DA:84,0
DA:86,0
DA:87,0
DA:91,0
DA:92,0
DA:93,0
DA:96,0
DA:105,0
DA:112,0
DA:120,0
DA:121,0
DA:128,0
DA:130,0
DA:131,0
DA:132,0
DA:147,0
DA:149,0
DA:150,0
DA:154,0
DA:157,0
DA:159,0
LF:38
LH:0
BRDA:27,0,0,0
BRDA:29,1,0,0
BRDA:29,1,1,0
BRDA:30,2,0,0
BRDA:30,2,1,0
BRDA:44,3,0,0
BRDA:50,4,0,0
BRDA:50,4,1,0
BRDA:65,5,0,0
BRDA:70,6,0,0
BRDA:86,7,0,0
BRDA:91,8,0,0
BRDA:131,9,0,0
BRDA:149,10,0,0
BRF:14
BRH:0
end_of_record
TN:
SF:lib/utils/html-parser.ts
FN:17,parseMarketplaceSearchResults
FN:31,(anonymous_9)
FN:92,parseMarketplaceListingDetails
FN:106,(anonymous_11)
FN:113,(anonymous_12)
FN:162,extractSellerInfo
FN:195,extractListingIdFromUrl
FN:219,extractPriceAndCurrency
FN:249,currencySymbolToCode
FNF:9
FNH:0
FNDA:0,parseMarketplaceSearchResults
FNDA:0,(anonymous_9)
FNDA:0,parseMarketplaceListingDetails
FNDA:0,(anonymous_11)
FNDA:0,(anonymous_12)
FNDA:0,extractSellerInfo
FNDA:0,extractListingIdFromUrl
FNDA:0,extractPriceAndCurrency
FNDA:0,currencySymbolToCode
DA:1,0
DA:17,0
DA:18,0
DA:19,0
DA:20,0
DA:24,0
DA:26,0
DA:27,0
DA:28,0
DA:31,0
DA:32,0
DA:33,0
DA:36,0
DA:37,0
DA:38,0
DA:40,0
DA:41,0
DA:45,0
DA:46,0
DA:49,0
DA:50,0
DA:51,0
DA:54,0
DA:55,0
DA:58,0
DA:59,0
DA:62,0
DA:72,0
DA:74,0
DA:79,0
DA:81,0
DA:82,0
DA:92,0
DA:93,0
DA:94,0
DA:97,0
DA:98,0
DA:101,0
DA:102,0
DA:103,0
DA:106,0
DA:107,0
DA:108,0
DA:110,0
DA:113,0
DA:114,0
DA:116,0
DA:119,0
DA:120,0
DA:123,0
DA:124,0
DA:127,0
DA:128,0
DA:131,0
DA:134,0
DA:135,0
DA:137,0
DA:152,0
DA:153,0
DA:163,0
DA:165,0
DA:166,0
DA:167,0
DA:170,0
DA:171,0
DA:174,0
DA:175,0
DA:176,0
DA:178,0
DA:185,0
DA:186,0
DA:195,0
DA:196,0
DA:200,0
DA:201,0
DA:203,0
DA:204,0
DA:207,0
DA:209,0
DA:210,0
DA:219,0
DA:220,0
DA:221,0
DA:222,0
DA:226,0
DA:227,0
DA:230,0
DA:231,0
DA:233,0
DA:234,0
DA:237,0
DA:239,0
DA:240,0
DA:250,0
DA:262,0
LF:95
LH:0
BRDA:26,0,0,0
BRDA:38,1,0,0
BRDA:38,1,1,0
BRDA:40,2,0,0
BRDA:40,3,0,0
BRDA:40,3,1,0
BRDA:59,4,0,0
BRDA:59,4,1,0
BRDA:64,5,0,0
BRDA:64,5,1,0
BRDA:68,6,0,0
BRDA:68,6,1,0
BRDA:108,7,0,0
BRDA:108,7,1,0
BRDA:139,8,0,0
BRDA:139,8,1,0
BRDA:182,9,0,0
BRDA:182,9,1,0
BRDA:182,10,0,0
BRDA:182,10,1,0
BRDA:203,11,0,0
BRDA:203,12,0,0
BRDA:203,12,1,0
BRDA:221,13,0,0
BRDA:227,14,0,0
BRDA:227,14,1,0
BRDA:233,15,0,0
BRDA:262,16,0,0
BRDA:262,16,1,0
BRF:29
BRH:0
end_of_record
TN:
SF:lib/utils/rate-limiter.ts
FN:38,(anonymous_3)
FN:48,(anonymous_4)
FN:69,(anonymous_5)
FN:79,(anonymous_6)
FN:93,(anonymous_7)
FN:105,(anonymous_8)
FN:113,(anonymous_9)
FN:136,(anonymous_10)
FN:144,(anonymous_11)
FN:150,(anonymous_12)
FN:158,(anonymous_13)
FN:167,(anonymous_14)
FN:180,(anonymous_15)
FN:192,(anonymous_16)
FN:200,(anonymous_17)
FN:209,(anonymous_18)
FNF:16
FNH:0
FNDA:0,(anonymous_3)
FNDA:0,(anonymous_4)
FNDA:0,(anonymous_5)
FNDA:0,(anonymous_6)
FNDA:0,(anonymous_7)
FNDA:0,(anonymous_8)
FNDA:0,(anonymous_9)
FNDA:0,(anonymous_10)
FNDA:0,(anonymous_11)
FNDA:0,(anonymous_12)
FNDA:0,(anonymous_13)
FNDA:0,(anonymous_14)
FNDA:0,(anonymous_15)
FNDA:0,(anonymous_16)
FNDA:0,(anonymous_17)
FNDA:0,(anonymous_18)
DA:28,0
DA:39,0
DA:40,0
DA:41,0
DA:42,0
DA:49,0
DA:50,0
DA:52,0
DA:53,0
DA:57,0
DA:60,0
DA:61,0
DA:70,0
DA:71,0
DA:80,0
DA:81,0
DA:84,0
DA:85,0
DA:95,0
DA:96,0
DA:100,0
DA:101,0
DA:102,0
DA:105,0
DA:106,0
DA:114,0
DA:115,0
DA:127,0
DA:130,0
DA:137,0
DA:138,0
DA:145,0
DA:146,0
DA:149,0
DA:150,0
DA:159,0
DA:160,0
DA:168,0
DA:169,0
DA:172,0
DA:173,0
DA:182,0
DA:183,0
DA:187,0
DA:188,0
DA:189,0
DA:192,0
DA:193,0
DA:201,0
DA:202,0
DA:210,0
DA:211,0
DA:214,0
DA:215,0
DA:216,0
LF:55
LH:0
BRDA:40,0,0,0
BRDA:40,0,1,0
BRDA:52,1,0,0
BRDA:69,2,0,0
BRDA:79,3,0,0
BRDA:80,4,0,0
BRDA:93,5,0,0
BRDA:95,6,0,0
BRDA:168,7,0,0
BRDA:182,8,0,0
BRDA:210,9,0,0
BRF:11
BRH:0
end_of_record
